2024-08-03 20:55:41.130 [http-nio-8093-exec-5] ERROR o.a.c.c.C.[.[localhost].[/].[dispatcherServlet] - Servlet.service() for servlet [dispatcherServlet] in context with path [] threw exception [Request processing failed; nested exception is java.lang.RuntimeException: org.action.exception.SystemException: 不允许重复发送通知
org.action.exception.SystemException: 不允许重复发送通知
	at org.action.notice.kdcade.NoticeKdCadeServiceImpl.generateAndSendSmsCaptcha(NoticeKdCadeServiceImpl.java:53)
	at org.action.notice.kdcade.NoticeKdCadeServiceImplDubboWrap0.invokeMethod(NoticeKdCadeServiceImplDubboWrap0.java)
	at org.apache.dubbo.rpc.proxy.javassist.JavassistProxyFactory$1.doInvoke(JavassistProxyFactory.java:89)
	at org.apache.dubbo.rpc.proxy.AbstractProxyInvoker.invoke(AbstractProxyInvoker.java:100)
	at org.apache.dubbo.config.invoker.DelegateProviderMetaDataInvoker.invoke(DelegateProviderMetaDataInvoker.java:55)
	at org.apache.dubbo.rpc.protocol.InvokerWrapper.invoke(InvokerWrapper.java:56)
	at org.apache.dubbo.rpc.filter.ClassLoaderCallbackFilter.invoke(ClassLoaderCallbackFilter.java:38)
	at org.apache.dubbo.rpc.cluster.filter.FilterChainBuilder$CopyOfFilterChainNode.invoke(FilterChainBuilder.java:349)
	at org.apache.dubbo.rpc.protocol.dubbo.filter.TraceFilter.invoke(TraceFilter.java:80)
	at org.apache.dubbo.rpc.cluster.filter.FilterChainBuilder$CopyOfFilterChainNode.invoke(FilterChainBuilder.java:349)
	at org.apache.dubbo.rpc.filter.TimeoutFilter.invoke(TimeoutFilter.java:45)
	at org.apache.dubbo.rpc.cluster.filter.FilterChainBuilder$CopyOfFilterChainNode.invoke(FilterChainBuilder.java:349)
	at org.apache.dubbo.monitor.support.MonitorFilter.invoke(MonitorFilter.java:108)
	at org.apache.dubbo.rpc.cluster.filter.FilterChainBuilder$CopyOfFilterChainNode.invoke(FilterChainBuilder.java:349)
	at org.apache.dubbo.rpc.filter.ExceptionFilter.invoke(ExceptionFilter.java:54)
	at org.apache.dubbo.rpc.cluster.filter.FilterChainBuilder$CopyOfFilterChainNode.invoke(FilterChainBuilder.java:349)
	at org.apache.dubbo.rpc.filter.AccessLogFilter.invoke(AccessLogFilter.java:120)
	at org.apache.dubbo.rpc.cluster.filter.FilterChainBuilder$CopyOfFilterChainNode.invoke(FilterChainBuilder.java:349)
	at org.apache.dubbo.rpc.filter.GenericFilter.invoke(GenericFilter.java:222)
	at org.apache.dubbo.rpc.cluster.filter.FilterChainBuilder$CopyOfFilterChainNode.invoke(FilterChainBuilder.java:349)
	at org.apache.dubbo.rpc.filter.ClassLoaderFilter.invoke(ClassLoaderFilter.java:54)
	at org.apache.dubbo.rpc.cluster.filter.FilterChainBuilder$CopyOfFilterChainNode.invoke(FilterChainBuilder.java:349)
	at org.apache.dubbo.rpc.filter.EchoFilter.invoke(EchoFilter.java:41)
	at org.apache.dubbo.rpc.cluster.filter.FilterChainBuilder$CopyOfFilterChainNode.invoke(FilterChainBuilder.java:349)
	at org.apache.dubbo.metrics.filter.MetricsFilter.invoke(MetricsFilter.java:86)
	at org.apache.dubbo.metrics.filter.MetricsProviderFilter.invoke(MetricsProviderFilter.java:37)
	at org.apache.dubbo.rpc.cluster.filter.FilterChainBuilder$CopyOfFilterChainNode.invoke(FilterChainBuilder.java:349)
	at org.apache.dubbo.rpc.filter.ProfilerServerFilter.invoke(ProfilerServerFilter.java:66)
	at org.apache.dubbo.rpc.cluster.filter.FilterChainBuilder$CopyOfFilterChainNode.invoke(FilterChainBuilder.java:349)
	at org.apache.dubbo.rpc.filter.ContextFilter.invoke(ContextFilter.java:145)
	at org.apache.dubbo.rpc.cluster.filter.FilterChainBuilder$CopyOfFilterChainNode.invoke(FilterChainBuilder.java:349)
	at org.apache.dubbo.rpc.cluster.filter.FilterChainBuilder$CallbackRegistrationInvoker.invoke(FilterChainBuilder.java:197)
	at org.apache.dubbo.rpc.protocol.dubbo.DubboProtocol$1.reply(DubboProtocol.java:167)
	at org.apache.dubbo.remoting.exchange.support.header.HeaderExchangeHandler.handleRequest(HeaderExchangeHandler.java:110)
	at org.apache.dubbo.remoting.exchange.support.header.HeaderExchangeHandler.received(HeaderExchangeHandler.java:205)
	at org.apache.dubbo.remoting.transport.DecodeHandler.received(DecodeHandler.java:52)
	at org.apache.dubbo.remoting.transport.dispatcher.ChannelEventRunnable.run(ChannelEventRunnable.java:64)
	at java.util.concurrent.ThreadPoolExecutor.runWorker(ThreadPoolExecutor.java:1149)
	at java.util.concurrent.ThreadPoolExecutor$Worker.run(ThreadPoolExecutor.java:624)
	at org.apache.dubbo.common.threadlocal.InternalRunnable.run(InternalRunnable.java:39)
	at java.lang.Thread.run(Thread.java:748)
] with root cause
java.lang.RuntimeException: org.action.exception.SystemException: 不允许重复发送通知
org.action.exception.SystemException: 不允许重复发送通知
	at org.action.notice.kdcade.NoticeKdCadeServiceImpl.generateAndSendSmsCaptcha(NoticeKdCadeServiceImpl.java:53)
	at org.action.notice.kdcade.NoticeKdCadeServiceImplDubboWrap0.invokeMethod(NoticeKdCadeServiceImplDubboWrap0.java)
	at org.apache.dubbo.rpc.proxy.javassist.JavassistProxyFactory$1.doInvoke(JavassistProxyFactory.java:89)
	at org.apache.dubbo.rpc.proxy.AbstractProxyInvoker.invoke(AbstractProxyInvoker.java:100)
	at org.apache.dubbo.config.invoker.DelegateProviderMetaDataInvoker.invoke(DelegateProviderMetaDataInvoker.java:55)
	at org.apache.dubbo.rpc.protocol.InvokerWrapper.invoke(InvokerWrapper.java:56)
	at org.apache.dubbo.rpc.filter.ClassLoaderCallbackFilter.invoke(ClassLoaderCallbackFilter.java:38)
	at org.apache.dubbo.rpc.cluster.filter.FilterChainBuilder$CopyOfFilterChainNode.invoke(FilterChainBuilder.java:349)
	at org.apache.dubbo.rpc.protocol.dubbo.filter.TraceFilter.invoke(TraceFilter.java:80)
	at org.apache.dubbo.rpc.cluster.filter.FilterChainBuilder$CopyOfFilterChainNode.invoke(FilterChainBuilder.java:349)
	at org.apache.dubbo.rpc.filter.TimeoutFilter.invoke(TimeoutFilter.java:45)
	at org.apache.dubbo.rpc.cluster.filter.FilterChainBuilder$CopyOfFilterChainNode.invoke(FilterChainBuilder.java:349)
	at org.apache.dubbo.monitor.support.MonitorFilter.invoke(MonitorFilter.java:108)
	at org.apache.dubbo.rpc.cluster.filter.FilterChainBuilder$CopyOfFilterChainNode.invoke(FilterChainBuilder.java:349)
	at org.apache.dubbo.rpc.filter.ExceptionFilter.invoke(ExceptionFilter.java:54)
	at org.apache.dubbo.rpc.cluster.filter.FilterChainBuilder$CopyOfFilterChainNode.invoke(FilterChainBuilder.java:349)
	at org.apache.dubbo.rpc.filter.AccessLogFilter.invoke(AccessLogFilter.java:120)
	at org.apache.dubbo.rpc.cluster.filter.FilterChainBuilder$CopyOfFilterChainNode.invoke(FilterChainBuilder.java:349)
	at org.apache.dubbo.rpc.filter.GenericFilter.invoke(GenericFilter.java:222)
	at org.apache.dubbo.rpc.cluster.filter.FilterChainBuilder$CopyOfFilterChainNode.invoke(FilterChainBuilder.java:349)
	at org.apache.dubbo.rpc.filter.ClassLoaderFilter.invoke(ClassLoaderFilter.java:54)
	at org.apache.dubbo.rpc.cluster.filter.FilterChainBuilder$CopyOfFilterChainNode.invoke(FilterChainBuilder.java:349)
	at org.apache.dubbo.rpc.filter.EchoFilter.invoke(EchoFilter.java:41)
	at org.apache.dubbo.rpc.cluster.filter.FilterChainBuilder$CopyOfFilterChainNode.invoke(FilterChainBuilder.java:349)
	at org.apache.dubbo.metrics.filter.MetricsFilter.invoke(MetricsFilter.java:86)
	at org.apache.dubbo.metrics.filter.MetricsProviderFilter.invoke(MetricsProviderFilter.java:37)
	at org.apache.dubbo.rpc.cluster.filter.FilterChainBuilder$CopyOfFilterChainNode.invoke(FilterChainBuilder.java:349)
	at org.apache.dubbo.rpc.filter.ProfilerServerFilter.invoke(ProfilerServerFilter.java:66)
	at org.apache.dubbo.rpc.cluster.filter.FilterChainBuilder$CopyOfFilterChainNode.invoke(FilterChainBuilder.java:349)
	at org.apache.dubbo.rpc.filter.ContextFilter.invoke(ContextFilter.java:145)
	at org.apache.dubbo.rpc.cluster.filter.FilterChainBuilder$CopyOfFilterChainNode.invoke(FilterChainBuilder.java:349)
	at org.apache.dubbo.rpc.cluster.filter.FilterChainBuilder$CallbackRegistrationInvoker.invoke(FilterChainBuilder.java:197)
	at org.apache.dubbo.rpc.protocol.dubbo.DubboProtocol$1.reply(DubboProtocol.java:167)
	at org.apache.dubbo.remoting.exchange.support.header.HeaderExchangeHandler.handleRequest(HeaderExchangeHandler.java:110)
	at org.apache.dubbo.remoting.exchange.support.header.HeaderExchangeHandler.received(HeaderExchangeHandler.java:205)
	at org.apache.dubbo.remoting.transport.DecodeHandler.received(DecodeHandler.java:52)
	at org.apache.dubbo.remoting.transport.dispatcher.ChannelEventRunnable.run(ChannelEventRunnable.java:64)
	at java.util.concurrent.ThreadPoolExecutor.runWorker(ThreadPoolExecutor.java:1149)
	at java.util.concurrent.ThreadPoolExecutor$Worker.run(ThreadPoolExecutor.java:624)
	at org.apache.dubbo.common.threadlocal.InternalRunnable.run(InternalRunnable.java:39)
	at java.lang.Thread.run(Thread.java:748)

	at org.apache.dubbo.rpc.filter.ExceptionFilter.onResponse(ExceptionFilter.java:112)
	at org.apache.dubbo.rpc.cluster.filter.FilterChainBuilder$CallbackRegistrationInvoker.lambda$invoke$1(FilterChainBuilder.java:221)
	at org.apache.dubbo.rpc.AsyncRpcResult.lambda$whenCompleteWithContext$0(AsyncRpcResult.java:253)
	at java.util.concurrent.CompletableFuture.uniWhenComplete(CompletableFuture.java:760)
	at java.util.concurrent.CompletableFuture.uniWhenCompleteStage(CompletableFuture.java:778)
	at java.util.concurrent.CompletableFuture.whenComplete(CompletableFuture.java:2140)
	at org.apache.dubbo.rpc.AsyncRpcResult.whenCompleteWithContext(AsyncRpcResult.java:249)
	at org.apache.dubbo.rpc.cluster.filter.FilterChainBuilder$CallbackRegistrationInvoker.invoke(FilterChainBuilder.java:198)
	at org.apache.dubbo.rpc.protocol.dubbo.DubboProtocol$1.reply(DubboProtocol.java:167)
	at org.apache.dubbo.remoting.exchange.support.header.HeaderExchangeHandler.handleRequest(HeaderExchangeHandler.java:110)
	at org.apache.dubbo.remoting.exchange.support.header.HeaderExchangeHandler.received(HeaderExchangeHandler.java:205)
	at org.apache.dubbo.remoting.transport.DecodeHandler.received(DecodeHandler.java:52)
	at org.apache.dubbo.remoting.transport.dispatcher.ChannelEventRunnable.run(ChannelEventRunnable.java:64)
	at java.util.concurrent.ThreadPoolExecutor.runWorker(ThreadPoolExecutor.java:1149)
	at java.util.concurrent.ThreadPoolExecutor$Worker.run(ThreadPoolExecutor.java:624)
	at org.apache.dubbo.common.threadlocal.InternalRunnable.run(InternalRunnable.java:39)
	at java.lang.Thread.run(Thread.java:748)
2024-08-03 21:37:51.989 [http-nio-8093-exec-2] ERROR o.a.c.c.C.[.[localhost].[/].[dispatcherServlet] - Servlet.service() for servlet [dispatcherServlet] in context with path [] threw exception [Request processing failed; nested exception is java.lang.RuntimeException: org.action.exception.SystemException: 不允许重复发送通知
org.action.exception.SystemException: 不允许重复发送通知
	at org.action.notice.kdcade.NoticeKdCadeServiceImpl.generateAndSendSmsCaptcha(NoticeKdCadeServiceImpl.java:53)
	at org.action.notice.kdcade.NoticeKdCadeServiceImplDubboWrap0.invokeMethod(NoticeKdCadeServiceImplDubboWrap0.java)
	at org.apache.dubbo.rpc.proxy.javassist.JavassistProxyFactory$1.doInvoke(JavassistProxyFactory.java:89)
	at org.apache.dubbo.rpc.proxy.AbstractProxyInvoker.invoke(AbstractProxyInvoker.java:100)
	at org.apache.dubbo.config.invoker.DelegateProviderMetaDataInvoker.invoke(DelegateProviderMetaDataInvoker.java:55)
	at org.apache.dubbo.rpc.protocol.InvokerWrapper.invoke(InvokerWrapper.java:56)
	at org.apache.dubbo.rpc.filter.ClassLoaderCallbackFilter.invoke(ClassLoaderCallbackFilter.java:38)
	at org.apache.dubbo.rpc.cluster.filter.FilterChainBuilder$CopyOfFilterChainNode.invoke(FilterChainBuilder.java:349)
	at org.apache.dubbo.rpc.protocol.dubbo.filter.TraceFilter.invoke(TraceFilter.java:80)
	at org.apache.dubbo.rpc.cluster.filter.FilterChainBuilder$CopyOfFilterChainNode.invoke(FilterChainBuilder.java:349)
	at org.apache.dubbo.rpc.filter.TimeoutFilter.invoke(TimeoutFilter.java:45)
	at org.apache.dubbo.rpc.cluster.filter.FilterChainBuilder$CopyOfFilterChainNode.invoke(FilterChainBuilder.java:349)
	at org.apache.dubbo.monitor.support.MonitorFilter.invoke(MonitorFilter.java:108)
	at org.apache.dubbo.rpc.cluster.filter.FilterChainBuilder$CopyOfFilterChainNode.invoke(FilterChainBuilder.java:349)
	at org.apache.dubbo.rpc.filter.ExceptionFilter.invoke(ExceptionFilter.java:54)
	at org.apache.dubbo.rpc.cluster.filter.FilterChainBuilder$CopyOfFilterChainNode.invoke(FilterChainBuilder.java:349)
	at org.apache.dubbo.rpc.filter.AccessLogFilter.invoke(AccessLogFilter.java:120)
	at org.apache.dubbo.rpc.cluster.filter.FilterChainBuilder$CopyOfFilterChainNode.invoke(FilterChainBuilder.java:349)
	at org.apache.dubbo.rpc.filter.GenericFilter.invoke(GenericFilter.java:222)
	at org.apache.dubbo.rpc.cluster.filter.FilterChainBuilder$CopyOfFilterChainNode.invoke(FilterChainBuilder.java:349)
	at org.apache.dubbo.rpc.filter.ClassLoaderFilter.invoke(ClassLoaderFilter.java:54)
	at org.apache.dubbo.rpc.cluster.filter.FilterChainBuilder$CopyOfFilterChainNode.invoke(FilterChainBuilder.java:349)
	at org.apache.dubbo.rpc.filter.EchoFilter.invoke(EchoFilter.java:41)
	at org.apache.dubbo.rpc.cluster.filter.FilterChainBuilder$CopyOfFilterChainNode.invoke(FilterChainBuilder.java:349)
	at org.apache.dubbo.metrics.filter.MetricsFilter.invoke(MetricsFilter.java:86)
	at org.apache.dubbo.metrics.filter.MetricsProviderFilter.invoke(MetricsProviderFilter.java:37)
	at org.apache.dubbo.rpc.cluster.filter.FilterChainBuilder$CopyOfFilterChainNode.invoke(FilterChainBuilder.java:349)
	at org.apache.dubbo.rpc.filter.ProfilerServerFilter.invoke(ProfilerServerFilter.java:66)
	at org.apache.dubbo.rpc.cluster.filter.FilterChainBuilder$CopyOfFilterChainNode.invoke(FilterChainBuilder.java:349)
	at org.apache.dubbo.rpc.filter.ContextFilter.invoke(ContextFilter.java:145)
	at org.apache.dubbo.rpc.cluster.filter.FilterChainBuilder$CopyOfFilterChainNode.invoke(FilterChainBuilder.java:349)
	at org.apache.dubbo.rpc.cluster.filter.FilterChainBuilder$CallbackRegistrationInvoker.invoke(FilterChainBuilder.java:197)
	at org.apache.dubbo.rpc.protocol.dubbo.DubboProtocol$1.reply(DubboProtocol.java:167)
	at org.apache.dubbo.remoting.exchange.support.header.HeaderExchangeHandler.handleRequest(HeaderExchangeHandler.java:110)
	at org.apache.dubbo.remoting.exchange.support.header.HeaderExchangeHandler.received(HeaderExchangeHandler.java:205)
	at org.apache.dubbo.remoting.transport.DecodeHandler.received(DecodeHandler.java:52)
	at org.apache.dubbo.remoting.transport.dispatcher.ChannelEventRunnable.run(ChannelEventRunnable.java:64)
	at java.util.concurrent.ThreadPoolExecutor.runWorker(ThreadPoolExecutor.java:1149)
	at java.util.concurrent.ThreadPoolExecutor$Worker.run(ThreadPoolExecutor.java:624)
	at org.apache.dubbo.common.threadlocal.InternalRunnable.run(InternalRunnable.java:39)
	at java.lang.Thread.run(Thread.java:748)
] with root cause
java.lang.RuntimeException: org.action.exception.SystemException: 不允许重复发送通知
org.action.exception.SystemException: 不允许重复发送通知
	at org.action.notice.kdcade.NoticeKdCadeServiceImpl.generateAndSendSmsCaptcha(NoticeKdCadeServiceImpl.java:53)
	at org.action.notice.kdcade.NoticeKdCadeServiceImplDubboWrap0.invokeMethod(NoticeKdCadeServiceImplDubboWrap0.java)
	at org.apache.dubbo.rpc.proxy.javassist.JavassistProxyFactory$1.doInvoke(JavassistProxyFactory.java:89)
	at org.apache.dubbo.rpc.proxy.AbstractProxyInvoker.invoke(AbstractProxyInvoker.java:100)
	at org.apache.dubbo.config.invoker.DelegateProviderMetaDataInvoker.invoke(DelegateProviderMetaDataInvoker.java:55)
	at org.apache.dubbo.rpc.protocol.InvokerWrapper.invoke(InvokerWrapper.java:56)
	at org.apache.dubbo.rpc.filter.ClassLoaderCallbackFilter.invoke(ClassLoaderCallbackFilter.java:38)
	at org.apache.dubbo.rpc.cluster.filter.FilterChainBuilder$CopyOfFilterChainNode.invoke(FilterChainBuilder.java:349)
	at org.apache.dubbo.rpc.protocol.dubbo.filter.TraceFilter.invoke(TraceFilter.java:80)
	at org.apache.dubbo.rpc.cluster.filter.FilterChainBuilder$CopyOfFilterChainNode.invoke(FilterChainBuilder.java:349)
	at org.apache.dubbo.rpc.filter.TimeoutFilter.invoke(TimeoutFilter.java:45)
	at org.apache.dubbo.rpc.cluster.filter.FilterChainBuilder$CopyOfFilterChainNode.invoke(FilterChainBuilder.java:349)
	at org.apache.dubbo.monitor.support.MonitorFilter.invoke(MonitorFilter.java:108)
	at org.apache.dubbo.rpc.cluster.filter.FilterChainBuilder$CopyOfFilterChainNode.invoke(FilterChainBuilder.java:349)
	at org.apache.dubbo.rpc.filter.ExceptionFilter.invoke(ExceptionFilter.java:54)
	at org.apache.dubbo.rpc.cluster.filter.FilterChainBuilder$CopyOfFilterChainNode.invoke(FilterChainBuilder.java:349)
	at org.apache.dubbo.rpc.filter.AccessLogFilter.invoke(AccessLogFilter.java:120)
	at org.apache.dubbo.rpc.cluster.filter.FilterChainBuilder$CopyOfFilterChainNode.invoke(FilterChainBuilder.java:349)
	at org.apache.dubbo.rpc.filter.GenericFilter.invoke(GenericFilter.java:222)
	at org.apache.dubbo.rpc.cluster.filter.FilterChainBuilder$CopyOfFilterChainNode.invoke(FilterChainBuilder.java:349)
	at org.apache.dubbo.rpc.filter.ClassLoaderFilter.invoke(ClassLoaderFilter.java:54)
	at org.apache.dubbo.rpc.cluster.filter.FilterChainBuilder$CopyOfFilterChainNode.invoke(FilterChainBuilder.java:349)
	at org.apache.dubbo.rpc.filter.EchoFilter.invoke(EchoFilter.java:41)
	at org.apache.dubbo.rpc.cluster.filter.FilterChainBuilder$CopyOfFilterChainNode.invoke(FilterChainBuilder.java:349)
	at org.apache.dubbo.metrics.filter.MetricsFilter.invoke(MetricsFilter.java:86)
	at org.apache.dubbo.metrics.filter.MetricsProviderFilter.invoke(MetricsProviderFilter.java:37)
	at org.apache.dubbo.rpc.cluster.filter.FilterChainBuilder$CopyOfFilterChainNode.invoke(FilterChainBuilder.java:349)
	at org.apache.dubbo.rpc.filter.ProfilerServerFilter.invoke(ProfilerServerFilter.java:66)
	at org.apache.dubbo.rpc.cluster.filter.FilterChainBuilder$CopyOfFilterChainNode.invoke(FilterChainBuilder.java:349)
	at org.apache.dubbo.rpc.filter.ContextFilter.invoke(ContextFilter.java:145)
	at org.apache.dubbo.rpc.cluster.filter.FilterChainBuilder$CopyOfFilterChainNode.invoke(FilterChainBuilder.java:349)
	at org.apache.dubbo.rpc.cluster.filter.FilterChainBuilder$CallbackRegistrationInvoker.invoke(FilterChainBuilder.java:197)
	at org.apache.dubbo.rpc.protocol.dubbo.DubboProtocol$1.reply(DubboProtocol.java:167)
	at org.apache.dubbo.remoting.exchange.support.header.HeaderExchangeHandler.handleRequest(HeaderExchangeHandler.java:110)
	at org.apache.dubbo.remoting.exchange.support.header.HeaderExchangeHandler.received(HeaderExchangeHandler.java:205)
	at org.apache.dubbo.remoting.transport.DecodeHandler.received(DecodeHandler.java:52)
	at org.apache.dubbo.remoting.transport.dispatcher.ChannelEventRunnable.run(ChannelEventRunnable.java:64)
	at java.util.concurrent.ThreadPoolExecutor.runWorker(ThreadPoolExecutor.java:1149)
	at java.util.concurrent.ThreadPoolExecutor$Worker.run(ThreadPoolExecutor.java:624)
	at org.apache.dubbo.common.threadlocal.InternalRunnable.run(InternalRunnable.java:39)
	at java.lang.Thread.run(Thread.java:748)

	at org.apache.dubbo.rpc.filter.ExceptionFilter.onResponse(ExceptionFilter.java:112)
	at org.apache.dubbo.rpc.cluster.filter.FilterChainBuilder$CallbackRegistrationInvoker.lambda$invoke$1(FilterChainBuilder.java:221)
	at org.apache.dubbo.rpc.AsyncRpcResult.lambda$whenCompleteWithContext$0(AsyncRpcResult.java:253)
	at java.util.concurrent.CompletableFuture.uniWhenComplete(CompletableFuture.java:760)
	at java.util.concurrent.CompletableFuture.uniWhenCompleteStage(CompletableFuture.java:778)
	at java.util.concurrent.CompletableFuture.whenComplete(CompletableFuture.java:2140)
	at org.apache.dubbo.rpc.AsyncRpcResult.whenCompleteWithContext(AsyncRpcResult.java:249)
	at org.apache.dubbo.rpc.cluster.filter.FilterChainBuilder$CallbackRegistrationInvoker.invoke(FilterChainBuilder.java:198)
	at org.apache.dubbo.rpc.protocol.dubbo.DubboProtocol$1.reply(DubboProtocol.java:167)
	at org.apache.dubbo.remoting.exchange.support.header.HeaderExchangeHandler.handleRequest(HeaderExchangeHandler.java:110)
	at org.apache.dubbo.remoting.exchange.support.header.HeaderExchangeHandler.received(HeaderExchangeHandler.java:205)
	at org.apache.dubbo.remoting.transport.DecodeHandler.received(DecodeHandler.java:52)
	at org.apache.dubbo.remoting.transport.dispatcher.ChannelEventRunnable.run(ChannelEventRunnable.java:64)
	at java.util.concurrent.ThreadPoolExecutor.runWorker(ThreadPoolExecutor.java:1149)
	at java.util.concurrent.ThreadPoolExecutor$Worker.run(ThreadPoolExecutor.java:624)
	at org.apache.dubbo.common.threadlocal.InternalRunnable.run(InternalRunnable.java:39)
	at java.lang.Thread.run(Thread.java:748)
2024-08-03 21:38:40.174 [http-nio-8093-exec-4] ERROR o.a.c.c.C.[.[localhost].[/].[dispatcherServlet] - Servlet.service() for servlet [dispatcherServlet] in context with path [] threw exception [Request processing failed; nested exception is org.apache.dubbo.rpc.RpcException: Failed to invoke the method generateAndSendSmsCaptcha in the service org.action.notice.service.NoticeKdCadeService. Tried 3 times of the providers [192.168.124.8:20880] (1/1) from the registry 127.0.0.1:8848 on the consumer 192.168.124.8 using the dubbo version 3.2.10. Last error is: Invoke remote method timeout. method: generateAndSendSmsCaptcha, provider: DefaultServiceInstance{serviceName='kd-notice', host='192.168.124.8', port=20880, enabled=true, healthy=true, metadata={dubbo.metadata-service.url-params={"prefer.serialization":"fastjson2,hessian2","version":"1.0.0","dubbo":"2.0.2","release":"3.2.10","side":"provider","ipv6":"2408:8207:7890:8551:ed3a:9fd:88d2:973c","port":"20880","protocol":"dubbo"}, dubbo.endpoints=[{"port":20880,"protocol":"dubbo"}], dubbo.metadata.revision=fb3de62e2b6cd9e33f5b3abe517fd76f, dubbo.metadata.storage-type=local, ipv6=2408:8207:7890:8551:ed3a:9fd:88d2:973c, timestamp=1722692191305}}, service{name='org.action.notice.service.NoticeKdCadeService',group='null',version='1.0.0',protocol='dubbo',port='20880',params={side=provider, release=3.2.10, methods=generateAndSendSmsCaptcha, deprecated=false, dubbo=2.0.2, interface=org.action.notice.service.NoticeKdCadeService, service-name-mapping=true, version=1.0.0, generic=false, revision=1.0.0, serialize.check.status=WARN, application=kd-notice, prefer.serialization=fastjson2,hessian2, dynamic=true},}, cause: Timeout after 3000ms waiting for result.] with root cause
java.util.concurrent.TimeoutException: Timeout after 3000ms waiting for result.
	at org.apache.dubbo.rpc.AsyncRpcResult.get(AsyncRpcResult.java:222)
	at org.apache.dubbo.rpc.protocol.AbstractInvoker.waitForResultIfSync(AbstractInvoker.java:292)
	at org.apache.dubbo.rpc.protocol.AbstractInvoker.invoke(AbstractInvoker.java:194)
	at org.apache.dubbo.rpc.listener.ListenerInvokerWrapper.invoke(ListenerInvokerWrapper.java:71)
	at org.apache.dubbo.rpc.filter.RpcExceptionFilter.invoke(RpcExceptionFilter.java:40)
	at org.apache.dubbo.rpc.cluster.filter.FilterChainBuilder$CopyOfFilterChainNode.invoke(FilterChainBuilder.java:349)
	at org.apache.dubbo.rpc.cluster.filter.FilterChainBuilder$CallbackRegistrationInvoker.invoke(FilterChainBuilder.java:197)
	at org.apache.dubbo.rpc.protocol.ReferenceCountInvokerWrapper.invoke(ReferenceCountInvokerWrapper.java:106)
	at org.apache.dubbo.rpc.cluster.support.AbstractClusterInvoker.invokeWithContext(AbstractClusterInvoker.java:412)
	at org.apache.dubbo.rpc.cluster.support.FailoverClusterInvoker.doInvoke(FailoverClusterInvoker.java:82)
	at org.apache.dubbo.rpc.cluster.support.AbstractClusterInvoker.invoke(AbstractClusterInvoker.java:366)
	at org.apache.dubbo.rpc.cluster.router.RouterSnapshotFilter.invoke(RouterSnapshotFilter.java:46)
	at org.apache.dubbo.rpc.cluster.filter.FilterChainBuilder$CopyOfFilterChainNode.invoke(FilterChainBuilder.java:349)
	at org.apache.dubbo.monitor.support.MonitorFilter.invoke(MonitorFilter.java:108)
	at org.apache.dubbo.rpc.cluster.filter.FilterChainBuilder$CopyOfFilterChainNode.invoke(FilterChainBuilder.java:349)
	at org.apache.dubbo.rpc.cluster.filter.support.MetricsClusterFilter.invoke(MetricsClusterFilter.java:57)
	at org.apache.dubbo.rpc.cluster.filter.FilterChainBuilder$CopyOfFilterChainNode.invoke(FilterChainBuilder.java:349)
	at org.apache.dubbo.rpc.protocol.dubbo.filter.FutureFilter.invoke(FutureFilter.java:52)
	at org.apache.dubbo.rpc.cluster.filter.FilterChainBuilder$CopyOfFilterChainNode.invoke(FilterChainBuilder.java:349)
	at org.apache.dubbo.spring.security.filter.ContextHolderParametersSelectedTransferFilter.invoke(ContextHolderParametersSelectedTransferFilter.java:40)
	at org.apache.dubbo.rpc.cluster.filter.FilterChainBuilder$CopyOfFilterChainNode.invoke(FilterChainBuilder.java:349)
	at org.apache.dubbo.metrics.filter.MetricsFilter.invoke(MetricsFilter.java:86)
	at org.apache.dubbo.rpc.cluster.filter.support.MetricsConsumerFilter.invoke(MetricsConsumerFilter.java:38)
	at org.apache.dubbo.rpc.cluster.filter.FilterChainBuilder$CopyOfFilterChainNode.invoke(FilterChainBuilder.java:349)
	at org.apache.dubbo.rpc.cluster.filter.support.ConsumerClassLoaderFilter.invoke(ConsumerClassLoaderFilter.java:40)
	at org.apache.dubbo.rpc.cluster.filter.FilterChainBuilder$CopyOfFilterChainNode.invoke(FilterChainBuilder.java:349)
	at org.apache.dubbo.rpc.cluster.filter.support.ConsumerContextFilter.invoke(ConsumerContextFilter.java:123)
	at org.apache.dubbo.rpc.cluster.filter.FilterChainBuilder$CopyOfFilterChainNode.invoke(FilterChainBuilder.java:349)
	at org.apache.dubbo.rpc.cluster.filter.FilterChainBuilder$CallbackRegistrationInvoker.invoke(FilterChainBuilder.java:197)
	at org.apache.dubbo.rpc.cluster.support.wrapper.AbstractCluster$ClusterFilterInvoker.invoke(AbstractCluster.java:101)
	at org.apache.dubbo.rpc.cluster.support.wrapper.MockClusterInvoker.invoke(MockClusterInvoker.java:106)
	at org.apache.dubbo.rpc.cluster.support.wrapper.ScopeClusterInvoker.invoke(ScopeClusterInvoker.java:171)
	at org.apache.dubbo.registry.client.migration.MigrationInvoker.invoke(MigrationInvoker.java:294)
	at org.apache.dubbo.rpc.proxy.InvocationUtil.invoke(InvocationUtil.java:64)
	at org.apache.dubbo.rpc.proxy.InvokerInvocationHandler.invoke(InvokerInvocationHandler.java:81)
	at org.action.notice.service.NoticeKdCadeServiceDubboProxy0.generateAndSendSmsCaptcha(NoticeKdCadeServiceDubboProxy0.java)
	at sun.reflect.NativeMethodAccessorImpl.invoke0(Native Method)
	at sun.reflect.NativeMethodAccessorImpl.invoke(NativeMethodAccessorImpl.java:62)
	at sun.reflect.DelegatingMethodAccessorImpl.invoke(DelegatingMethodAccessorImpl.java:43)
	at java.lang.reflect.Method.invoke(Method.java:498)
	at org.apache.dubbo.config.spring.util.LazyTargetInvocationHandler.invoke(LazyTargetInvocationHandler.java:54)
	at org.action.notice.service.NoticeKdCadeServiceDubboProxy0.generateAndSendSmsCaptcha(NoticeKdCadeServiceDubboProxy0.java)
	at org.action.controller.KdController.sendMsg(KdController.java:48)
	at sun.reflect.NativeMethodAccessorImpl.invoke0(Native Method)
	at sun.reflect.NativeMethodAccessorImpl.invoke(NativeMethodAccessorImpl.java:62)
	at sun.reflect.DelegatingMethodAccessorImpl.invoke(DelegatingMethodAccessorImpl.java:43)
	at java.lang.reflect.Method.invoke(Method.java:498)
	at org.springframework.web.method.support.InvocableHandlerMethod.doInvoke(InvocableHandlerMethod.java:205)
	at org.springframework.web.method.support.InvocableHandlerMethod.invokeForRequest(InvocableHandlerMethod.java:150)
	at org.springframework.web.servlet.mvc.method.annotation.ServletInvocableHandlerMethod.invokeAndHandle(ServletInvocableHandlerMethod.java:117)
	at org.springframework.web.servlet.mvc.method.annotation.RequestMappingHandlerAdapter.invokeHandlerMethod(RequestMappingHandlerAdapter.java:895)
	at org.springframework.web.servlet.mvc.method.annotation.RequestMappingHandlerAdapter.handleInternal(RequestMappingHandlerAdapter.java:808)
	at org.springframework.web.servlet.mvc.method.AbstractHandlerMethodAdapter.handle(AbstractHandlerMethodAdapter.java:87)
	at org.springframework.web.servlet.DispatcherServlet.doDispatch(DispatcherServlet.java:1072)
	at org.springframework.web.servlet.DispatcherServlet.doService(DispatcherServlet.java:965)
	at org.springframework.web.servlet.FrameworkServlet.processRequest(FrameworkServlet.java:1006)
	at org.springframework.web.servlet.FrameworkServlet.doPost(FrameworkServlet.java:909)
	at javax.servlet.http.HttpServlet.service(HttpServlet.java:555)
	at org.springframework.web.servlet.FrameworkServlet.service(FrameworkServlet.java:883)
	at javax.servlet.http.HttpServlet.service(HttpServlet.java:623)
	at org.apache.catalina.core.ApplicationFilterChain.internalDoFilter(ApplicationFilterChain.java:209)
	at org.apache.catalina.core.ApplicationFilterChain.doFilter(ApplicationFilterChain.java:153)
	at org.apache.tomcat.websocket.server.WsFilter.doFilter(WsFilter.java:51)
	at org.apache.catalina.core.ApplicationFilterChain.internalDoFilter(ApplicationFilterChain.java:178)
	at org.apache.catalina.core.ApplicationFilterChain.doFilter(ApplicationFilterChain.java:153)
	at org.springframework.web.filter.RequestContextFilter.doFilterInternal(RequestContextFilter.java:100)
	at org.springframework.web.filter.OncePerRequestFilter.doFilter(OncePerRequestFilter.java:117)
	at org.apache.catalina.core.ApplicationFilterChain.internalDoFilter(ApplicationFilterChain.java:178)
	at org.apache.catalina.core.ApplicationFilterChain.doFilter(ApplicationFilterChain.java:153)
	at org.springframework.web.filter.FormContentFilter.doFilterInternal(FormContentFilter.java:93)
	at org.springframework.web.filter.OncePerRequestFilter.doFilter(OncePerRequestFilter.java:117)
	at org.apache.catalina.core.ApplicationFilterChain.internalDoFilter(ApplicationFilterChain.java:178)
	at org.apache.catalina.core.ApplicationFilterChain.doFilter(ApplicationFilterChain.java:153)
	at org.springframework.boot.actuate.metrics.web.servlet.WebMvcMetricsFilter.doFilterInternal(WebMvcMetricsFilter.java:96)
	at org.springframework.web.filter.OncePerRequestFilter.doFilter(OncePerRequestFilter.java:117)
	at org.apache.catalina.core.ApplicationFilterChain.internalDoFilter(ApplicationFilterChain.java:178)
	at org.apache.catalina.core.ApplicationFilterChain.doFilter(ApplicationFilterChain.java:153)
	at org.springframework.web.filter.CharacterEncodingFilter.doFilterInternal(CharacterEncodingFilter.java:201)
	at org.springframework.web.filter.OncePerRequestFilter.doFilter(OncePerRequestFilter.java:117)
	at org.apache.catalina.core.ApplicationFilterChain.internalDoFilter(ApplicationFilterChain.java:178)
	at org.apache.catalina.core.ApplicationFilterChain.doFilter(ApplicationFilterChain.java:153)
	at org.apache.catalina.core.StandardWrapperValve.invoke(StandardWrapperValve.java:167)
	at org.apache.catalina.core.StandardContextValve.invoke(StandardContextValve.java:90)
	at org.apache.catalina.authenticator.AuthenticatorBase.invoke(AuthenticatorBase.java:481)
	at org.apache.catalina.core.StandardHostValve.invoke(StandardHostValve.java:130)
	at org.apache.catalina.valves.ErrorReportValve.invoke(ErrorReportValve.java:93)
	at org.apache.catalina.core.StandardEngineValve.invoke(StandardEngineValve.java:74)
	at org.apache.catalina.connector.CoyoteAdapter.service(CoyoteAdapter.java:343)
	at org.apache.coyote.http11.Http11Processor.service(Http11Processor.java:390)
	at org.apache.coyote.AbstractProcessorLight.process(AbstractProcessorLight.java:63)
	at org.apache.coyote.AbstractProtocol$ConnectionHandler.process(AbstractProtocol.java:926)
	at org.apache.tomcat.util.net.NioEndpoint$SocketProcessor.doRun(NioEndpoint.java:1791)
	at org.apache.tomcat.util.net.SocketProcessorBase.run(SocketProcessorBase.java:52)
	at org.apache.tomcat.util.threads.ThreadPoolExecutor.runWorker(ThreadPoolExecutor.java:1191)
	at org.apache.tomcat.util.threads.ThreadPoolExecutor$Worker.run(ThreadPoolExecutor.java:659)
	at org.apache.tomcat.util.threads.TaskThread$WrappingRunnable.run(TaskThread.java:61)
	at java.lang.Thread.run(Thread.java:748)
2024-08-03 21:40:53.436 [http-nio-8093-exec-2] ERROR o.a.c.c.C.[.[localhost].[/].[dispatcherServlet] - Servlet.service() for servlet [dispatcherServlet] in context with path [] threw exception [Request processing failed; nested exception is java.lang.RuntimeException: org.action.exception.SystemException: 不允许重复发送通知
org.action.exception.SystemException: 不允许重复发送通知
	at org.action.notice.kdcade.NoticeKdCadeServiceImpl.generateAndSendSmsCaptcha(NoticeKdCadeServiceImpl.java:53)
	at org.action.notice.kdcade.NoticeKdCadeServiceImplDubboWrap0.invokeMethod(NoticeKdCadeServiceImplDubboWrap0.java)
	at org.apache.dubbo.rpc.proxy.javassist.JavassistProxyFactory$1.doInvoke(JavassistProxyFactory.java:89)
	at org.apache.dubbo.rpc.proxy.AbstractProxyInvoker.invoke(AbstractProxyInvoker.java:100)
	at org.apache.dubbo.config.invoker.DelegateProviderMetaDataInvoker.invoke(DelegateProviderMetaDataInvoker.java:55)
	at org.apache.dubbo.rpc.protocol.InvokerWrapper.invoke(InvokerWrapper.java:56)
	at org.apache.dubbo.rpc.filter.ClassLoaderCallbackFilter.invoke(ClassLoaderCallbackFilter.java:38)
	at org.apache.dubbo.rpc.cluster.filter.FilterChainBuilder$CopyOfFilterChainNode.invoke(FilterChainBuilder.java:349)
	at org.apache.dubbo.rpc.protocol.dubbo.filter.TraceFilter.invoke(TraceFilter.java:80)
	at org.apache.dubbo.rpc.cluster.filter.FilterChainBuilder$CopyOfFilterChainNode.invoke(FilterChainBuilder.java:349)
	at org.apache.dubbo.rpc.filter.TimeoutFilter.invoke(TimeoutFilter.java:45)
	at org.apache.dubbo.rpc.cluster.filter.FilterChainBuilder$CopyOfFilterChainNode.invoke(FilterChainBuilder.java:349)
	at org.apache.dubbo.monitor.support.MonitorFilter.invoke(MonitorFilter.java:108)
	at org.apache.dubbo.rpc.cluster.filter.FilterChainBuilder$CopyOfFilterChainNode.invoke(FilterChainBuilder.java:349)
	at org.apache.dubbo.rpc.filter.ExceptionFilter.invoke(ExceptionFilter.java:54)
	at org.apache.dubbo.rpc.cluster.filter.FilterChainBuilder$CopyOfFilterChainNode.invoke(FilterChainBuilder.java:349)
	at org.apache.dubbo.rpc.filter.AccessLogFilter.invoke(AccessLogFilter.java:120)
	at org.apache.dubbo.rpc.cluster.filter.FilterChainBuilder$CopyOfFilterChainNode.invoke(FilterChainBuilder.java:349)
	at org.apache.dubbo.rpc.filter.GenericFilter.invoke(GenericFilter.java:222)
	at org.apache.dubbo.rpc.cluster.filter.FilterChainBuilder$CopyOfFilterChainNode.invoke(FilterChainBuilder.java:349)
	at org.apache.dubbo.rpc.filter.ClassLoaderFilter.invoke(ClassLoaderFilter.java:54)
	at org.apache.dubbo.rpc.cluster.filter.FilterChainBuilder$CopyOfFilterChainNode.invoke(FilterChainBuilder.java:349)
	at org.apache.dubbo.rpc.filter.EchoFilter.invoke(EchoFilter.java:41)
	at org.apache.dubbo.rpc.cluster.filter.FilterChainBuilder$CopyOfFilterChainNode.invoke(FilterChainBuilder.java:349)
	at org.apache.dubbo.metrics.filter.MetricsFilter.invoke(MetricsFilter.java:86)
	at org.apache.dubbo.metrics.filter.MetricsProviderFilter.invoke(MetricsProviderFilter.java:37)
	at org.apache.dubbo.rpc.cluster.filter.FilterChainBuilder$CopyOfFilterChainNode.invoke(FilterChainBuilder.java:349)
	at org.apache.dubbo.rpc.filter.ProfilerServerFilter.invoke(ProfilerServerFilter.java:66)
	at org.apache.dubbo.rpc.cluster.filter.FilterChainBuilder$CopyOfFilterChainNode.invoke(FilterChainBuilder.java:349)
	at org.apache.dubbo.rpc.filter.ContextFilter.invoke(ContextFilter.java:145)
	at org.apache.dubbo.rpc.cluster.filter.FilterChainBuilder$CopyOfFilterChainNode.invoke(FilterChainBuilder.java:349)
	at org.apache.dubbo.rpc.cluster.filter.FilterChainBuilder$CallbackRegistrationInvoker.invoke(FilterChainBuilder.java:197)
	at org.apache.dubbo.rpc.protocol.dubbo.DubboProtocol$1.reply(DubboProtocol.java:167)
	at org.apache.dubbo.remoting.exchange.support.header.HeaderExchangeHandler.handleRequest(HeaderExchangeHandler.java:110)
	at org.apache.dubbo.remoting.exchange.support.header.HeaderExchangeHandler.received(HeaderExchangeHandler.java:205)
	at org.apache.dubbo.remoting.transport.DecodeHandler.received(DecodeHandler.java:52)
	at org.apache.dubbo.remoting.transport.dispatcher.ChannelEventRunnable.run(ChannelEventRunnable.java:64)
	at java.util.concurrent.ThreadPoolExecutor.runWorker(ThreadPoolExecutor.java:1149)
	at java.util.concurrent.ThreadPoolExecutor$Worker.run(ThreadPoolExecutor.java:624)
	at org.apache.dubbo.common.threadlocal.InternalRunnable.run(InternalRunnable.java:39)
	at java.lang.Thread.run(Thread.java:748)
] with root cause
java.lang.RuntimeException: org.action.exception.SystemException: 不允许重复发送通知
org.action.exception.SystemException: 不允许重复发送通知
	at org.action.notice.kdcade.NoticeKdCadeServiceImpl.generateAndSendSmsCaptcha(NoticeKdCadeServiceImpl.java:53)
	at org.action.notice.kdcade.NoticeKdCadeServiceImplDubboWrap0.invokeMethod(NoticeKdCadeServiceImplDubboWrap0.java)
	at org.apache.dubbo.rpc.proxy.javassist.JavassistProxyFactory$1.doInvoke(JavassistProxyFactory.java:89)
	at org.apache.dubbo.rpc.proxy.AbstractProxyInvoker.invoke(AbstractProxyInvoker.java:100)
	at org.apache.dubbo.config.invoker.DelegateProviderMetaDataInvoker.invoke(DelegateProviderMetaDataInvoker.java:55)
	at org.apache.dubbo.rpc.protocol.InvokerWrapper.invoke(InvokerWrapper.java:56)
	at org.apache.dubbo.rpc.filter.ClassLoaderCallbackFilter.invoke(ClassLoaderCallbackFilter.java:38)
	at org.apache.dubbo.rpc.cluster.filter.FilterChainBuilder$CopyOfFilterChainNode.invoke(FilterChainBuilder.java:349)
	at org.apache.dubbo.rpc.protocol.dubbo.filter.TraceFilter.invoke(TraceFilter.java:80)
	at org.apache.dubbo.rpc.cluster.filter.FilterChainBuilder$CopyOfFilterChainNode.invoke(FilterChainBuilder.java:349)
	at org.apache.dubbo.rpc.filter.TimeoutFilter.invoke(TimeoutFilter.java:45)
	at org.apache.dubbo.rpc.cluster.filter.FilterChainBuilder$CopyOfFilterChainNode.invoke(FilterChainBuilder.java:349)
	at org.apache.dubbo.monitor.support.MonitorFilter.invoke(MonitorFilter.java:108)
	at org.apache.dubbo.rpc.cluster.filter.FilterChainBuilder$CopyOfFilterChainNode.invoke(FilterChainBuilder.java:349)
	at org.apache.dubbo.rpc.filter.ExceptionFilter.invoke(ExceptionFilter.java:54)
	at org.apache.dubbo.rpc.cluster.filter.FilterChainBuilder$CopyOfFilterChainNode.invoke(FilterChainBuilder.java:349)
	at org.apache.dubbo.rpc.filter.AccessLogFilter.invoke(AccessLogFilter.java:120)
	at org.apache.dubbo.rpc.cluster.filter.FilterChainBuilder$CopyOfFilterChainNode.invoke(FilterChainBuilder.java:349)
	at org.apache.dubbo.rpc.filter.GenericFilter.invoke(GenericFilter.java:222)
	at org.apache.dubbo.rpc.cluster.filter.FilterChainBuilder$CopyOfFilterChainNode.invoke(FilterChainBuilder.java:349)
	at org.apache.dubbo.rpc.filter.ClassLoaderFilter.invoke(ClassLoaderFilter.java:54)
	at org.apache.dubbo.rpc.cluster.filter.FilterChainBuilder$CopyOfFilterChainNode.invoke(FilterChainBuilder.java:349)
	at org.apache.dubbo.rpc.filter.EchoFilter.invoke(EchoFilter.java:41)
	at org.apache.dubbo.rpc.cluster.filter.FilterChainBuilder$CopyOfFilterChainNode.invoke(FilterChainBuilder.java:349)
	at org.apache.dubbo.metrics.filter.MetricsFilter.invoke(MetricsFilter.java:86)
	at org.apache.dubbo.metrics.filter.MetricsProviderFilter.invoke(MetricsProviderFilter.java:37)
	at org.apache.dubbo.rpc.cluster.filter.FilterChainBuilder$CopyOfFilterChainNode.invoke(FilterChainBuilder.java:349)
	at org.apache.dubbo.rpc.filter.ProfilerServerFilter.invoke(ProfilerServerFilter.java:66)
	at org.apache.dubbo.rpc.cluster.filter.FilterChainBuilder$CopyOfFilterChainNode.invoke(FilterChainBuilder.java:349)
	at org.apache.dubbo.rpc.filter.ContextFilter.invoke(ContextFilter.java:145)
	at org.apache.dubbo.rpc.cluster.filter.FilterChainBuilder$CopyOfFilterChainNode.invoke(FilterChainBuilder.java:349)
	at org.apache.dubbo.rpc.cluster.filter.FilterChainBuilder$CallbackRegistrationInvoker.invoke(FilterChainBuilder.java:197)
	at org.apache.dubbo.rpc.protocol.dubbo.DubboProtocol$1.reply(DubboProtocol.java:167)
	at org.apache.dubbo.remoting.exchange.support.header.HeaderExchangeHandler.handleRequest(HeaderExchangeHandler.java:110)
	at org.apache.dubbo.remoting.exchange.support.header.HeaderExchangeHandler.received(HeaderExchangeHandler.java:205)
	at org.apache.dubbo.remoting.transport.DecodeHandler.received(DecodeHandler.java:52)
	at org.apache.dubbo.remoting.transport.dispatcher.ChannelEventRunnable.run(ChannelEventRunnable.java:64)
	at java.util.concurrent.ThreadPoolExecutor.runWorker(ThreadPoolExecutor.java:1149)
	at java.util.concurrent.ThreadPoolExecutor$Worker.run(ThreadPoolExecutor.java:624)
	at org.apache.dubbo.common.threadlocal.InternalRunnable.run(InternalRunnable.java:39)
	at java.lang.Thread.run(Thread.java:748)

	at org.apache.dubbo.rpc.filter.ExceptionFilter.onResponse(ExceptionFilter.java:112)
	at org.apache.dubbo.rpc.cluster.filter.FilterChainBuilder$CallbackRegistrationInvoker.lambda$invoke$1(FilterChainBuilder.java:221)
	at org.apache.dubbo.rpc.AsyncRpcResult.lambda$whenCompleteWithContext$0(AsyncRpcResult.java:253)
	at java.util.concurrent.CompletableFuture.uniWhenComplete(CompletableFuture.java:760)
	at java.util.concurrent.CompletableFuture.uniWhenCompleteStage(CompletableFuture.java:778)
	at java.util.concurrent.CompletableFuture.whenComplete(CompletableFuture.java:2140)
	at org.apache.dubbo.rpc.AsyncRpcResult.whenCompleteWithContext(AsyncRpcResult.java:249)
	at org.apache.dubbo.rpc.cluster.filter.FilterChainBuilder$CallbackRegistrationInvoker.invoke(FilterChainBuilder.java:198)
	at org.apache.dubbo.rpc.protocol.dubbo.DubboProtocol$1.reply(DubboProtocol.java:167)
	at org.apache.dubbo.remoting.exchange.support.header.HeaderExchangeHandler.handleRequest(HeaderExchangeHandler.java:110)
	at org.apache.dubbo.remoting.exchange.support.header.HeaderExchangeHandler.received(HeaderExchangeHandler.java:205)
	at org.apache.dubbo.remoting.transport.DecodeHandler.received(DecodeHandler.java:52)
	at org.apache.dubbo.remoting.transport.dispatcher.ChannelEventRunnable.run(ChannelEventRunnable.java:64)
	at java.util.concurrent.ThreadPoolExecutor.runWorker(ThreadPoolExecutor.java:1149)
	at java.util.concurrent.ThreadPoolExecutor$Worker.run(ThreadPoolExecutor.java:624)
	at org.apache.dubbo.common.threadlocal.InternalRunnable.run(InternalRunnable.java:39)
	at java.lang.Thread.run(Thread.java:748)
2024-08-03 21:44:14.573 [http-nio-8093-exec-4] ERROR o.a.c.c.C.[.[localhost].[/].[dispatcherServlet] - Servlet.service() for servlet [dispatcherServlet] in context with path [] threw exception [Request processing failed; nested exception is java.lang.NullPointerException] with root cause
java.lang.NullPointerException: null
	at org.action.notice.kdcade.NoticeKdCadeServiceImpl.generateAndSendSmsCaptcha(NoticeKdCadeServiceImpl.java:56)
	at org.action.notice.kdcade.NoticeKdCadeServiceImplDubboWrap0.invokeMethod(NoticeKdCadeServiceImplDubboWrap0.java)
	at org.apache.dubbo.rpc.proxy.javassist.JavassistProxyFactory$1.doInvoke(JavassistProxyFactory.java:89)
	at org.apache.dubbo.rpc.proxy.AbstractProxyInvoker.invoke(AbstractProxyInvoker.java:100)
	at org.apache.dubbo.config.invoker.DelegateProviderMetaDataInvoker.invoke(DelegateProviderMetaDataInvoker.java:55)
	at org.apache.dubbo.rpc.protocol.InvokerWrapper.invoke(InvokerWrapper.java:56)
	at org.apache.dubbo.rpc.filter.ClassLoaderCallbackFilter.invoke(ClassLoaderCallbackFilter.java:38)
	at org.apache.dubbo.rpc.cluster.filter.FilterChainBuilder$CopyOfFilterChainNode.invoke(FilterChainBuilder.java:349)
	at org.apache.dubbo.rpc.protocol.dubbo.filter.TraceFilter.invoke(TraceFilter.java:80)
	at org.apache.dubbo.rpc.cluster.filter.FilterChainBuilder$CopyOfFilterChainNode.invoke(FilterChainBuilder.java:349)
	at org.apache.dubbo.rpc.filter.TimeoutFilter.invoke(TimeoutFilter.java:45)
	at org.apache.dubbo.rpc.cluster.filter.FilterChainBuilder$CopyOfFilterChainNode.invoke(FilterChainBuilder.java:349)
	at org.apache.dubbo.monitor.support.MonitorFilter.invoke(MonitorFilter.java:108)
	at org.apache.dubbo.rpc.cluster.filter.FilterChainBuilder$CopyOfFilterChainNode.invoke(FilterChainBuilder.java:349)
	at org.apache.dubbo.rpc.filter.ExceptionFilter.invoke(ExceptionFilter.java:54)
	at org.apache.dubbo.rpc.cluster.filter.FilterChainBuilder$CopyOfFilterChainNode.invoke(FilterChainBuilder.java:349)
	at org.apache.dubbo.rpc.filter.AccessLogFilter.invoke(AccessLogFilter.java:120)
	at org.apache.dubbo.rpc.cluster.filter.FilterChainBuilder$CopyOfFilterChainNode.invoke(FilterChainBuilder.java:349)
	at org.apache.dubbo.rpc.filter.GenericFilter.invoke(GenericFilter.java:222)
	at org.apache.dubbo.rpc.cluster.filter.FilterChainBuilder$CopyOfFilterChainNode.invoke(FilterChainBuilder.java:349)
	at org.apache.dubbo.rpc.filter.ClassLoaderFilter.invoke(ClassLoaderFilter.java:54)
	at org.apache.dubbo.rpc.cluster.filter.FilterChainBuilder$CopyOfFilterChainNode.invoke(FilterChainBuilder.java:349)
	at org.apache.dubbo.rpc.filter.EchoFilter.invoke(EchoFilter.java:41)
	at org.apache.dubbo.rpc.cluster.filter.FilterChainBuilder$CopyOfFilterChainNode.invoke(FilterChainBuilder.java:349)
	at org.apache.dubbo.metrics.filter.MetricsFilter.invoke(MetricsFilter.java:86)
	at org.apache.dubbo.metrics.filter.MetricsProviderFilter.invoke(MetricsProviderFilter.java:37)
	at org.apache.dubbo.rpc.cluster.filter.FilterChainBuilder$CopyOfFilterChainNode.invoke(FilterChainBuilder.java:349)
	at org.apache.dubbo.rpc.filter.ProfilerServerFilter.invoke(ProfilerServerFilter.java:66)
	at org.apache.dubbo.rpc.cluster.filter.FilterChainBuilder$CopyOfFilterChainNode.invoke(FilterChainBuilder.java:349)
	at org.apache.dubbo.rpc.filter.ContextFilter.invoke(ContextFilter.java:145)
	at org.apache.dubbo.rpc.cluster.filter.FilterChainBuilder$CopyOfFilterChainNode.invoke(FilterChainBuilder.java:349)
	at org.apache.dubbo.rpc.cluster.filter.FilterChainBuilder$CallbackRegistrationInvoker.invoke(FilterChainBuilder.java:197)
	at org.apache.dubbo.rpc.protocol.dubbo.DubboProtocol$1.reply(DubboProtocol.java:167)
	at org.apache.dubbo.remoting.exchange.support.header.HeaderExchangeHandler.handleRequest(HeaderExchangeHandler.java:110)
	at org.apache.dubbo.remoting.exchange.support.header.HeaderExchangeHandler.received(HeaderExchangeHandler.java:205)
	at org.apache.dubbo.remoting.transport.DecodeHandler.received(DecodeHandler.java:52)
	at org.apache.dubbo.remoting.transport.dispatcher.ChannelEventRunnable.run(ChannelEventRunnable.java:64)
	at java.util.concurrent.ThreadPoolExecutor.runWorker(ThreadPoolExecutor.java:1149)
	at java.util.concurrent.ThreadPoolExecutor$Worker.run(ThreadPoolExecutor.java:624)
	at org.apache.dubbo.common.threadlocal.InternalRunnable.run(InternalRunnable.java:39)
	at java.lang.Thread.run(Thread.java:748)
