2024-06-07 20:06:34.219 [main] INFO  org.action.KdHandler - Starting KdHandler using Java 1.8.0_181 on localhost with PID 42555 (/Users/gaozhiwei/Downloads/kd-starter/kd-platform/target/classes started by gaozhiwei in /Users/gaozhiwei/Downloads/kd-starter)
2024-06-07 20:06:34.223 [main] INFO  org.action.KdHandler - No active profile set, falling back to 1 default profile: "default"
2024-06-07 20:06:34.904 [main] INFO  o.s.d.r.config.RepositoryConfigurationDelegate - Multiple Spring Data modules found, entering strict repository configuration mode
2024-06-07 20:06:34.906 [main] INFO  o.s.d.r.config.RepositoryConfigurationDelegate - Bootstrapping Spring Data Redis repositories in DEFAULT mode.
2024-06-07 20:06:34.947 [main] INFO  o.s.d.r.config.RepositoryConfigurationDelegate - Finished Spring Data repository scanning in 12 ms. Found 0 Redis repository interfaces.
2024-06-07 20:06:35.397 [main] INFO  o.s.boot.web.embedded.tomcat.TomcatWebServer - Tomcat initialized with port(s): 8093 (http)
2024-06-07 20:06:35.405 [main] INFO  org.apache.coyote.http11.Http11NioProtocol - Initializing ProtocolHandler ["http-nio-8093"]
2024-06-07 20:06:35.406 [main] INFO  org.apache.catalina.core.StandardService - Starting service [Tomcat]
2024-06-07 20:06:35.406 [main] INFO  org.apache.catalina.core.StandardEngine - Starting Servlet engine: [Apache Tomcat/9.0.75]
2024-06-07 20:06:35.540 [main] INFO  o.a.c.core.ContainerBase.[Tomcat].[localhost].[/] - Initializing Spring embedded WebApplicationContext
2024-06-07 20:06:35.540 [main] INFO  o.s.b.w.s.c.ServletWebServerApplicationContext - Root WebApplicationContext: initialization completed in 1270 ms
2024-06-07 20:06:36.221 [main] INFO  org.apache.coyote.http11.Http11NioProtocol - Starting ProtocolHandler ["http-nio-8093"]
2024-06-07 20:06:36.241 [main] INFO  o.s.boot.web.embedded.tomcat.TomcatWebServer - Tomcat started on port(s): 8093 (http) with context path ''
2024-06-07 20:06:36.250 [main] INFO  org.action.KdHandler - Started KdHandler in 2.536 seconds (JVM running for 3.187)
2024-06-07 20:07:27.448 [http-nio-8093-exec-2] INFO  o.a.c.core.ContainerBase.[Tomcat].[localhost].[/] - Initializing Spring DispatcherServlet 'dispatcherServlet'
2024-06-07 20:07:27.448 [http-nio-8093-exec-2] INFO  org.springframework.web.servlet.DispatcherServlet - Initializing Servlet 'dispatcherServlet'
2024-06-07 20:07:27.450 [http-nio-8093-exec-2] INFO  org.springframework.web.servlet.DispatcherServlet - Completed initialization in 2 ms
2024-06-07 20:07:27.476 [http-nio-8093-exec-2] INFO  org.action.thread.ThreadTask - CompletableFuture 爬虫 k8s docker Aigc
2024-06-07 20:09:13.586 [main] INFO  org.action.KdHandler - Starting KdHandler using Java 1.8.0_181 on localhost with PID 42640 (/Users/gaozhiwei/Downloads/kd-starter/kd-platform/target/classes started by gaozhiwei in /Users/gaozhiwei/Downloads/kd-starter)
2024-06-07 20:09:13.588 [main] INFO  org.action.KdHandler - No active profile set, falling back to 1 default profile: "default"
2024-06-07 20:09:14.152 [main] INFO  o.s.d.r.config.RepositoryConfigurationDelegate - Multiple Spring Data modules found, entering strict repository configuration mode
2024-06-07 20:09:14.154 [main] INFO  o.s.d.r.config.RepositoryConfigurationDelegate - Bootstrapping Spring Data Redis repositories in DEFAULT mode.
2024-06-07 20:09:14.175 [main] INFO  o.s.d.r.config.RepositoryConfigurationDelegate - Finished Spring Data repository scanning in 6 ms. Found 0 Redis repository interfaces.
2024-06-07 20:09:14.547 [main] INFO  o.s.boot.web.embedded.tomcat.TomcatWebServer - Tomcat initialized with port(s): 8093 (http)
2024-06-07 20:09:14.555 [main] INFO  org.apache.coyote.http11.Http11NioProtocol - Initializing ProtocolHandler ["http-nio-8093"]
2024-06-07 20:09:14.556 [main] INFO  org.apache.catalina.core.StandardService - Starting service [Tomcat]
2024-06-07 20:09:14.556 [main] INFO  org.apache.catalina.core.StandardEngine - Starting Servlet engine: [Apache Tomcat/9.0.75]
2024-06-07 20:09:14.652 [main] INFO  o.a.c.core.ContainerBase.[Tomcat].[localhost].[/] - Initializing Spring embedded WebApplicationContext
2024-06-07 20:09:14.652 [main] INFO  o.s.b.w.s.c.ServletWebServerApplicationContext - Root WebApplicationContext: initialization completed in 1026 ms
2024-06-07 20:09:15.199 [main] INFO  org.apache.coyote.http11.Http11NioProtocol - Starting ProtocolHandler ["http-nio-8093"]
2024-06-07 20:09:15.218 [main] INFO  o.s.boot.web.embedded.tomcat.TomcatWebServer - Tomcat started on port(s): 8093 (http) with context path ''
2024-06-07 20:09:15.226 [main] INFO  org.action.KdHandler - Started KdHandler in 2.038 seconds (JVM running for 2.5)
2024-06-07 20:09:20.625 [http-nio-8093-exec-1] INFO  o.a.c.core.ContainerBase.[Tomcat].[localhost].[/] - Initializing Spring DispatcherServlet 'dispatcherServlet'
2024-06-07 20:09:20.626 [http-nio-8093-exec-1] INFO  org.springframework.web.servlet.DispatcherServlet - Initializing Servlet 'dispatcherServlet'
2024-06-07 20:09:20.629 [http-nio-8093-exec-1] INFO  org.springframework.web.servlet.DispatcherServlet - Completed initialization in 3 ms
2024-06-07 20:09:20.656 [http-nio-8093-exec-1] INFO  org.action.thread.ThreadTask - CompletableFuture 爬虫 k8s docker Aigc
2024-06-07 20:10:09.950 [SpringApplicationShutdownHook] INFO  o.s.boot.web.embedded.tomcat.GracefulShutdown - Commencing graceful shutdown. Waiting for active requests to complete
2024-06-07 20:10:09.961 [tomcat-shutdown] INFO  o.s.boot.web.embedded.tomcat.GracefulShutdown - Graceful shutdown complete
2024-06-07 20:10:16.737 [main] INFO  org.action.KdHandler - Starting KdHandler using Java 1.8.0_181 on localhost with PID 42673 (/Users/gaozhiwei/Downloads/kd-starter/kd-platform/target/classes started by gaozhiwei in /Users/gaozhiwei/Downloads/kd-starter)
2024-06-07 20:10:16.741 [main] INFO  org.action.KdHandler - No active profile set, falling back to 1 default profile: "default"
2024-06-07 20:10:17.314 [main] INFO  o.s.d.r.config.RepositoryConfigurationDelegate - Multiple Spring Data modules found, entering strict repository configuration mode
2024-06-07 20:10:17.318 [main] INFO  o.s.d.r.config.RepositoryConfigurationDelegate - Bootstrapping Spring Data Redis repositories in DEFAULT mode.
2024-06-07 20:10:17.346 [main] INFO  o.s.d.r.config.RepositoryConfigurationDelegate - Finished Spring Data repository scanning in 8 ms. Found 0 Redis repository interfaces.
2024-06-07 20:10:17.725 [main] INFO  o.s.boot.web.embedded.tomcat.TomcatWebServer - Tomcat initialized with port(s): 8093 (http)
2024-06-07 20:10:17.733 [main] INFO  org.apache.coyote.http11.Http11NioProtocol - Initializing ProtocolHandler ["http-nio-8093"]
2024-06-07 20:10:17.734 [main] INFO  org.apache.catalina.core.StandardService - Starting service [Tomcat]
2024-06-07 20:10:17.734 [main] INFO  org.apache.catalina.core.StandardEngine - Starting Servlet engine: [Apache Tomcat/9.0.75]
2024-06-07 20:10:17.822 [main] INFO  o.a.c.core.ContainerBase.[Tomcat].[localhost].[/] - Initializing Spring embedded WebApplicationContext
2024-06-07 20:10:17.822 [main] INFO  o.s.b.w.s.c.ServletWebServerApplicationContext - Root WebApplicationContext: initialization completed in 1044 ms
2024-06-07 20:10:18.433 [main] INFO  org.apache.coyote.http11.Http11NioProtocol - Starting ProtocolHandler ["http-nio-8093"]
2024-06-07 20:10:18.453 [main] INFO  o.s.boot.web.embedded.tomcat.TomcatWebServer - Tomcat started on port(s): 8093 (http) with context path ''
2024-06-07 20:10:18.461 [main] INFO  org.action.KdHandler - Started KdHandler in 2.085 seconds (JVM running for 2.507)
2024-06-07 20:10:22.970 [http-nio-8093-exec-2] INFO  o.a.c.core.ContainerBase.[Tomcat].[localhost].[/] - Initializing Spring DispatcherServlet 'dispatcherServlet'
2024-06-07 20:10:22.976 [http-nio-8093-exec-2] INFO  org.springframework.web.servlet.DispatcherServlet - Initializing Servlet 'dispatcherServlet'
2024-06-07 20:10:22.988 [http-nio-8093-exec-2] INFO  org.springframework.web.servlet.DispatcherServlet - Completed initialization in 12 ms
2024-06-07 20:10:23.058 [http-nio-8093-exec-2] INFO  org.action.thread.ThreadTask - CompletableFuture 爬虫 k8s docker Aigc
2024-06-07 20:10:48.803 [SpringApplicationShutdownHook] INFO  o.s.boot.web.embedded.tomcat.GracefulShutdown - Commencing graceful shutdown. Waiting for active requests to complete
2024-06-07 20:10:48.811 [tomcat-shutdown] INFO  o.s.boot.web.embedded.tomcat.GracefulShutdown - Graceful shutdown complete
2024-06-07 20:10:54.845 [main] INFO  org.action.KdHandler - Starting KdHandler using Java 1.8.0_181 on localhost with PID 42702 (/Users/gaozhiwei/Downloads/kd-starter/kd-platform/target/classes started by gaozhiwei in /Users/gaozhiwei/Downloads/kd-starter)
2024-06-07 20:10:54.848 [main] INFO  org.action.KdHandler - No active profile set, falling back to 1 default profile: "default"
2024-06-07 20:10:55.371 [main] INFO  o.s.d.r.config.RepositoryConfigurationDelegate - Multiple Spring Data modules found, entering strict repository configuration mode
2024-06-07 20:10:55.373 [main] INFO  o.s.d.r.config.RepositoryConfigurationDelegate - Bootstrapping Spring Data Redis repositories in DEFAULT mode.
2024-06-07 20:10:55.394 [main] INFO  o.s.d.r.config.RepositoryConfigurationDelegate - Finished Spring Data repository scanning in 6 ms. Found 0 Redis repository interfaces.
2024-06-07 20:10:55.740 [main] INFO  o.s.boot.web.embedded.tomcat.TomcatWebServer - Tomcat initialized with port(s): 8093 (http)
2024-06-07 20:10:55.746 [main] INFO  org.apache.coyote.http11.Http11NioProtocol - Initializing ProtocolHandler ["http-nio-8093"]
2024-06-07 20:10:55.747 [main] INFO  org.apache.catalina.core.StandardService - Starting service [Tomcat]
2024-06-07 20:10:55.747 [main] INFO  org.apache.catalina.core.StandardEngine - Starting Servlet engine: [Apache Tomcat/9.0.75]
2024-06-07 20:10:55.834 [main] INFO  o.a.c.core.ContainerBase.[Tomcat].[localhost].[/] - Initializing Spring embedded WebApplicationContext
2024-06-07 20:10:55.834 [main] INFO  o.s.b.w.s.c.ServletWebServerApplicationContext - Root WebApplicationContext: initialization completed in 953 ms
2024-06-07 20:10:56.371 [main] INFO  org.apache.coyote.http11.Http11NioProtocol - Starting ProtocolHandler ["http-nio-8093"]
2024-06-07 20:10:56.391 [main] INFO  o.s.boot.web.embedded.tomcat.TomcatWebServer - Tomcat started on port(s): 8093 (http) with context path ''
2024-06-07 20:10:56.399 [main] INFO  org.action.KdHandler - Started KdHandler in 1.922 seconds (JVM running for 2.367)
2024-06-07 20:11:04.184 [http-nio-8093-exec-2] INFO  o.a.c.core.ContainerBase.[Tomcat].[localhost].[/] - Initializing Spring DispatcherServlet 'dispatcherServlet'
2024-06-07 20:11:04.185 [http-nio-8093-exec-2] INFO  org.springframework.web.servlet.DispatcherServlet - Initializing Servlet 'dispatcherServlet'
2024-06-07 20:11:04.188 [http-nio-8093-exec-2] INFO  org.springframework.web.servlet.DispatcherServlet - Completed initialization in 3 ms
2024-06-07 20:11:04.218 [http-nio-8093-exec-2] INFO  org.action.thread.ThreadTask - CompletableFuture 爬虫 k8s docker Aigc
2024-06-07 20:11:21.549 [SpringApplicationShutdownHook] INFO  o.s.boot.web.embedded.tomcat.GracefulShutdown - Commencing graceful shutdown. Waiting for active requests to complete
2024-06-07 20:11:21.553 [tomcat-shutdown] INFO  o.s.boot.web.embedded.tomcat.GracefulShutdown - Graceful shutdown complete
2024-06-07 20:11:26.304 [main] INFO  org.action.KdHandler - Starting KdHandler using Java 1.8.0_181 on localhost with PID 42719 (/Users/gaozhiwei/Downloads/kd-starter/kd-platform/target/classes started by gaozhiwei in /Users/gaozhiwei/Downloads/kd-starter)
2024-06-07 20:11:26.307 [main] INFO  org.action.KdHandler - No active profile set, falling back to 1 default profile: "default"
2024-06-07 20:11:26.860 [main] INFO  o.s.d.r.config.RepositoryConfigurationDelegate - Multiple Spring Data modules found, entering strict repository configuration mode
2024-06-07 20:11:26.862 [main] INFO  o.s.d.r.config.RepositoryConfigurationDelegate - Bootstrapping Spring Data Redis repositories in DEFAULT mode.
2024-06-07 20:11:26.881 [main] INFO  o.s.d.r.config.RepositoryConfigurationDelegate - Finished Spring Data repository scanning in 5 ms. Found 0 Redis repository interfaces.
2024-06-07 20:11:27.188 [main] INFO  o.s.boot.web.embedded.tomcat.TomcatWebServer - Tomcat initialized with port(s): 8093 (http)
2024-06-07 20:11:27.194 [main] INFO  org.apache.coyote.http11.Http11NioProtocol - Initializing ProtocolHandler ["http-nio-8093"]
2024-06-07 20:11:27.195 [main] INFO  org.apache.catalina.core.StandardService - Starting service [Tomcat]
2024-06-07 20:11:27.195 [main] INFO  org.apache.catalina.core.StandardEngine - Starting Servlet engine: [Apache Tomcat/9.0.75]
2024-06-07 20:11:27.286 [main] INFO  o.a.c.core.ContainerBase.[Tomcat].[localhost].[/] - Initializing Spring embedded WebApplicationContext
2024-06-07 20:11:27.286 [main] INFO  o.s.b.w.s.c.ServletWebServerApplicationContext - Root WebApplicationContext: initialization completed in 934 ms
2024-06-07 20:11:27.823 [main] INFO  org.apache.coyote.http11.Http11NioProtocol - Starting ProtocolHandler ["http-nio-8093"]
2024-06-07 20:11:27.841 [main] INFO  o.s.boot.web.embedded.tomcat.TomcatWebServer - Tomcat started on port(s): 8093 (http) with context path ''
2024-06-07 20:11:27.850 [main] INFO  org.action.KdHandler - Started KdHandler in 1.934 seconds (JVM running for 2.367)
2024-06-07 20:11:50.078 [http-nio-8093-exec-1] INFO  o.a.c.core.ContainerBase.[Tomcat].[localhost].[/] - Initializing Spring DispatcherServlet 'dispatcherServlet'
2024-06-07 20:11:50.080 [http-nio-8093-exec-1] INFO  org.springframework.web.servlet.DispatcherServlet - Initializing Servlet 'dispatcherServlet'
2024-06-07 20:11:50.083 [http-nio-8093-exec-1] INFO  org.springframework.web.servlet.DispatcherServlet - Completed initialization in 3 ms
2024-06-07 20:11:50.106 [http-nio-8093-exec-1] INFO  org.action.thread.ThreadTask - CompletableFuture 爬虫 k8s docker Aigc
2024-06-07 20:13:36.682 [http-nio-8093-exec-5] INFO  org.action.thread.ThreadTask - CompletableFuture 爬虫 k8s docker Aigc
2024-06-07 20:13:37.773 [http-nio-8093-exec-6] INFO  org.action.thread.ThreadTask - CompletableFuture 爬虫 k8s docker Aigc
2024-06-07 20:14:26.120 [SpringApplicationShutdownHook] INFO  o.s.boot.web.embedded.tomcat.GracefulShutdown - Commencing graceful shutdown. Waiting for active requests to complete
2024-06-07 20:14:26.147 [tomcat-shutdown] INFO  o.s.boot.web.embedded.tomcat.GracefulShutdown - Graceful shutdown complete
2024-06-07 21:21:57.765 [main] INFO  org.action.KdHandler - Starting KdHandler using Java 1.8.0_181 on localhost with PID 44618 (/Users/gaozhiwei/Downloads/kd-starter/kd-platform/target/classes started by gaozhiwei in /Users/gaozhiwei/Downloads/kd-starter)
2024-06-07 21:21:57.768 [main] INFO  org.action.KdHandler - No active profile set, falling back to 1 default profile: "default"
2024-06-07 21:21:58.483 [main] INFO  o.s.d.r.config.RepositoryConfigurationDelegate - Multiple Spring Data modules found, entering strict repository configuration mode
2024-06-07 21:21:58.486 [main] INFO  o.s.d.r.config.RepositoryConfigurationDelegate - Bootstrapping Spring Data Redis repositories in DEFAULT mode.
2024-06-07 21:21:58.512 [main] INFO  o.s.d.r.config.RepositoryConfigurationDelegate - Finished Spring Data repository scanning in 8 ms. Found 0 Redis repository interfaces.
2024-06-07 21:21:58.920 [main] INFO  o.s.boot.web.embedded.tomcat.TomcatWebServer - Tomcat initialized with port(s): 8093 (http)
2024-06-07 21:21:58.930 [main] INFO  org.apache.coyote.http11.Http11NioProtocol - Initializing ProtocolHandler ["http-nio-8093"]
2024-06-07 21:21:58.931 [main] INFO  org.apache.catalina.core.StandardService - Starting service [Tomcat]
2024-06-07 21:21:58.931 [main] INFO  org.apache.catalina.core.StandardEngine - Starting Servlet engine: [Apache Tomcat/9.0.75]
2024-06-07 21:21:59.131 [main] INFO  o.a.c.core.ContainerBase.[Tomcat].[localhost].[/] - Initializing Spring embedded WebApplicationContext
2024-06-07 21:21:59.131 [main] INFO  o.s.b.w.s.c.ServletWebServerApplicationContext - Root WebApplicationContext: initialization completed in 1309 ms
2024-06-07 21:21:59.894 [main] INFO  org.apache.coyote.http11.Http11NioProtocol - Starting ProtocolHandler ["http-nio-8093"]
2024-06-07 21:21:59.915 [main] INFO  o.s.boot.web.embedded.tomcat.TomcatWebServer - Tomcat started on port(s): 8093 (http) with context path ''
2024-06-07 21:21:59.924 [main] INFO  org.action.KdHandler - Started KdHandler in 2.637 seconds (JVM running for 3.24)
2024-06-07 21:22:39.922 [http-nio-8093-exec-2] INFO  o.a.c.core.ContainerBase.[Tomcat].[localhost].[/] - Initializing Spring DispatcherServlet 'dispatcherServlet'
2024-06-07 21:22:39.925 [http-nio-8093-exec-2] INFO  org.springframework.web.servlet.DispatcherServlet - Initializing Servlet 'dispatcherServlet'
2024-06-07 21:22:39.950 [http-nio-8093-exec-2] INFO  org.springframework.web.servlet.DispatcherServlet - Completed initialization in 10 ms
2024-06-07 21:22:40.001 [http-nio-8093-exec-2] INFO  org.action.thread.ThreadTask - CompletableFuture 爬虫 k8s docker Aigc
2024-06-07 21:22:42.652 [http-nio-8093-exec-3] INFO  org.action.thread.ThreadTask - CompletableFuture 爬虫 k8s docker Aigc
2024-06-07 21:22:43.635 [http-nio-8093-exec-4] INFO  org.action.thread.ThreadTask - CompletableFuture 爬虫 k8s docker Aigc
2024-06-07 21:22:44.354 [http-nio-8093-exec-5] INFO  org.action.thread.ThreadTask - CompletableFuture 爬虫 k8s docker Aigc
2024-06-07 21:22:45.183 [http-nio-8093-exec-6] INFO  org.action.thread.ThreadTask - CompletableFuture 爬虫 k8s docker Aigc
2024-06-07 21:22:46.352 [http-nio-8093-exec-7] INFO  org.action.thread.ThreadTask - CompletableFuture 爬虫 k8s docker Aigc
2024-06-07 21:22:47.152 [http-nio-8093-exec-8] INFO  org.action.thread.ThreadTask - CompletableFuture 爬虫 k8s docker Aigc
2024-06-07 21:22:47.984 [http-nio-8093-exec-9] INFO  org.action.thread.ThreadTask - CompletableFuture 爬虫 k8s docker Aigc
2024-06-07 21:22:48.852 [http-nio-8093-exec-10] INFO  org.action.thread.ThreadTask - CompletableFuture 爬虫 k8s docker Aigc
2024-06-07 21:22:49.715 [http-nio-8093-exec-1] INFO  org.action.thread.ThreadTask - CompletableFuture 爬虫 k8s docker Aigc
2024-06-07 21:22:50.950 [http-nio-8093-exec-2] INFO  org.action.thread.ThreadTask - CompletableFuture 爬虫 k8s docker Aigc
2024-06-07 21:29:04.751 [http-nio-8093-exec-4] INFO  org.action.thread.ThreadTask - CompletableFuture 爬虫 k8s docker Aigc
2024-06-07 21:29:05.594 [http-nio-8093-exec-6] INFO  org.action.thread.ThreadTask - CompletableFuture 爬虫 k8s docker Aigc
2024-06-07 21:34:35.753 [http-nio-8093-exec-9] INFO  org.action.thread.ThreadTask - CompletableFuture 爬虫 k8s docker Aigc
2024-06-07 21:34:48.204 [http-nio-8093-exec-10] INFO  org.action.thread.ThreadTask - CompletableFuture 爬虫 k8s docker Aigc
2024-06-07 21:34:50.402 [http-nio-8093-exec-1] INFO  org.action.thread.ThreadTask - CompletableFuture 爬虫 k8s docker Aigc
2024-06-07 21:34:51.224 [http-nio-8093-exec-2] INFO  org.action.thread.ThreadTask - CompletableFuture 爬虫 k8s docker Aigc
2024-06-07 21:34:58.536 [http-nio-8093-exec-3] INFO  org.action.thread.ThreadTask - CompletableFuture 爬虫 k8s docker Aigc
2024-06-07 21:58:50.662 [http-nio-8093-exec-6] INFO  org.action.thread.ThreadTask - CompletableFuture 爬虫 k8s docker Aigc
2024-06-07 22:59:28.926 [http-nio-8093-exec-9] INFO  org.action.thread.ThreadTask - CompletableFuture 爬虫 k8s docker Aigc
