2024-07-30 00:00:57.591 [main] INFO  org.action.KdHandler - Starting KdHandler using Java 1.8.0_181 on bogon with PID 1781 (/Users/gaozhiwei/Downloads/kd-starter/kd-platform/target/classes started by gaozhiwei in /Users/gaozhiwei/Downloads/kd-starter)
2024-07-30 00:00:57.594 [main] INFO  org.action.KdHandler - No active profile set, falling back to 1 default profile: "default"
2024-07-30 00:00:58.217 [main] INFO  o.s.d.r.config.RepositoryConfigurationDelegate - Multiple Spring Data modules found, entering strict repository configuration mode
2024-07-30 00:00:58.221 [main] INFO  o.s.d.r.config.RepositoryConfigurationDelegate - Bootstrapping Spring Data Redis repositories in DEFAULT mode.
2024-07-30 00:00:58.250 [main] INFO  o.s.d.r.config.RepositoryConfigurationDelegate - Finished Spring Data repository scanning in 7 ms. Found 0 Redis repository interfaces.
2024-07-30 00:00:58.657 [main] INFO  o.s.boot.web.embedded.tomcat.TomcatWebServer - Tomcat initialized with port(s): 8093 (http)
2024-07-30 00:00:58.668 [main] INFO  org.apache.coyote.http11.Http11NioProtocol - Initializing ProtocolHandler ["http-nio-8093"]
2024-07-30 00:00:58.670 [main] INFO  org.apache.catalina.core.StandardService - Starting service [Tomcat]
2024-07-30 00:00:58.671 [main] INFO  org.apache.catalina.core.StandardEngine - Starting Servlet engine: [Apache Tomcat/9.0.75]
2024-07-30 00:00:58.841 [main] INFO  o.a.c.core.ContainerBase.[Tomcat].[localhost].[/] - Initializing Spring embedded WebApplicationContext
2024-07-30 00:00:58.841 [main] INFO  o.s.b.w.s.c.ServletWebServerApplicationContext - Root WebApplicationContext: initialization completed in 1207 ms
2024-07-30 00:00:59.714 [main] INFO  org.apache.coyote.http11.Http11NioProtocol - Starting ProtocolHandler ["http-nio-8093"]
2024-07-30 00:00:59.749 [main] INFO  o.s.boot.web.embedded.tomcat.TomcatWebServer - Tomcat started on port(s): 8093 (http) with context path ''
2024-07-30 00:00:59.761 [main] INFO  org.action.KdHandler - Started KdHandler in 2.608 seconds (JVM running for 3.397)
2024-07-30 00:01:33.080 [http-nio-8093-exec-1] INFO  o.a.c.core.ContainerBase.[Tomcat].[localhost].[/] - Initializing Spring DispatcherServlet 'dispatcherServlet'
2024-07-30 00:01:33.081 [http-nio-8093-exec-1] INFO  org.springframework.web.servlet.DispatcherServlet - Initializing Servlet 'dispatcherServlet'
2024-07-30 00:01:33.097 [http-nio-8093-exec-1] INFO  org.springframework.web.servlet.DispatcherServlet - Completed initialization in 16 ms
2024-07-30 10:16:48.091 [SpringApplicationShutdownHook] INFO  o.s.boot.web.embedded.tomcat.GracefulShutdown - Commencing graceful shutdown. Waiting for active requests to complete
2024-07-30 10:16:48.270 [tomcat-shutdown] INFO  o.s.boot.web.embedded.tomcat.GracefulShutdown - Graceful shutdown complete
2024-07-30 23:38:28.061 [main] INFO  org.action.KdHandler - Starting KdHandler using Java 1.8.0_181 on bogon with PID 20182 (/Users/gaozhiwei/Downloads/kd-starter/kd-platform/target/classes started by gaozhiwei in /Users/gaozhiwei/Downloads/kd-starter)
2024-07-30 23:38:28.071 [main] INFO  org.action.KdHandler - No active profile set, falling back to 1 default profile: "default"
2024-07-30 23:38:29.285 [main] INFO  o.s.d.r.config.RepositoryConfigurationDelegate - Multiple Spring Data modules found, entering strict repository configuration mode
2024-07-30 23:38:29.288 [main] INFO  o.s.d.r.config.RepositoryConfigurationDelegate - Bootstrapping Spring Data Redis repositories in DEFAULT mode.
2024-07-30 23:38:29.312 [main] INFO  o.s.d.r.config.RepositoryConfigurationDelegate - Finished Spring Data repository scanning in 7 ms. Found 0 Redis repository interfaces.
2024-07-30 23:38:29.562 [main] INFO  o.s.c.s.PostProcessorRegistrationDelegate$BeanPostProcessorChecker - Bean 'com.alicp.jetcache.anno.config.JetCacheProxyConfiguration' of type [com.alicp.jetcache.anno.config.JetCacheProxyConfiguration$$EnhancerBySpringCGLIB$$e9fa82dd] is not eligible for getting processed by all BeanPostProcessors (for example: not eligible for auto-proxying)
2024-07-30 23:38:29.586 [main] INFO  o.s.c.s.PostProcessorRegistrationDelegate$BeanPostProcessorChecker - Bean 'com.alicp.jetcache.anno.config.CommonConfiguration' of type [com.alicp.jetcache.anno.config.CommonConfiguration$$EnhancerBySpringCGLIB$$6900c855] is not eligible for getting processed by all BeanPostProcessors (for example: not eligible for auto-proxying)
2024-07-30 23:38:29.839 [main] INFO  o.s.boot.web.embedded.tomcat.TomcatWebServer - Tomcat initialized with port(s): 8093 (http)
2024-07-30 23:38:29.849 [main] INFO  org.apache.coyote.http11.Http11NioProtocol - Initializing ProtocolHandler ["http-nio-8093"]
2024-07-30 23:38:29.850 [main] INFO  org.apache.catalina.core.StandardService - Starting service [Tomcat]
2024-07-30 23:38:29.850 [main] INFO  org.apache.catalina.core.StandardEngine - Starting Servlet engine: [Apache Tomcat/9.0.75]
2024-07-30 23:38:29.963 [main] INFO  o.a.c.core.ContainerBase.[Tomcat].[localhost].[/] - Initializing Spring embedded WebApplicationContext
2024-07-30 23:38:29.963 [main] INFO  o.s.b.w.s.c.ServletWebServerApplicationContext - Root WebApplicationContext: initialization completed in 1798 ms
2024-07-30 23:38:30.300 [main] INFO  org.redisson.Version - Redisson 3.24.3
2024-07-30 23:38:30.586 [redisson-netty-2-5] INFO  o.r.connection.pool.MasterPubSubConnectionPool - 1 connections initialized for localhost/127.0.0.1:6379
2024-07-30 23:38:30.677 [redisson-netty-2-20] INFO  org.redisson.connection.pool.MasterConnectionPool - 24 connections initialized for localhost/127.0.0.1:6379
2024-07-30 23:38:31.462 [main] INFO  o.s.b.actuate.endpoint.web.EndpointLinksResolver - Exposing 1 endpoint(s) beneath base path '/actuator'
2024-07-30 23:38:31.488 [main] INFO  org.apache.coyote.http11.Http11NioProtocol - Starting ProtocolHandler ["http-nio-8093"]
2024-07-30 23:38:31.501 [main] INFO  o.s.boot.web.embedded.tomcat.TomcatWebServer - Tomcat started on port(s): 8093 (http) with context path ''
2024-07-30 23:38:31.515 [main] INFO  org.action.KdHandler - Started KdHandler in 4.569 seconds (JVM running for 5.591)
2024-07-30 23:38:31.895 [RMI TCP Connection(1)-192.168.124.8] INFO  o.a.c.core.ContainerBase.[Tomcat].[localhost].[/] - Initializing Spring DispatcherServlet 'dispatcherServlet'
2024-07-30 23:38:31.897 [RMI TCP Connection(1)-192.168.124.8] INFO  org.springframework.web.servlet.DispatcherServlet - Initializing Servlet 'dispatcherServlet'
2024-07-30 23:38:31.901 [RMI TCP Connection(1)-192.168.124.8] INFO  org.springframework.web.servlet.DispatcherServlet - Completed initialization in 2 ms
2024-07-30 23:40:15.464 [http-nio-8093-exec-8] INFO  org.action.thread.ThreadTask - CompletableFuture 爬虫 k8s docker Aigc
2024-07-30 23:41:25.557 [http-nio-8093-exec-1] INFO  org.action.thread.ThreadTask - CompletableFuture 爬虫 k8s docker Aigc
2024-07-30 23:45:38.536 [http-nio-8093-exec-4] INFO  org.action.thread.ThreadTask - CompletableFuture 爬虫 k8s docker Aigc
2024-07-30 23:51:08.612 [http-nio-8093-exec-7] INFO  org.action.thread.ThreadTask - CompletableFuture 爬虫 k8s docker Aigc
