2024-08-01 20:58:36.370 [main] INFO  org.action.KdHandler - Starting KdHandler using Java 1.8.0_181 on bogon with PID 58339 (/Users/gaozhiwei/Downloads/kd-starter/kd-platform/target/classes started by gaozhiwei in /Users/gaozhiwei/Downloads/kd-starter)
2024-08-01 20:58:36.374 [main] INFO  org.action.KdHandler - No active profile set, falling back to 1 default profile: "default"
2024-08-01 20:58:37.758 [main] INFO  o.s.d.r.config.RepositoryConfigurationDelegate - Multiple Spring Data modules found, entering strict repository configuration mode
2024-08-01 20:58:37.761 [main] INFO  o.s.d.r.config.RepositoryConfigurationDelegate - Bootstrapping Spring Data Redis repositories in DEFAULT mode.
2024-08-01 20:58:37.794 [main] INFO  o.s.d.r.config.RepositoryConfigurationDelegate - Finished Spring Data repository scanning in 10 ms. Found 0 Redis repository interfaces.
2024-08-01 20:58:38.183 [main] INFO  o.s.c.s.PostProcessorRegistrationDelegate$BeanPostProcessorChecker - Bean 'com.alicp.jetcache.anno.config.JetCacheProxyConfiguration' of type [com.alicp.jetcache.anno.config.JetCacheProxyConfiguration$$EnhancerBySpringCGLIB$$83fe0117] is not eligible for getting processed by all BeanPostProcessors (for example: not eligible for auto-proxying)
2024-08-01 20:58:38.196 [main] INFO  o.s.c.s.PostProcessorRegistrationDelegate$BeanPostProcessorChecker - Bean 'com.alicp.jetcache.anno.config.CommonConfiguration' of type [com.alicp.jetcache.anno.config.CommonConfiguration$$EnhancerBySpringCGLIB$$304468f] is not eligible for getting processed by all BeanPostProcessors (for example: not eligible for auto-proxying)
2024-08-01 20:58:38.562 [main] INFO  o.s.boot.web.embedded.tomcat.TomcatWebServer - Tomcat initialized with port(s): 8093 (http)
2024-08-01 20:58:38.586 [main] INFO  org.apache.coyote.http11.Http11NioProtocol - Initializing ProtocolHandler ["http-nio-8093"]
2024-08-01 20:58:38.587 [main] INFO  org.apache.catalina.core.StandardService - Starting service [Tomcat]
2024-08-01 20:58:38.587 [main] INFO  org.apache.catalina.core.StandardEngine - Starting Servlet engine: [Apache Tomcat/9.0.75]
2024-08-01 20:58:38.791 [main] INFO  o.a.c.core.ContainerBase.[Tomcat].[localhost].[/] - Initializing Spring embedded WebApplicationContext
2024-08-01 20:58:38.791 [main] INFO  o.s.b.w.s.c.ServletWebServerApplicationContext - Root WebApplicationContext: initialization completed in 2363 ms
2024-08-01 20:58:39.286 [main] INFO  org.redisson.Version - Redisson 3.24.3
2024-08-01 20:58:39.702 [redisson-netty-2-5] INFO  o.r.connection.pool.MasterPubSubConnectionPool - 1 connections initialized for localhost/127.0.0.1:6379
2024-08-01 20:58:39.763 [redisson-netty-2-20] INFO  org.redisson.connection.pool.MasterConnectionPool - 24 connections initialized for localhost/127.0.0.1:6379
2024-08-01 20:58:41.081 [main] INFO  o.s.b.actuate.endpoint.web.EndpointLinksResolver - Exposing 1 endpoint(s) beneath base path '/actuator'
2024-08-01 20:58:41.146 [main] INFO  org.apache.coyote.http11.Http11NioProtocol - Starting ProtocolHandler ["http-nio-8093"]
2024-08-01 20:58:41.166 [main] INFO  o.s.boot.web.embedded.tomcat.TomcatWebServer - Tomcat started on port(s): 8093 (http) with context path ''
2024-08-01 20:58:41.184 [main] INFO  org.action.KdHandler - Started KdHandler in 5.449 seconds (JVM running for 6.648)
2024-08-01 20:58:41.882 [RMI TCP Connection(1)-192.168.124.8] INFO  o.a.c.core.ContainerBase.[Tomcat].[localhost].[/] - Initializing Spring DispatcherServlet 'dispatcherServlet'
2024-08-01 20:58:41.883 [RMI TCP Connection(1)-192.168.124.8] INFO  org.springframework.web.servlet.DispatcherServlet - Initializing Servlet 'dispatcherServlet'
2024-08-01 20:58:41.885 [RMI TCP Connection(1)-192.168.124.8] INFO  org.springframework.web.servlet.DispatcherServlet - Completed initialization in 2 ms
2024-08-01 20:59:18.420 [http-nio-8093-exec-2] INFO  org.action.thread.ThreadTask - CompletableFuture 爬虫 k8s docker Aigc
2024-08-01 21:00:18.309 [http-nio-8093-exec-6] INFO  org.action.thread.ThreadTask - CompletableFuture 爬虫 k8s docker Aigc
2024-08-01 22:35:53.968 [http-nio-8093-exec-8] INFO  org.action.thread.ThreadTask - CompletableFuture 爬虫 k8s docker Aigc
2024-08-01 22:37:11.916 [http-nio-8093-exec-5] INFO  org.action.thread.ThreadTask - CompletableFuture 爬虫 k8s docker Aigc
2024-08-01 23:01:29.800 [SpringApplicationShutdownHook] INFO  o.s.boot.web.embedded.tomcat.GracefulShutdown - Commencing graceful shutdown. Waiting for active requests to complete
2024-08-01 23:01:29.861 [tomcat-shutdown] INFO  o.s.boot.web.embedded.tomcat.GracefulShutdown - Graceful shutdown complete
2024-08-01 23:38:04.956 [main] INFO  org.action.KdHandler - Starting KdHandler using Java 1.8.0_181 on bogon with PID 62694 (/Users/gaozhiwei/Downloads/kd-starter/kd-platform/target/classes started by gaozhiwei in /Users/gaozhiwei/Downloads/kd-starter)
2024-08-01 23:38:04.964 [main] INFO  org.action.KdHandler - No active profile set, falling back to 1 default profile: "default"
2024-08-01 23:38:05.980 [main] INFO  o.s.d.r.config.RepositoryConfigurationDelegate - Multiple Spring Data modules found, entering strict repository configuration mode
2024-08-01 23:38:05.982 [main] INFO  o.s.d.r.config.RepositoryConfigurationDelegate - Bootstrapping Spring Data Redis repositories in DEFAULT mode.
2024-08-01 23:38:06.012 [main] INFO  o.s.d.r.config.RepositoryConfigurationDelegate - Finished Spring Data repository scanning in 10 ms. Found 0 Redis repository interfaces.
2024-08-01 23:38:06.266 [main] INFO  o.s.c.s.PostProcessorRegistrationDelegate$BeanPostProcessorChecker - Bean 'com.alicp.jetcache.anno.config.JetCacheProxyConfiguration' of type [com.alicp.jetcache.anno.config.JetCacheProxyConfiguration$$EnhancerBySpringCGLIB$$62678be3] is not eligible for getting processed by all BeanPostProcessors (for example: not eligible for auto-proxying)
2024-08-01 23:38:06.279 [main] INFO  o.s.c.s.PostProcessorRegistrationDelegate$BeanPostProcessorChecker - Bean 'com.alicp.jetcache.anno.config.CommonConfiguration' of type [com.alicp.jetcache.anno.config.CommonConfiguration$$EnhancerBySpringCGLIB$$e16dd15b] is not eligible for getting processed by all BeanPostProcessors (for example: not eligible for auto-proxying)
2024-08-01 23:38:06.528 [main] INFO  o.s.boot.web.embedded.tomcat.TomcatWebServer - Tomcat initialized with port(s): 8093 (http)
2024-08-01 23:38:06.537 [main] INFO  org.apache.coyote.http11.Http11NioProtocol - Initializing ProtocolHandler ["http-nio-8093"]
2024-08-01 23:38:06.539 [main] INFO  org.apache.catalina.core.StandardService - Starting service [Tomcat]
2024-08-01 23:38:06.539 [main] INFO  org.apache.catalina.core.StandardEngine - Starting Servlet engine: [Apache Tomcat/9.0.75]
2024-08-01 23:38:06.832 [main] INFO  o.a.c.core.ContainerBase.[Tomcat].[localhost].[/] - Initializing Spring embedded WebApplicationContext
2024-08-01 23:38:06.833 [main] INFO  o.s.b.w.s.c.ServletWebServerApplicationContext - Root WebApplicationContext: initialization completed in 1808 ms
2024-08-01 23:38:07.416 [main] INFO  org.redisson.Version - Redisson 3.24.3
2024-08-01 23:38:07.620 [redisson-netty-2-4] INFO  o.r.connection.pool.MasterPubSubConnectionPool - 1 connections initialized for 127.0.0.1/127.0.0.1:6379
2024-08-01 23:38:07.695 [redisson-netty-2-19] INFO  org.redisson.connection.pool.MasterConnectionPool - 24 connections initialized for 127.0.0.1/127.0.0.1:6379
2024-08-01 23:38:08.179 [main] INFO  c.a.jetcache.autoconfigure.AbstractCacheAutoInit - init cache area default , type= caffeine
2024-08-01 23:38:08.188 [main] INFO  c.a.jetcache.autoconfigure.AbstractCacheAutoInit - init cache area default , type= redisson
2024-08-01 23:38:08.212 [main] INFO  com.alicp.jetcache.support.DefaultMetricsManager - cache stat period at 1 MINUTES
2024-08-01 23:38:08.664 [main] INFO  o.s.b.actuate.endpoint.web.EndpointLinksResolver - Exposing 1 endpoint(s) beneath base path '/actuator'
2024-08-01 23:38:08.691 [main] INFO  org.apache.coyote.http11.Http11NioProtocol - Starting ProtocolHandler ["http-nio-8093"]
2024-08-01 23:38:08.707 [main] INFO  o.s.boot.web.embedded.tomcat.TomcatWebServer - Tomcat started on port(s): 8093 (http) with context path ''
2024-08-01 23:38:08.722 [main] INFO  org.action.KdHandler - Started KdHandler in 4.48 seconds (JVM running for 5.684)
2024-08-01 23:38:09.089 [RMI TCP Connection(4)-192.168.124.8] INFO  o.a.c.core.ContainerBase.[Tomcat].[localhost].[/] - Initializing Spring DispatcherServlet 'dispatcherServlet'
2024-08-01 23:38:09.090 [RMI TCP Connection(4)-192.168.124.8] INFO  org.springframework.web.servlet.DispatcherServlet - Initializing Servlet 'dispatcherServlet'
2024-08-01 23:38:09.091 [RMI TCP Connection(4)-192.168.124.8] INFO  org.springframework.web.servlet.DispatcherServlet - Completed initialization in 1 ms
2024-08-01 23:39:00.010 [JetCacheDefaultExecutor] INFO  com.alicp.jetcache.support.StatInfoLogger - jetcache stat from 2024-08-01 23:38:08,205 to 2024-08-01 23:39:00,005
cache|       qps|   rate|           get|           hit|          fail|        expire|avgLoadTime|maxLoadTime
-----+----------+-------+--------------+--------------+--------------+--------------+-----------+-----------
-----+----------+-------+--------------+--------------+--------------+--------------+-----------+-----------

2024-08-01 23:40:00.005 [JetCacheDefaultExecutor] INFO  com.alicp.jetcache.support.StatInfoLogger - jetcache stat from 2024-08-01 23:39:00,005 to 2024-08-01 23:40:00,002
cache|       qps|   rate|           get|           hit|          fail|        expire|avgLoadTime|maxLoadTime
-----+----------+-------+--------------+--------------+--------------+--------------+-----------+-----------
-----+----------+-------+--------------+--------------+--------------+--------------+-----------+-----------

2024-08-01 23:41:00.008 [JetCacheDefaultExecutor] INFO  com.alicp.jetcache.support.StatInfoLogger - jetcache stat from 2024-08-01 23:40:00,002 to 2024-08-01 23:41:00,005
cache|       qps|   rate|           get|           hit|          fail|        expire|avgLoadTime|maxLoadTime
-----+----------+-------+--------------+--------------+--------------+--------------+-----------+-----------
-----+----------+-------+--------------+--------------+--------------+--------------+-----------+-----------

2024-08-01 23:42:00.008 [JetCacheDefaultExecutor] INFO  com.alicp.jetcache.support.StatInfoLogger - jetcache stat from 2024-08-01 23:41:00,005 to 2024-08-01 23:42:00,006
cache|       qps|   rate|           get|           hit|          fail|        expire|avgLoadTime|maxLoadTime
-----+----------+-------+--------------+--------------+--------------+--------------+-----------+-----------
-----+----------+-------+--------------+--------------+--------------+--------------+-----------+-----------

2024-08-01 23:43:00.008 [JetCacheDefaultExecutor] INFO  com.alicp.jetcache.support.StatInfoLogger - jetcache stat from 2024-08-01 23:42:00,006 to 2024-08-01 23:43:00,006
cache|       qps|   rate|           get|           hit|          fail|        expire|avgLoadTime|maxLoadTime
-----+----------+-------+--------------+--------------+--------------+--------------+-----------+-----------
-----+----------+-------+--------------+--------------+--------------+--------------+-----------+-----------

2024-08-01 23:44:00.006 [JetCacheDefaultExecutor] INFO  com.alicp.jetcache.support.StatInfoLogger - jetcache stat from 2024-08-01 23:43:00,006 to 2024-08-01 23:44:00,005
cache|       qps|   rate|           get|           hit|          fail|        expire|avgLoadTime|maxLoadTime
-----+----------+-------+--------------+--------------+--------------+--------------+-----------+-----------
-----+----------+-------+--------------+--------------+--------------+--------------+-----------+-----------

2024-08-01 23:45:00.005 [JetCacheDefaultExecutor] INFO  com.alicp.jetcache.support.StatInfoLogger - jetcache stat from 2024-08-01 23:44:00,005 to 2024-08-01 23:45:00,004
cache|       qps|   rate|           get|           hit|          fail|        expire|avgLoadTime|maxLoadTime
-----+----------+-------+--------------+--------------+--------------+--------------+-----------+-----------
-----+----------+-------+--------------+--------------+--------------+--------------+-----------+-----------

2024-08-01 23:46:00.012 [JetCacheDefaultExecutor] INFO  com.alicp.jetcache.support.StatInfoLogger - jetcache stat from 2024-08-01 23:45:00,004 to 2024-08-01 23:46:00,005
cache|       qps|   rate|           get|           hit|          fail|        expire|avgLoadTime|maxLoadTime
-----+----------+-------+--------------+--------------+--------------+--------------+-----------+-----------
-----+----------+-------+--------------+--------------+--------------+--------------+-----------+-----------

2024-08-01 23:47:00.030 [JetCacheDefaultExecutor] INFO  com.alicp.jetcache.support.StatInfoLogger - jetcache stat from 2024-08-01 23:46:00,005 to 2024-08-01 23:47:00,013
cache|       qps|   rate|           get|           hit|          fail|        expire|avgLoadTime|maxLoadTime
-----+----------+-------+--------------+--------------+--------------+--------------+-----------+-----------
-----+----------+-------+--------------+--------------+--------------+--------------+-----------+-----------

2024-08-01 23:47:13.931 [http-nio-8093-exec-1] INFO  org.action.thread.ThreadTask - CompletableFuture 爬虫 k8s docker Aigc
2024-08-01 23:48:00.007 [JetCacheDefaultExecutor] INFO  com.alicp.jetcache.support.StatInfoLogger - jetcache stat from 2024-08-01 23:47:00,013 to 2024-08-01 23:48:00,005
cache|       qps|   rate|           get|           hit|          fail|        expire|avgLoadTime|maxLoadTime
-----+----------+-------+--------------+--------------+--------------+--------------+-----------+-----------
-----+----------+-------+--------------+--------------+--------------+--------------+-----------+-----------

2024-08-01 23:49:00.009 [JetCacheDefaultExecutor] INFO  com.alicp.jetcache.support.StatInfoLogger - jetcache stat from 2024-08-01 23:48:00,005 to 2024-08-01 23:49:00,006
cache|       qps|   rate|           get|           hit|          fail|        expire|avgLoadTime|maxLoadTime
-----+----------+-------+--------------+--------------+--------------+--------------+-----------+-----------
-----+----------+-------+--------------+--------------+--------------+--------------+-----------+-----------

2024-08-01 23:50:00.007 [JetCacheDefaultExecutor] INFO  com.alicp.jetcache.support.StatInfoLogger - jetcache stat from 2024-08-01 23:49:00,006 to 2024-08-01 23:50:00,006
cache|       qps|   rate|           get|           hit|          fail|        expire|avgLoadTime|maxLoadTime
-----+----------+-------+--------------+--------------+--------------+--------------+-----------+-----------
-----+----------+-------+--------------+--------------+--------------+--------------+-----------+-----------

2024-08-01 23:51:00.011 [JetCacheDefaultExecutor] INFO  com.alicp.jetcache.support.StatInfoLogger - jetcache stat from 2024-08-01 23:50:00,006 to 2024-08-01 23:51:00,008
cache|       qps|   rate|           get|           hit|          fail|        expire|avgLoadTime|maxLoadTime
-----+----------+-------+--------------+--------------+--------------+--------------+-----------+-----------
-----+----------+-------+--------------+--------------+--------------+--------------+-----------+-----------

