2024-07-21 12:06:16.067 [main] WARN  o.s.b.w.s.c.AnnotationConfigServletWebServerApplicationContext - Exception encountered during context initialization - cancelling refresh attempt: org.springframework.context.ApplicationContextException: Failed to start bean 'webServerStartStop'; nested exception is org.springframework.boot.web.server.PortInUseException: Port 8093 is already in use
2024-07-21 12:09:04.450 [main] WARN  o.s.b.w.s.c.AnnotationConfigServletWebServerApplicationContext - Exception encountered during context initialization - cancelling refresh attempt: org.springframework.context.ApplicationContextException: Failed to start bean 'webServerStartStop'; nested exception is org.springframework.boot.web.server.PortInUseException: Port 8093 is already in use
2024-07-21 12:14:16.101 [kd-starter-threadPool-1] WARN  org.action.thread.ThreadTask - 
                  人生之艰难
               就像那不息之长河
          虽有东去大海之志 却流程缓慢 征程多坚
    然 江河水总有入海之时，而人生之志 却常常难以实现 令人抱恨终身!!

2024-07-21 12:14:17.971 [kd-starter-threadPool-2] WARN  org.action.thread.ThreadTask - 
                  人生之艰难
               就像那不息之长河
          虽有东去大海之志 却流程缓慢 征程多坚
    然 江河水总有入海之时，而人生之志 却常常难以实现 令人抱恨终身!!

2024-07-21 12:14:18.402 [kd-starter-threadPool-3] WARN  org.action.thread.ThreadTask - 
                  人生之艰难
               就像那不息之长河
          虽有东去大海之志 却流程缓慢 征程多坚
    然 江河水总有入海之时，而人生之志 却常常难以实现 令人抱恨终身!!

2024-07-21 12:15:11.838 [kd-starter-threadPool-4] WARN  org.action.thread.ThreadTask - 
                  人生之艰难
               就像那不息之长河
          虽有东去大海之志 却流程缓慢 征程多坚
    然 江河水总有入海之时，而人生之志 却常常难以实现 令人抱恨终身!!

2024-07-21 12:15:45.714 [kd-starter-threadPool-5] WARN  org.action.thread.ThreadTask - 
                  人生之艰难
               就像那不息之长河
          虽有东去大海之志 却流程缓慢 征程多坚
    然 江河水总有入海之时，而人生之志 却常常难以实现 令人抱恨终身!!

2024-07-21 12:15:46.707 [kd-starter-threadPool-6] WARN  org.action.thread.ThreadTask - 
                  人生之艰难
               就像那不息之长河
          虽有东去大海之志 却流程缓慢 征程多坚
    然 江河水总有入海之时，而人生之志 却常常难以实现 令人抱恨终身!!

2024-07-21 12:15:47.850 [kd-starter-threadPool-7] WARN  org.action.thread.ThreadTask - 
                  人生之艰难
               就像那不息之长河
          虽有东去大海之志 却流程缓慢 征程多坚
    然 江河水总有入海之时，而人生之志 却常常难以实现 令人抱恨终身!!

2024-07-21 12:15:48.717 [kd-starter-threadPool-8] WARN  org.action.thread.ThreadTask - 
                  人生之艰难
               就像那不息之长河
          虽有东去大海之志 却流程缓慢 征程多坚
    然 江河水总有入海之时，而人生之志 却常常难以实现 令人抱恨终身!!

2024-07-21 12:36:49.525 [kd-starter-threadPool-9] WARN  org.action.thread.ThreadTask - 
                  人生之艰难
               就像那不息之长河
          虽有东去大海之志 却流程缓慢 征程多坚
    然 江河水总有入海之时，而人生之志 却常常难以实现 令人抱恨终身!!

