2024-07-31 01:43:17.474 [main] WARN  i.n.resolver.dns.DnsServerAddressStreamProviders - Can not find io.netty.resolver.dns.macos.MacOSDnsServerAddressStreamProvider in the classpath, fallback to system defaults. This may result in incorrect DNS resolutions on MacOS. Check whether you have a dependency on 'io.netty:netty-resolver-dns-native-macos'
2024-07-31 01:43:28.932 [kd-starter-threadPool-1] WARN  org.action.thread.ThreadTask - 
                  人生之艰难
               就像那不息之长河
          虽有东去大海之志 却流程缓慢 征程多坚
    然 江河水总有入海之时，而人生之志 却常常难以实现 令人抱恨终身!!

2024-07-31 01:44:34.066 [kd-starter-threadPool-2] WARN  org.action.thread.ThreadTask - 
                  人生之艰难
               就像那不息之长河
          虽有东去大海之志 却流程缓慢 征程多坚
    然 江河水总有入海之时，而人生之志 却常常难以实现 令人抱恨终身!!

2024-07-31 01:44:40.456 [kd-starter-threadPool-3] WARN  org.action.thread.ThreadTask - 
                  人生之艰难
               就像那不息之长河
          虽有东去大海之志 却流程缓慢 征程多坚
    然 江河水总有入海之时，而人生之志 却常常难以实现 令人抱恨终身!!

2024-07-31 01:46:16.014 [kd-starter-threadPool-4] WARN  org.action.thread.ThreadTask - 
                  人生之艰难
               就像那不息之长河
          虽有东去大海之志 却流程缓慢 征程多坚
    然 江河水总有入海之时，而人生之志 却常常难以实现 令人抱恨终身!!

2024-07-31 01:47:16.601 [kd-starter-threadPool-5] WARN  org.action.thread.ThreadTask - 
                  人生之艰难
               就像那不息之长河
          虽有东去大海之志 却流程缓慢 征程多坚
    然 江河水总有入海之时，而人生之志 却常常难以实现 令人抱恨终身!!

2024-07-31 01:57:43.799 [main] WARN  i.n.resolver.dns.DnsServerAddressStreamProviders - Can not find io.netty.resolver.dns.macos.MacOSDnsServerAddressStreamProvider in the classpath, fallback to system defaults. This may result in incorrect DNS resolutions on MacOS. Check whether you have a dependency on 'io.netty:netty-resolver-dns-native-macos'
2024-07-31 01:58:02.223 [main] WARN  i.n.resolver.dns.DnsServerAddressStreamProviders - Can not find io.netty.resolver.dns.macos.MacOSDnsServerAddressStreamProvider in the classpath, fallback to system defaults. This may result in incorrect DNS resolutions on MacOS. Check whether you have a dependency on 'io.netty:netty-resolver-dns-native-macos'
2024-07-31 01:58:12.748 [kd-starter-threadPool-1] WARN  org.action.thread.ThreadTask - 
                  人生之艰难
               就像那不息之长河
          虽有东去大海之志 却流程缓慢 征程多坚
    然 江河水总有入海之时，而人生之志 却常常难以实现 令人抱恨终身!!

2024-07-31 01:59:30.016 [kd-starter-threadPool-2] WARN  org.action.thread.ThreadTask - 
                  人生之艰难
               就像那不息之长河
          虽有东去大海之志 却流程缓慢 征程多坚
    然 江河水总有入海之时，而人生之志 却常常难以实现 令人抱恨终身!!

2024-07-31 02:00:40.916 [kd-starter-threadPool-3] WARN  org.action.thread.ThreadTask - 
                  人生之艰难
               就像那不息之长河
          虽有东去大海之志 却流程缓慢 征程多坚
    然 江河水总有入海之时，而人生之志 却常常难以实现 令人抱恨终身!!

2024-07-31 02:01:57.402 [kd-starter-threadPool-4] WARN  org.action.thread.ThreadTask - 
                  人生之艰难
               就像那不息之长河
          虽有东去大海之志 却流程缓慢 征程多坚
    然 江河水总有入海之时，而人生之志 却常常难以实现 令人抱恨终身!!

2024-07-31 15:20:57.519 [main] WARN  i.n.resolver.dns.DnsServerAddressStreamProviders - Can not find io.netty.resolver.dns.macos.MacOSDnsServerAddressStreamProvider in the classpath, fallback to system defaults. This may result in incorrect DNS resolutions on MacOS. Check whether you have a dependency on 'io.netty:netty-resolver-dns-native-macos'
2024-07-31 15:21:49.561 [kd-starter-threadPool-1] WARN  org.action.thread.ThreadTask - 
                  人生之艰难
               就像那不息之长河
          虽有东去大海之志 却流程缓慢 征程多坚
    然 江河水总有入海之时，而人生之志 却常常难以实现 令人抱恨终身!!

2024-07-31 21:28:12.404 [kd-starter-threadPool-2] WARN  org.action.thread.ThreadTask - 
                  人生之艰难
               就像那不息之长河
          虽有东去大海之志 却流程缓慢 征程多坚
    然 江河水总有入海之时，而人生之志 却常常难以实现 令人抱恨终身!!

2024-07-31 21:32:51.554 [main] WARN  i.n.resolver.dns.DnsServerAddressStreamProviders - Can not find io.netty.resolver.dns.macos.MacOSDnsServerAddressStreamProvider in the classpath, fallback to system defaults. This may result in incorrect DNS resolutions on MacOS. Check whether you have a dependency on 'io.netty:netty-resolver-dns-native-macos'
2024-07-31 21:33:37.209 [kd-starter-threadPool-1] WARN  org.action.thread.ThreadTask - 
                  人生之艰难
               就像那不息之长河
          虽有东去大海之志 却流程缓慢 征程多坚
    然 江河水总有入海之时，而人生之志 却常常难以实现 令人抱恨终身!!

2024-07-31 22:33:11.402 [main] WARN  i.n.resolver.dns.DnsServerAddressStreamProviders - Can not find io.netty.resolver.dns.macos.MacOSDnsServerAddressStreamProvider in the classpath, fallback to system defaults. This may result in incorrect DNS resolutions on MacOS. Check whether you have a dependency on 'io.netty:netty-resolver-dns-native-macos'
2024-07-31 22:33:32.340 [kd-starter-threadPool-1] WARN  org.action.thread.ThreadTask - 
                  人生之艰难
               就像那不息之长河
          虽有东去大海之志 却流程缓慢 征程多坚
    然 江河水总有入海之时，而人生之志 却常常难以实现 令人抱恨终身!!

2024-07-31 22:35:07.532 [main] WARN  i.n.resolver.dns.DnsServerAddressStreamProviders - Can not find io.netty.resolver.dns.macos.MacOSDnsServerAddressStreamProvider in the classpath, fallback to system defaults. This may result in incorrect DNS resolutions on MacOS. Check whether you have a dependency on 'io.netty:netty-resolver-dns-native-macos'
2024-07-31 22:35:19.394 [kd-starter-threadPool-1] WARN  org.action.thread.ThreadTask - 
                  人生之艰难
               就像那不息之长河
          虽有东去大海之志 却流程缓慢 征程多坚
    然 江河水总有入海之时，而人生之志 却常常难以实现 令人抱恨终身!!

2024-07-31 23:06:19.588 [kd-starter-threadPool-2] WARN  org.action.thread.ThreadTask - 
                  人生之艰难
               就像那不息之长河
          虽有东去大海之志 却流程缓慢 征程多坚
    然 江河水总有入海之时，而人生之志 却常常难以实现 令人抱恨终身!!

2024-07-31 23:08:14.891 [kd-starter-threadPool-3] WARN  org.action.thread.ThreadTask - 
                  人生之艰难
               就像那不息之长河
          虽有东去大海之志 却流程缓慢 征程多坚
    然 江河水总有入海之时，而人生之志 却常常难以实现 令人抱恨终身!!

2024-07-31 23:41:35.330 [kd-starter-threadPool-4] WARN  org.action.thread.ThreadTask - 
                  人生之艰难
               就像那不息之长河
          虽有东去大海之志 却流程缓慢 征程多坚
    然 江河水总有入海之时，而人生之志 却常常难以实现 令人抱恨终身!!

