2024-07-20 13:48:03.219 [kd-starter-threadPool-1] WARN  org.action.thread.ThreadTask - 
                  人生之艰难
               就像那不息之长河
          虽有东去大海之志 却流程缓慢 征程多坚
    然 江河水总有入海之时，而人生之志 却常常难以实现 令人抱恨终身!!

2024-07-20 13:54:28.129 [kd-starter-threadPool-1] WARN  org.action.thread.ThreadTask - 
                  人生之艰难
               就像那不息之长河
          虽有东去大海之志 却流程缓慢 征程多坚
    然 江河水总有入海之时，而人生之志 却常常难以实现 令人抱恨终身!!

2024-07-20 13:54:30.357 [kd-starter-threadPool-2] WARN  org.action.thread.ThreadTask - 
                  人生之艰难
               就像那不息之长河
          虽有东去大海之志 却流程缓慢 征程多坚
    然 江河水总有入海之时，而人生之志 却常常难以实现 令人抱恨终身!!

2024-07-20 14:56:41.981 [kd-starter-threadPool-3] WARN  org.action.thread.ThreadTask - 
                  人生之艰难
               就像那不息之长河
          虽有东去大海之志 却流程缓慢 征程多坚
    然 江河水总有入海之时，而人生之志 却常常难以实现 令人抱恨终身!!

2024-07-20 14:56:43.777 [kd-starter-threadPool-4] WARN  org.action.thread.ThreadTask - 
                  人生之艰难
               就像那不息之长河
          虽有东去大海之志 却流程缓慢 征程多坚
    然 江河水总有入海之时，而人生之志 却常常难以实现 令人抱恨终身!!

