2024-08-01 20:58:39.378 [main] WARN  i.n.resolver.dns.DnsServerAddressStreamProviders - Can not find io.netty.resolver.dns.macos.MacOSDnsServerAddressStreamProvider in the classpath, fallback to system defaults. This may result in incorrect DNS resolutions on MacOS. Check whether you have a dependency on 'io.netty:netty-resolver-dns-native-macos'
2024-08-01 20:59:18.444 [kd-starter-threadPool-1] WARN  org.action.thread.ThreadTask - 
                  人生之艰难
               就像那不息之长河
          虽有东去大海之志 却流程缓慢 征程多坚
    然 江河水总有入海之时，而人生之志 却常常难以实现 令人抱恨终身!!

2024-08-01 21:00:18.311 [kd-starter-threadPool-2] WARN  org.action.thread.ThreadTask - 
                  人生之艰难
               就像那不息之长河
          虽有东去大海之志 却流程缓慢 征程多坚
    然 江河水总有入海之时，而人生之志 却常常难以实现 令人抱恨终身!!

2024-08-01 22:35:53.980 [kd-starter-threadPool-3] WARN  org.action.thread.ThreadTask - 
                  人生之艰难
               就像那不息之长河
          虽有东去大海之志 却流程缓慢 征程多坚
    然 江河水总有入海之时，而人生之志 却常常难以实现 令人抱恨终身!!

2024-08-01 22:36:34.060 [http-nio-8093-exec-4] WARN  o.s.w.s.m.support.DefaultHandlerExceptionResolver - Resolved [org.springframework.web.bind.MissingServletRequestParameterException: Required request parameter 'key' for method parameter type String is not present]
2024-08-01 22:37:11.918 [kd-starter-threadPool-4] WARN  org.action.thread.ThreadTask - 
                  人生之艰难
               就像那不息之长河
          虽有东去大海之志 却流程缓慢 征程多坚
    然 江河水总有入海之时，而人生之志 却常常难以实现 令人抱恨终身!!

2024-08-01 23:38:07.445 [main] WARN  i.n.resolver.dns.DnsServerAddressStreamProviders - Can not find io.netty.resolver.dns.macos.MacOSDnsServerAddressStreamProvider in the classpath, fallback to system defaults. This may result in incorrect DNS resolutions on MacOS. Check whether you have a dependency on 'io.netty:netty-resolver-dns-native-macos'
2024-08-01 23:47:13.956 [kd-starter-threadPool-1] WARN  org.action.thread.ThreadTask - 
                  人生之艰难
               就像那不息之长河
          虽有东去大海之志 却流程缓慢 征程多坚
    然 江河水总有入海之时，而人生之志 却常常难以实现 令人抱恨终身!!

