2024-05-30 15:55:08.882 [kd-starter-threadPool-1] WARN  org.action.thread.ThreadTask - 人生之艰难 就像那不息之长河 虽有东去大海之志 却流程缓慢 征程多坚 然 江河水总有入海之时，而人生之志 却常常难以实现 令人抱恨终身!!

2024-05-30 20:18:45.815 [kd-starter-threadPool-1] WARN  org.action.thread.ThreadTask - 人生之艰难 就像那不息之长河 虽有东去大海之志 却流程缓慢 征程多坚
 然 江河水总有入海之时，而人生之志 却常常难以实现 令人抱恨终身!!

2024-05-30 20:20:28.165 [kd-starter-threadPool-1] WARN  org.action.thread.ThreadTask - 人生之艰难
 就像那不息之长河
虽有东去大海之志 却流程缓慢 征程多坚
 然 江河水总有入海之时，而人生之志 却常常难以实现 令人抱恨终身!!

2024-05-30 20:21:30.538 [kd-starter-threadPool-1] WARN  org.action.thread.ThreadTask - 人生之艰难
 就像那不息之长河
虽有东去大海之志 却流程缓慢 征程多坚
 然 江河水总有入海之时，而人生之志 却常常难以实现 令人抱恨终身!!

2024-05-30 20:21:55.889 [kd-starter-threadPool-2] WARN  org.action.thread.ThreadTask - 人生之艰难
 就像那不息之长河
虽有东去大海之志 却流程缓慢 征程多坚
 然 江河水总有入海之时，而人生之志 却常常难以实现 令人抱恨终身!!

2024-05-30 20:36:55.445 [kd-starter-threadPool-3] WARN  org.action.thread.ThreadTask - 人生之艰难
 就像那不息之长河
虽有东去大海之志 却流程缓慢 征程多坚
 然 江河水总有入海之时，而人生之志 却常常难以实现 令人抱恨终身!!

2024-05-30 20:37:07.603 [kd-starter-threadPool-4] WARN  org.action.thread.ThreadTask - 人生之艰难
 就像那不息之长河
虽有东去大海之志 却流程缓慢 征程多坚
 然 江河水总有入海之时，而人生之志 却常常难以实现 令人抱恨终身!!

2024-05-30 20:37:08.943 [kd-starter-threadPool-5] WARN  org.action.thread.ThreadTask - 人生之艰难
 就像那不息之长河
虽有东去大海之志 却流程缓慢 征程多坚
 然 江河水总有入海之时，而人生之志 却常常难以实现 令人抱恨终身!!

2024-05-30 20:37:13.886 [kd-starter-threadPool-6] WARN  org.action.thread.ThreadTask - 人生之艰难
 就像那不息之长河
虽有东去大海之志 却流程缓慢 征程多坚
 然 江河水总有入海之时，而人生之志 却常常难以实现 令人抱恨终身!!

2024-05-30 20:37:25.100 [kd-starter-threadPool-7] WARN  org.action.thread.ThreadTask - 人生之艰难
 就像那不息之长河
虽有东去大海之志 却流程缓慢 征程多坚
 然 江河水总有入海之时，而人生之志 却常常难以实现 令人抱恨终身!!

2024-05-30 20:37:26.104 [kd-starter-threadPool-8] WARN  org.action.thread.ThreadTask - 人生之艰难
 就像那不息之长河
虽有东去大海之志 却流程缓慢 征程多坚
 然 江河水总有入海之时，而人生之志 却常常难以实现 令人抱恨终身!!

2024-05-30 20:38:04.968 [kd-starter-threadPool-9] WARN  org.action.thread.ThreadTask - 人生之艰难
 就像那不息之长河
虽有东去大海之志 却流程缓慢 征程多坚
 然 江河水总有入海之时，而人生之志 却常常难以实现 令人抱恨终身!!

2024-05-30 20:46:11.999 [kd-starter-threadPool-10] WARN  org.action.thread.ThreadTask - 人生之艰难
 就像那不息之长河
虽有东去大海之志 却流程缓慢 征程多坚
 然 江河水总有入海之时，而人生之志 却常常难以实现 令人抱恨终身!!

2024-05-30 20:46:19.796 [kd-starter-threadPool-1] WARN  org.action.thread.ThreadTask - 人生之艰难
 就像那不息之长河
虽有东去大海之志 却流程缓慢 征程多坚
 然 江河水总有入海之时，而人生之志 却常常难以实现 令人抱恨终身!!

