2024-06-01 12:52:42.300 [kd-starter-threadPool-2] WARN  org.action.thread.ThreadTask - 人生之艰难
 就像那不息之长河
虽有东去大海之志 却流程缓慢 征程多坚
 然 江河水总有入海之时，而人生之志 却常常难以实现 令人抱恨终身!!

2024-06-01 12:52:49.869 [kd-starter-threadPool-3] WARN  org.action.thread.ThreadTask - 人生之艰难
 就像那不息之长河
虽有东去大海之志 却流程缓慢 征程多坚
 然 江河水总有入海之时，而人生之志 却常常难以实现 令人抱恨终身!!

2024-06-01 12:52:51.331 [kd-starter-threadPool-4] WARN  org.action.thread.ThreadTask - 人生之艰难
 就像那不息之长河
虽有东去大海之志 却流程缓慢 征程多坚
 然 江河水总有入海之时，而人生之志 却常常难以实现 令人抱恨终身!!

2024-06-01 12:52:52.675 [kd-starter-threadPool-5] WARN  org.action.thread.ThreadTask - 人生之艰难
 就像那不息之长河
虽有东去大海之志 却流程缓慢 征程多坚
 然 江河水总有入海之时，而人生之志 却常常难以实现 令人抱恨终身!!

2024-06-01 12:52:53.186 [kd-starter-threadPool-6] WARN  org.action.thread.ThreadTask - 人生之艰难
 就像那不息之长河
虽有东去大海之志 却流程缓慢 征程多坚
 然 江河水总有入海之时，而人生之志 却常常难以实现 令人抱恨终身!!

2024-06-01 12:52:53.525 [kd-starter-threadPool-7] WARN  org.action.thread.ThreadTask - 人生之艰难
 就像那不息之长河
虽有东去大海之志 却流程缓慢 征程多坚
 然 江河水总有入海之时，而人生之志 却常常难以实现 令人抱恨终身!!

2024-06-01 12:52:54.241 [kd-starter-threadPool-8] WARN  org.action.thread.ThreadTask - 人生之艰难
 就像那不息之长河
虽有东去大海之志 却流程缓慢 征程多坚
 然 江河水总有入海之时，而人生之志 却常常难以实现 令人抱恨终身!!

2024-06-01 13:24:14.939 [kd-starter-threadPool-9] WARN  org.action.thread.ThreadTask - 人生之艰难
 就像那不息之长河
虽有东去大海之志 却流程缓慢 征程多坚
 然 江河水总有入海之时，而人生之志 却常常难以实现 令人抱恨终身!!

2024-06-01 13:24:19.719 [kd-starter-threadPool-10] WARN  org.action.thread.ThreadTask - 人生之艰难
 就像那不息之长河
虽有东去大海之志 却流程缓慢 征程多坚
 然 江河水总有入海之时，而人生之志 却常常难以实现 令人抱恨终身!!

2024-06-01 13:25:26.385 [http-nio-8093-exec-1] WARN  o.s.w.s.m.support.DefaultHandlerExceptionResolver - Resolved [org.springframework.web.HttpRequestMethodNotSupportedException: Request method 'GET' not supported]
2024-06-01 13:27:53.226 [http-nio-8093-exec-3] WARN  o.s.w.s.m.support.DefaultHandlerExceptionResolver - Resolved [org.springframework.web.HttpRequestMethodNotSupportedException: Request method 'GET' not supported]
2024-06-01 13:28:20.681 [kd-starter-threadPool-1] WARN  org.action.thread.ThreadTask - 人生之艰难
 就像那不息之长河
虽有东去大海之志 却流程缓慢 征程多坚
 然 江河水总有入海之时，而人生之志 却常常难以实现 令人抱恨终身!!

