2024-08-09 00:06:24.357 [main] ERROR o.a.d.registry.nacos.util.NacosNamingServiceUtils -  [DUBBO] Failed to create nacos naming service client. Reason: server status check failed., dubbo version: 3.2.10, current host: 192.168.124.8, error code: 1-37. This may be caused by , go to https://dubbo.apache.org/faq/1/37 to find instructions. 
2024-08-09 00:06:24.373 [main] ERROR o.apache.dubbo.config.deploy.DefaultModuleDeployer -  [DUBBO] Model start failed: Dubbo Module[1.1.1] start failed: java.lang.RuntimeException: Can not create registry service-discovery-registry://123.249.77.250:8848/org.apache.dubbo.registry.RegistryService?application=kd-notice&dubbo=2.0.2&executor-management-mode=isolation&file-cache=true&group=dubbo&interface=org.apache.dubbo.registry.RegistryService&namespace=c9e8c703-488b-4f1e-b044-f60b1d219f77&pid=42825&qos.accept.foreign.ip=false&qos.enable=false&register=false&registry=nacos&release=3.2.10&serialize.check.status=WARN, dubbo version: 3.2.10, current host: 192.168.124.8, error code: 5-14. This may be caused by , go to https://dubbo.apache.org/faq/5/14 to find instructions. 
java.lang.RuntimeException: Can not create registry service-discovery-registry://123.249.77.250:8848/org.apache.dubbo.registry.RegistryService?application=kd-notice&dubbo=2.0.2&executor-management-mode=isolation&file-cache=true&group=dubbo&interface=org.apache.dubbo.registry.RegistryService&namespace=c9e8c703-488b-4f1e-b044-f60b1d219f77&pid=42825&qos.accept.foreign.ip=false&qos.enable=false&register=false&registry=nacos&release=3.2.10&serialize.check.status=WARN
	at org.apache.dubbo.registry.support.AbstractRegistryFactory.getRegistry(AbstractRegistryFactory.java:105)
	at org.apache.dubbo.registry.RegistryFactoryWrapper.getRegistry(RegistryFactoryWrapper.java:33)
	at org.apache.dubbo.registry.RegistryFactory$Adaptive.getRegistry(RegistryFactory$Adaptive.java)
	at org.apache.dubbo.registry.integration.RegistryProtocol.getRegistry(RegistryProtocol.java:487)
	at org.apache.dubbo.registry.integration.RegistryProtocol.export(RegistryProtocol.java:294)
	at org.apache.dubbo.qos.protocol.QosProtocolWrapper.export(QosProtocolWrapper.java:79)
	at org.apache.dubbo.rpc.protocol.ProtocolSecurityWrapper.export(ProtocolSecurityWrapper.java:84)
	at org.apache.dubbo.rpc.protocol.ProtocolListenerWrapper.export(ProtocolListenerWrapper.java:66)
	at org.apache.dubbo.rpc.cluster.filter.ProtocolFilterWrapper.export(ProtocolFilterWrapper.java:58)
	at org.apache.dubbo.rpc.protocol.ProtocolSerializationWrapper.export(ProtocolSerializationWrapper.java:50)
	at org.apache.dubbo.rpc.protocol.InvokerCountWrapper.export(InvokerCountWrapper.java:42)
	at org.apache.dubbo.rpc.Protocol$Adaptive.export(Protocol$Adaptive.java)
	at org.apache.dubbo.config.ServiceConfig.doExportUrl(ServiceConfig.java:944)
	at org.apache.dubbo.config.ServiceConfig.exportRemote(ServiceConfig.java:914)
	at org.apache.dubbo.config.ServiceConfig.exportUrl(ServiceConfig.java:854)
	at org.apache.dubbo.config.ServiceConfig.doExportUrlsFor1Protocol(ServiceConfig.java:598)
	at org.apache.dubbo.config.ServiceConfig.doExportUrls(ServiceConfig.java:579)
	at org.apache.dubbo.config.ServiceConfig.doExport(ServiceConfig.java:540)
	at org.apache.dubbo.config.ServiceConfig.export(ServiceConfig.java:340)
	at org.apache.dubbo.config.deploy.DefaultModuleDeployer.exportServiceInternal(DefaultModuleDeployer.java:477)
	at org.apache.dubbo.config.deploy.DefaultModuleDeployer.exportServices(DefaultModuleDeployer.java:424)
	at org.apache.dubbo.config.deploy.DefaultModuleDeployer.startSync(DefaultModuleDeployer.java:174)
	at org.apache.dubbo.config.deploy.DefaultModuleDeployer.start(DefaultModuleDeployer.java:156)
	at org.apache.dubbo.config.spring.context.DubboDeployApplicationListener.onContextRefreshedEvent(DubboDeployApplicationListener.java:157)
	at org.apache.dubbo.config.spring.context.DubboDeployApplicationListener.onApplicationEvent(DubboDeployApplicationListener.java:143)
	at org.apache.dubbo.config.spring.context.DubboDeployApplicationListener.onApplicationEvent(DubboDeployApplicationListener.java:52)
	at org.springframework.context.event.SimpleApplicationEventMulticaster.doInvokeListener(SimpleApplicationEventMulticaster.java:176)
	at org.springframework.context.event.SimpleApplicationEventMulticaster.invokeListener(SimpleApplicationEventMulticaster.java:169)
	at org.springframework.context.event.SimpleApplicationEventMulticaster.multicastEvent(SimpleApplicationEventMulticaster.java:143)
	at org.springframework.context.support.AbstractApplicationContext.publishEvent(AbstractApplicationContext.java:421)
	at org.springframework.context.support.AbstractApplicationContext.publishEvent(AbstractApplicationContext.java:378)
	at org.springframework.context.support.AbstractApplicationContext.finishRefresh(AbstractApplicationContext.java:940)
	at org.springframework.context.support.AbstractApplicationContext.refresh(AbstractApplicationContext.java:586)
	at org.springframework.boot.SpringApplication.refresh(SpringApplication.java:731)
	at org.springframework.boot.SpringApplication.refreshContext(SpringApplication.java:408)
	at org.springframework.boot.SpringApplication.run(SpringApplication.java:307)
	at org.springframework.boot.SpringApplication.run(SpringApplication.java:1303)
	at org.springframework.boot.SpringApplication.run(SpringApplication.java:1292)
	at org.action.notice.NoticeApplication.main(NoticeApplication.java:17)
Caused by: java.lang.IllegalStateException: Failed to create nacos naming service client. Reason: server status check failed.
	at org.apache.dubbo.registry.nacos.NacosConnectionManager.createNamingService(NacosConnectionManager.java:162)
	at org.apache.dubbo.registry.nacos.NacosConnectionManager.<init>(NacosConnectionManager.java:69)
	at org.apache.dubbo.registry.nacos.util.NacosNamingServiceUtils.createNamingService(NacosNamingServiceUtils.java:117)
	at org.apache.dubbo.registry.nacos.NacosServiceDiscovery.<init>(NacosServiceDiscovery.java:79)
	at org.apache.dubbo.registry.nacos.NacosServiceDiscoveryFactory.createDiscovery(NacosServiceDiscoveryFactory.java:41)
	at org.apache.dubbo.registry.client.AbstractServiceDiscoveryFactory.lambda$getServiceDiscovery$0(AbstractServiceDiscoveryFactory.java:54)
	at org.apache.dubbo.common.utils.ConcurrentHashMapUtils.computeIfAbsent(ConcurrentHashMapUtils.java:42)
	at org.apache.dubbo.registry.client.AbstractServiceDiscoveryFactory.getServiceDiscovery(AbstractServiceDiscoveryFactory.java:54)
	at org.apache.dubbo.registry.client.ServiceDiscoveryRegistry.getServiceDiscovery(ServiceDiscoveryRegistry.java:133)
	at org.apache.dubbo.registry.client.ServiceDiscoveryRegistry.createServiceDiscovery(ServiceDiscoveryRegistry.java:119)
	at org.apache.dubbo.registry.client.ServiceDiscoveryRegistry.<init>(ServiceDiscoveryRegistry.java:94)
	at org.apache.dubbo.registry.client.ServiceDiscoveryRegistryFactory.createRegistry(ServiceDiscoveryRegistryFactory.java:40)
	at org.apache.dubbo.registry.support.AbstractRegistryFactory.getRegistry(AbstractRegistryFactory.java:95)
	... 38 common frames omitted
2024-08-09 00:06:24.375 [main] ERROR o.a.dubbo.config.deploy.DefaultApplicationDeployer -  [DUBBO] Dubbo Application[1.1](kd-notice) found failed module: Dubbo Module[1.1.1], dubbo version: 3.2.10, current host: 192.168.124.8, error code: 5-14. This may be caused by , go to https://dubbo.apache.org/faq/5/14 to find instructions. 
java.lang.RuntimeException: Can not create registry service-discovery-registry://123.249.77.250:8848/org.apache.dubbo.registry.RegistryService?application=kd-notice&dubbo=2.0.2&executor-management-mode=isolation&file-cache=true&group=dubbo&interface=org.apache.dubbo.registry.RegistryService&namespace=c9e8c703-488b-4f1e-b044-f60b1d219f77&pid=42825&qos.accept.foreign.ip=false&qos.enable=false&register=false&registry=nacos&release=3.2.10&serialize.check.status=WARN
	at org.apache.dubbo.registry.support.AbstractRegistryFactory.getRegistry(AbstractRegistryFactory.java:105)
	at org.apache.dubbo.registry.RegistryFactoryWrapper.getRegistry(RegistryFactoryWrapper.java:33)
	at org.apache.dubbo.registry.RegistryFactory$Adaptive.getRegistry(RegistryFactory$Adaptive.java)
	at org.apache.dubbo.registry.integration.RegistryProtocol.getRegistry(RegistryProtocol.java:487)
	at org.apache.dubbo.registry.integration.RegistryProtocol.export(RegistryProtocol.java:294)
	at org.apache.dubbo.qos.protocol.QosProtocolWrapper.export(QosProtocolWrapper.java:79)
	at org.apache.dubbo.rpc.protocol.ProtocolSecurityWrapper.export(ProtocolSecurityWrapper.java:84)
	at org.apache.dubbo.rpc.protocol.ProtocolListenerWrapper.export(ProtocolListenerWrapper.java:66)
	at org.apache.dubbo.rpc.cluster.filter.ProtocolFilterWrapper.export(ProtocolFilterWrapper.java:58)
	at org.apache.dubbo.rpc.protocol.ProtocolSerializationWrapper.export(ProtocolSerializationWrapper.java:50)
	at org.apache.dubbo.rpc.protocol.InvokerCountWrapper.export(InvokerCountWrapper.java:42)
	at org.apache.dubbo.rpc.Protocol$Adaptive.export(Protocol$Adaptive.java)
	at org.apache.dubbo.config.ServiceConfig.doExportUrl(ServiceConfig.java:944)
	at org.apache.dubbo.config.ServiceConfig.exportRemote(ServiceConfig.java:914)
	at org.apache.dubbo.config.ServiceConfig.exportUrl(ServiceConfig.java:854)
	at org.apache.dubbo.config.ServiceConfig.doExportUrlsFor1Protocol(ServiceConfig.java:598)
	at org.apache.dubbo.config.ServiceConfig.doExportUrls(ServiceConfig.java:579)
	at org.apache.dubbo.config.ServiceConfig.doExport(ServiceConfig.java:540)
	at org.apache.dubbo.config.ServiceConfig.export(ServiceConfig.java:340)
	at org.apache.dubbo.config.deploy.DefaultModuleDeployer.exportServiceInternal(DefaultModuleDeployer.java:477)
	at org.apache.dubbo.config.deploy.DefaultModuleDeployer.exportServices(DefaultModuleDeployer.java:424)
	at org.apache.dubbo.config.deploy.DefaultModuleDeployer.startSync(DefaultModuleDeployer.java:174)
	at org.apache.dubbo.config.deploy.DefaultModuleDeployer.start(DefaultModuleDeployer.java:156)
	at org.apache.dubbo.config.spring.context.DubboDeployApplicationListener.onContextRefreshedEvent(DubboDeployApplicationListener.java:157)
	at org.apache.dubbo.config.spring.context.DubboDeployApplicationListener.onApplicationEvent(DubboDeployApplicationListener.java:143)
	at org.apache.dubbo.config.spring.context.DubboDeployApplicationListener.onApplicationEvent(DubboDeployApplicationListener.java:52)
	at org.springframework.context.event.SimpleApplicationEventMulticaster.doInvokeListener(SimpleApplicationEventMulticaster.java:176)
	at org.springframework.context.event.SimpleApplicationEventMulticaster.invokeListener(SimpleApplicationEventMulticaster.java:169)
	at org.springframework.context.event.SimpleApplicationEventMulticaster.multicastEvent(SimpleApplicationEventMulticaster.java:143)
	at org.springframework.context.support.AbstractApplicationContext.publishEvent(AbstractApplicationContext.java:421)
	at org.springframework.context.support.AbstractApplicationContext.publishEvent(AbstractApplicationContext.java:378)
	at org.springframework.context.support.AbstractApplicationContext.finishRefresh(AbstractApplicationContext.java:940)
	at org.springframework.context.support.AbstractApplicationContext.refresh(AbstractApplicationContext.java:586)
	at org.springframework.boot.SpringApplication.refresh(SpringApplication.java:731)
	at org.springframework.boot.SpringApplication.refreshContext(SpringApplication.java:408)
	at org.springframework.boot.SpringApplication.run(SpringApplication.java:307)
	at org.springframework.boot.SpringApplication.run(SpringApplication.java:1303)
	at org.springframework.boot.SpringApplication.run(SpringApplication.java:1292)
	at org.action.notice.NoticeApplication.main(NoticeApplication.java:17)
Caused by: java.lang.IllegalStateException: Failed to create nacos naming service client. Reason: server status check failed.
	at org.apache.dubbo.registry.nacos.NacosConnectionManager.createNamingService(NacosConnectionManager.java:162)
	at org.apache.dubbo.registry.nacos.NacosConnectionManager.<init>(NacosConnectionManager.java:69)
	at org.apache.dubbo.registry.nacos.util.NacosNamingServiceUtils.createNamingService(NacosNamingServiceUtils.java:117)
	at org.apache.dubbo.registry.nacos.NacosServiceDiscovery.<init>(NacosServiceDiscovery.java:79)
	at org.apache.dubbo.registry.nacos.NacosServiceDiscoveryFactory.createDiscovery(NacosServiceDiscoveryFactory.java:41)
	at org.apache.dubbo.registry.client.AbstractServiceDiscoveryFactory.lambda$getServiceDiscovery$0(AbstractServiceDiscoveryFactory.java:54)
	at org.apache.dubbo.common.utils.ConcurrentHashMapUtils.computeIfAbsent(ConcurrentHashMapUtils.java:42)
	at org.apache.dubbo.registry.client.AbstractServiceDiscoveryFactory.getServiceDiscovery(AbstractServiceDiscoveryFactory.java:54)
	at org.apache.dubbo.registry.client.ServiceDiscoveryRegistry.getServiceDiscovery(ServiceDiscoveryRegistry.java:133)
	at org.apache.dubbo.registry.client.ServiceDiscoveryRegistry.createServiceDiscovery(ServiceDiscoveryRegistry.java:119)
	at org.apache.dubbo.registry.client.ServiceDiscoveryRegistry.<init>(ServiceDiscoveryRegistry.java:94)
	at org.apache.dubbo.registry.client.ServiceDiscoveryRegistryFactory.createRegistry(ServiceDiscoveryRegistryFactory.java:40)
	at org.apache.dubbo.registry.support.AbstractRegistryFactory.getRegistry(AbstractRegistryFactory.java:95)
	... 38 common frames omitted
2024-08-09 00:06:24.482 [main] ERROR org.springframework.boot.SpringApplication - Application run failed
java.lang.RuntimeException: Can not create registry service-discovery-registry://123.249.77.250:8848/org.apache.dubbo.registry.RegistryService?application=kd-notice&dubbo=2.0.2&executor-management-mode=isolation&file-cache=true&group=dubbo&interface=org.apache.dubbo.registry.RegistryService&namespace=c9e8c703-488b-4f1e-b044-f60b1d219f77&pid=42825&qos.accept.foreign.ip=false&qos.enable=false&register=false&registry=nacos&release=3.2.10&serialize.check.status=WARN
	at org.apache.dubbo.registry.support.AbstractRegistryFactory.getRegistry(AbstractRegistryFactory.java:105)
	at org.apache.dubbo.registry.RegistryFactoryWrapper.getRegistry(RegistryFactoryWrapper.java:33)
	at org.apache.dubbo.registry.RegistryFactory$Adaptive.getRegistry(RegistryFactory$Adaptive.java)
	at org.apache.dubbo.registry.integration.RegistryProtocol.getRegistry(RegistryProtocol.java:487)
	at org.apache.dubbo.registry.integration.RegistryProtocol.export(RegistryProtocol.java:294)
	at org.apache.dubbo.qos.protocol.QosProtocolWrapper.export(QosProtocolWrapper.java:79)
	at org.apache.dubbo.rpc.protocol.ProtocolSecurityWrapper.export(ProtocolSecurityWrapper.java:84)
	at org.apache.dubbo.rpc.protocol.ProtocolListenerWrapper.export(ProtocolListenerWrapper.java:66)
	at org.apache.dubbo.rpc.cluster.filter.ProtocolFilterWrapper.export(ProtocolFilterWrapper.java:58)
	at org.apache.dubbo.rpc.protocol.ProtocolSerializationWrapper.export(ProtocolSerializationWrapper.java:50)
	at org.apache.dubbo.rpc.protocol.InvokerCountWrapper.export(InvokerCountWrapper.java:42)
	at org.apache.dubbo.rpc.Protocol$Adaptive.export(Protocol$Adaptive.java)
	at org.apache.dubbo.config.ServiceConfig.doExportUrl(ServiceConfig.java:944)
	at org.apache.dubbo.config.ServiceConfig.exportRemote(ServiceConfig.java:914)
	at org.apache.dubbo.config.ServiceConfig.exportUrl(ServiceConfig.java:854)
	at org.apache.dubbo.config.ServiceConfig.doExportUrlsFor1Protocol(ServiceConfig.java:598)
	at org.apache.dubbo.config.ServiceConfig.doExportUrls(ServiceConfig.java:579)
	at org.apache.dubbo.config.ServiceConfig.doExport(ServiceConfig.java:540)
	at org.apache.dubbo.config.ServiceConfig.export(ServiceConfig.java:340)
	at org.apache.dubbo.config.deploy.DefaultModuleDeployer.exportServiceInternal(DefaultModuleDeployer.java:477)
	at org.apache.dubbo.config.deploy.DefaultModuleDeployer.exportServices(DefaultModuleDeployer.java:424)
	at org.apache.dubbo.config.deploy.DefaultModuleDeployer.startSync(DefaultModuleDeployer.java:174)
	at org.apache.dubbo.config.deploy.DefaultModuleDeployer.start(DefaultModuleDeployer.java:156)
	at org.apache.dubbo.config.spring.context.DubboDeployApplicationListener.onContextRefreshedEvent(DubboDeployApplicationListener.java:157)
	at org.apache.dubbo.config.spring.context.DubboDeployApplicationListener.onApplicationEvent(DubboDeployApplicationListener.java:143)
	at org.apache.dubbo.config.spring.context.DubboDeployApplicationListener.onApplicationEvent(DubboDeployApplicationListener.java:52)
	at org.springframework.context.event.SimpleApplicationEventMulticaster.doInvokeListener(SimpleApplicationEventMulticaster.java:176)
	at org.springframework.context.event.SimpleApplicationEventMulticaster.invokeListener(SimpleApplicationEventMulticaster.java:169)
	at org.springframework.context.event.SimpleApplicationEventMulticaster.multicastEvent(SimpleApplicationEventMulticaster.java:143)
	at org.springframework.context.support.AbstractApplicationContext.publishEvent(AbstractApplicationContext.java:421)
	at org.springframework.context.support.AbstractApplicationContext.publishEvent(AbstractApplicationContext.java:378)
	at org.springframework.context.support.AbstractApplicationContext.finishRefresh(AbstractApplicationContext.java:940)
	at org.springframework.context.support.AbstractApplicationContext.refresh(AbstractApplicationContext.java:586)
	at org.springframework.boot.SpringApplication.refresh(SpringApplication.java:731)
	at org.springframework.boot.SpringApplication.refreshContext(SpringApplication.java:408)
	at org.springframework.boot.SpringApplication.run(SpringApplication.java:307)
	at org.springframework.boot.SpringApplication.run(SpringApplication.java:1303)
	at org.springframework.boot.SpringApplication.run(SpringApplication.java:1292)
	at org.action.notice.NoticeApplication.main(NoticeApplication.java:17)
Caused by: java.lang.IllegalStateException: Failed to create nacos naming service client. Reason: server status check failed.
	at org.apache.dubbo.registry.nacos.NacosConnectionManager.createNamingService(NacosConnectionManager.java:162)
	at org.apache.dubbo.registry.nacos.NacosConnectionManager.<init>(NacosConnectionManager.java:69)
	at org.apache.dubbo.registry.nacos.util.NacosNamingServiceUtils.createNamingService(NacosNamingServiceUtils.java:117)
	at org.apache.dubbo.registry.nacos.NacosServiceDiscovery.<init>(NacosServiceDiscovery.java:79)
	at org.apache.dubbo.registry.nacos.NacosServiceDiscoveryFactory.createDiscovery(NacosServiceDiscoveryFactory.java:41)
	at org.apache.dubbo.registry.client.AbstractServiceDiscoveryFactory.lambda$getServiceDiscovery$0(AbstractServiceDiscoveryFactory.java:54)
	at org.apache.dubbo.common.utils.ConcurrentHashMapUtils.computeIfAbsent(ConcurrentHashMapUtils.java:42)
	at org.apache.dubbo.registry.client.AbstractServiceDiscoveryFactory.getServiceDiscovery(AbstractServiceDiscoveryFactory.java:54)
	at org.apache.dubbo.registry.client.ServiceDiscoveryRegistry.getServiceDiscovery(ServiceDiscoveryRegistry.java:133)
	at org.apache.dubbo.registry.client.ServiceDiscoveryRegistry.createServiceDiscovery(ServiceDiscoveryRegistry.java:119)
	at org.apache.dubbo.registry.client.ServiceDiscoveryRegistry.<init>(ServiceDiscoveryRegistry.java:94)
	at org.apache.dubbo.registry.client.ServiceDiscoveryRegistryFactory.createRegistry(ServiceDiscoveryRegistryFactory.java:40)
	at org.apache.dubbo.registry.support.AbstractRegistryFactory.getRegistry(AbstractRegistryFactory.java:95)
	... 38 common frames omitted
2024-08-09 00:30:30.153 [main] ERROR o.a.d.registry.nacos.util.NacosNamingServiceUtils -  [DUBBO] Failed to create nacos naming service client. Reason: server status check failed., dubbo version: 3.2.10, current host: 192.168.124.8, error code: 1-37. This may be caused by , go to https://dubbo.apache.org/faq/1/37 to find instructions. 
2024-08-09 00:30:30.158 [main] ERROR o.apache.dubbo.config.deploy.DefaultModuleDeployer -  [DUBBO] Model start failed: Dubbo Module[1.1.1] start failed: java.lang.RuntimeException: Can not create registry service-discovery-registry://123.249.77.250:8848/org.apache.dubbo.registry.RegistryService?application=kd-notice&dubbo=2.0.2&executor-management-mode=isolation&file-cache=true&group=dubbo&interface=org.apache.dubbo.registry.RegistryService&namespace=1be1838f-f328-47bc-9ac5-ea31c20ea24f&pid=44110&qos.accept.foreign.ip=false&qos.enable=false&register=false&registry=nacos&release=3.2.10&serialize.check.status=WARN, dubbo version: 3.2.10, current host: 192.168.124.8, error code: 5-14. This may be caused by , go to https://dubbo.apache.org/faq/5/14 to find instructions. 
java.lang.RuntimeException: Can not create registry service-discovery-registry://123.249.77.250:8848/org.apache.dubbo.registry.RegistryService?application=kd-notice&dubbo=2.0.2&executor-management-mode=isolation&file-cache=true&group=dubbo&interface=org.apache.dubbo.registry.RegistryService&namespace=1be1838f-f328-47bc-9ac5-ea31c20ea24f&pid=44110&qos.accept.foreign.ip=false&qos.enable=false&register=false&registry=nacos&release=3.2.10&serialize.check.status=WARN
	at org.apache.dubbo.registry.support.AbstractRegistryFactory.getRegistry(AbstractRegistryFactory.java:105)
	at org.apache.dubbo.registry.RegistryFactoryWrapper.getRegistry(RegistryFactoryWrapper.java:33)
	at org.apache.dubbo.registry.RegistryFactory$Adaptive.getRegistry(RegistryFactory$Adaptive.java)
	at org.apache.dubbo.registry.integration.RegistryProtocol.getRegistry(RegistryProtocol.java:487)
	at org.apache.dubbo.registry.integration.RegistryProtocol.export(RegistryProtocol.java:294)
	at org.apache.dubbo.qos.protocol.QosProtocolWrapper.export(QosProtocolWrapper.java:79)
	at org.apache.dubbo.rpc.protocol.ProtocolSecurityWrapper.export(ProtocolSecurityWrapper.java:84)
	at org.apache.dubbo.rpc.protocol.ProtocolListenerWrapper.export(ProtocolListenerWrapper.java:66)
	at org.apache.dubbo.rpc.cluster.filter.ProtocolFilterWrapper.export(ProtocolFilterWrapper.java:58)
	at org.apache.dubbo.rpc.protocol.ProtocolSerializationWrapper.export(ProtocolSerializationWrapper.java:50)
	at org.apache.dubbo.rpc.protocol.InvokerCountWrapper.export(InvokerCountWrapper.java:42)
	at org.apache.dubbo.rpc.Protocol$Adaptive.export(Protocol$Adaptive.java)
	at org.apache.dubbo.config.ServiceConfig.doExportUrl(ServiceConfig.java:944)
	at org.apache.dubbo.config.ServiceConfig.exportRemote(ServiceConfig.java:914)
	at org.apache.dubbo.config.ServiceConfig.exportUrl(ServiceConfig.java:854)
	at org.apache.dubbo.config.ServiceConfig.doExportUrlsFor1Protocol(ServiceConfig.java:598)
	at org.apache.dubbo.config.ServiceConfig.doExportUrls(ServiceConfig.java:579)
	at org.apache.dubbo.config.ServiceConfig.doExport(ServiceConfig.java:540)
	at org.apache.dubbo.config.ServiceConfig.export(ServiceConfig.java:340)
	at org.apache.dubbo.config.deploy.DefaultModuleDeployer.exportServiceInternal(DefaultModuleDeployer.java:477)
	at org.apache.dubbo.config.deploy.DefaultModuleDeployer.exportServices(DefaultModuleDeployer.java:424)
	at org.apache.dubbo.config.deploy.DefaultModuleDeployer.startSync(DefaultModuleDeployer.java:174)
	at org.apache.dubbo.config.deploy.DefaultModuleDeployer.start(DefaultModuleDeployer.java:156)
	at org.apache.dubbo.config.spring.context.DubboDeployApplicationListener.onContextRefreshedEvent(DubboDeployApplicationListener.java:157)
	at org.apache.dubbo.config.spring.context.DubboDeployApplicationListener.onApplicationEvent(DubboDeployApplicationListener.java:143)
	at org.apache.dubbo.config.spring.context.DubboDeployApplicationListener.onApplicationEvent(DubboDeployApplicationListener.java:52)
	at org.springframework.context.event.SimpleApplicationEventMulticaster.doInvokeListener(SimpleApplicationEventMulticaster.java:176)
	at org.springframework.context.event.SimpleApplicationEventMulticaster.invokeListener(SimpleApplicationEventMulticaster.java:169)
	at org.springframework.context.event.SimpleApplicationEventMulticaster.multicastEvent(SimpleApplicationEventMulticaster.java:143)
	at org.springframework.context.support.AbstractApplicationContext.publishEvent(AbstractApplicationContext.java:421)
	at org.springframework.context.support.AbstractApplicationContext.publishEvent(AbstractApplicationContext.java:378)
	at org.springframework.context.support.AbstractApplicationContext.finishRefresh(AbstractApplicationContext.java:940)
	at org.springframework.context.support.AbstractApplicationContext.refresh(AbstractApplicationContext.java:586)
	at org.springframework.boot.SpringApplication.refresh(SpringApplication.java:731)
	at org.springframework.boot.SpringApplication.refreshContext(SpringApplication.java:408)
	at org.springframework.boot.SpringApplication.run(SpringApplication.java:307)
	at org.springframework.boot.SpringApplication.run(SpringApplication.java:1303)
	at org.springframework.boot.SpringApplication.run(SpringApplication.java:1292)
	at org.action.notice.NoticeApplication.main(NoticeApplication.java:17)
Caused by: java.lang.IllegalStateException: Failed to create nacos naming service client. Reason: server status check failed.
	at org.apache.dubbo.registry.nacos.NacosConnectionManager.createNamingService(NacosConnectionManager.java:162)
	at org.apache.dubbo.registry.nacos.NacosConnectionManager.<init>(NacosConnectionManager.java:69)
	at org.apache.dubbo.registry.nacos.util.NacosNamingServiceUtils.createNamingService(NacosNamingServiceUtils.java:117)
	at org.apache.dubbo.registry.nacos.NacosServiceDiscovery.<init>(NacosServiceDiscovery.java:79)
	at org.apache.dubbo.registry.nacos.NacosServiceDiscoveryFactory.createDiscovery(NacosServiceDiscoveryFactory.java:41)
	at org.apache.dubbo.registry.client.AbstractServiceDiscoveryFactory.lambda$getServiceDiscovery$0(AbstractServiceDiscoveryFactory.java:54)
	at org.apache.dubbo.common.utils.ConcurrentHashMapUtils.computeIfAbsent(ConcurrentHashMapUtils.java:42)
	at org.apache.dubbo.registry.client.AbstractServiceDiscoveryFactory.getServiceDiscovery(AbstractServiceDiscoveryFactory.java:54)
	at org.apache.dubbo.registry.client.ServiceDiscoveryRegistry.getServiceDiscovery(ServiceDiscoveryRegistry.java:133)
	at org.apache.dubbo.registry.client.ServiceDiscoveryRegistry.createServiceDiscovery(ServiceDiscoveryRegistry.java:119)
	at org.apache.dubbo.registry.client.ServiceDiscoveryRegistry.<init>(ServiceDiscoveryRegistry.java:94)
	at org.apache.dubbo.registry.client.ServiceDiscoveryRegistryFactory.createRegistry(ServiceDiscoveryRegistryFactory.java:40)
	at org.apache.dubbo.registry.support.AbstractRegistryFactory.getRegistry(AbstractRegistryFactory.java:95)
	... 38 common frames omitted
2024-08-09 00:30:30.159 [main] ERROR o.a.dubbo.config.deploy.DefaultApplicationDeployer -  [DUBBO] Dubbo Application[1.1](kd-notice) found failed module: Dubbo Module[1.1.1], dubbo version: 3.2.10, current host: 192.168.124.8, error code: 5-14. This may be caused by , go to https://dubbo.apache.org/faq/5/14 to find instructions. 
java.lang.RuntimeException: Can not create registry service-discovery-registry://123.249.77.250:8848/org.apache.dubbo.registry.RegistryService?application=kd-notice&dubbo=2.0.2&executor-management-mode=isolation&file-cache=true&group=dubbo&interface=org.apache.dubbo.registry.RegistryService&namespace=1be1838f-f328-47bc-9ac5-ea31c20ea24f&pid=44110&qos.accept.foreign.ip=false&qos.enable=false&register=false&registry=nacos&release=3.2.10&serialize.check.status=WARN
	at org.apache.dubbo.registry.support.AbstractRegistryFactory.getRegistry(AbstractRegistryFactory.java:105)
	at org.apache.dubbo.registry.RegistryFactoryWrapper.getRegistry(RegistryFactoryWrapper.java:33)
	at org.apache.dubbo.registry.RegistryFactory$Adaptive.getRegistry(RegistryFactory$Adaptive.java)
	at org.apache.dubbo.registry.integration.RegistryProtocol.getRegistry(RegistryProtocol.java:487)
	at org.apache.dubbo.registry.integration.RegistryProtocol.export(RegistryProtocol.java:294)
	at org.apache.dubbo.qos.protocol.QosProtocolWrapper.export(QosProtocolWrapper.java:79)
	at org.apache.dubbo.rpc.protocol.ProtocolSecurityWrapper.export(ProtocolSecurityWrapper.java:84)
	at org.apache.dubbo.rpc.protocol.ProtocolListenerWrapper.export(ProtocolListenerWrapper.java:66)
	at org.apache.dubbo.rpc.cluster.filter.ProtocolFilterWrapper.export(ProtocolFilterWrapper.java:58)
	at org.apache.dubbo.rpc.protocol.ProtocolSerializationWrapper.export(ProtocolSerializationWrapper.java:50)
	at org.apache.dubbo.rpc.protocol.InvokerCountWrapper.export(InvokerCountWrapper.java:42)
	at org.apache.dubbo.rpc.Protocol$Adaptive.export(Protocol$Adaptive.java)
	at org.apache.dubbo.config.ServiceConfig.doExportUrl(ServiceConfig.java:944)
	at org.apache.dubbo.config.ServiceConfig.exportRemote(ServiceConfig.java:914)
	at org.apache.dubbo.config.ServiceConfig.exportUrl(ServiceConfig.java:854)
	at org.apache.dubbo.config.ServiceConfig.doExportUrlsFor1Protocol(ServiceConfig.java:598)
	at org.apache.dubbo.config.ServiceConfig.doExportUrls(ServiceConfig.java:579)
	at org.apache.dubbo.config.ServiceConfig.doExport(ServiceConfig.java:540)
	at org.apache.dubbo.config.ServiceConfig.export(ServiceConfig.java:340)
	at org.apache.dubbo.config.deploy.DefaultModuleDeployer.exportServiceInternal(DefaultModuleDeployer.java:477)
	at org.apache.dubbo.config.deploy.DefaultModuleDeployer.exportServices(DefaultModuleDeployer.java:424)
	at org.apache.dubbo.config.deploy.DefaultModuleDeployer.startSync(DefaultModuleDeployer.java:174)
	at org.apache.dubbo.config.deploy.DefaultModuleDeployer.start(DefaultModuleDeployer.java:156)
	at org.apache.dubbo.config.spring.context.DubboDeployApplicationListener.onContextRefreshedEvent(DubboDeployApplicationListener.java:157)
	at org.apache.dubbo.config.spring.context.DubboDeployApplicationListener.onApplicationEvent(DubboDeployApplicationListener.java:143)
	at org.apache.dubbo.config.spring.context.DubboDeployApplicationListener.onApplicationEvent(DubboDeployApplicationListener.java:52)
	at org.springframework.context.event.SimpleApplicationEventMulticaster.doInvokeListener(SimpleApplicationEventMulticaster.java:176)
	at org.springframework.context.event.SimpleApplicationEventMulticaster.invokeListener(SimpleApplicationEventMulticaster.java:169)
	at org.springframework.context.event.SimpleApplicationEventMulticaster.multicastEvent(SimpleApplicationEventMulticaster.java:143)
	at org.springframework.context.support.AbstractApplicationContext.publishEvent(AbstractApplicationContext.java:421)
	at org.springframework.context.support.AbstractApplicationContext.publishEvent(AbstractApplicationContext.java:378)
	at org.springframework.context.support.AbstractApplicationContext.finishRefresh(AbstractApplicationContext.java:940)
	at org.springframework.context.support.AbstractApplicationContext.refresh(AbstractApplicationContext.java:586)
	at org.springframework.boot.SpringApplication.refresh(SpringApplication.java:731)
	at org.springframework.boot.SpringApplication.refreshContext(SpringApplication.java:408)
	at org.springframework.boot.SpringApplication.run(SpringApplication.java:307)
	at org.springframework.boot.SpringApplication.run(SpringApplication.java:1303)
	at org.springframework.boot.SpringApplication.run(SpringApplication.java:1292)
	at org.action.notice.NoticeApplication.main(NoticeApplication.java:17)
Caused by: java.lang.IllegalStateException: Failed to create nacos naming service client. Reason: server status check failed.
	at org.apache.dubbo.registry.nacos.NacosConnectionManager.createNamingService(NacosConnectionManager.java:162)
	at org.apache.dubbo.registry.nacos.NacosConnectionManager.<init>(NacosConnectionManager.java:69)
	at org.apache.dubbo.registry.nacos.util.NacosNamingServiceUtils.createNamingService(NacosNamingServiceUtils.java:117)
	at org.apache.dubbo.registry.nacos.NacosServiceDiscovery.<init>(NacosServiceDiscovery.java:79)
	at org.apache.dubbo.registry.nacos.NacosServiceDiscoveryFactory.createDiscovery(NacosServiceDiscoveryFactory.java:41)
	at org.apache.dubbo.registry.client.AbstractServiceDiscoveryFactory.lambda$getServiceDiscovery$0(AbstractServiceDiscoveryFactory.java:54)
	at org.apache.dubbo.common.utils.ConcurrentHashMapUtils.computeIfAbsent(ConcurrentHashMapUtils.java:42)
	at org.apache.dubbo.registry.client.AbstractServiceDiscoveryFactory.getServiceDiscovery(AbstractServiceDiscoveryFactory.java:54)
	at org.apache.dubbo.registry.client.ServiceDiscoveryRegistry.getServiceDiscovery(ServiceDiscoveryRegistry.java:133)
	at org.apache.dubbo.registry.client.ServiceDiscoveryRegistry.createServiceDiscovery(ServiceDiscoveryRegistry.java:119)
	at org.apache.dubbo.registry.client.ServiceDiscoveryRegistry.<init>(ServiceDiscoveryRegistry.java:94)
	at org.apache.dubbo.registry.client.ServiceDiscoveryRegistryFactory.createRegistry(ServiceDiscoveryRegistryFactory.java:40)
	at org.apache.dubbo.registry.support.AbstractRegistryFactory.getRegistry(AbstractRegistryFactory.java:95)
	... 38 common frames omitted
2024-08-09 00:30:30.233 [main] ERROR org.springframework.boot.SpringApplication - Application run failed
java.lang.RuntimeException: Can not create registry service-discovery-registry://123.249.77.250:8848/org.apache.dubbo.registry.RegistryService?application=kd-notice&dubbo=2.0.2&executor-management-mode=isolation&file-cache=true&group=dubbo&interface=org.apache.dubbo.registry.RegistryService&namespace=1be1838f-f328-47bc-9ac5-ea31c20ea24f&pid=44110&qos.accept.foreign.ip=false&qos.enable=false&register=false&registry=nacos&release=3.2.10&serialize.check.status=WARN
	at org.apache.dubbo.registry.support.AbstractRegistryFactory.getRegistry(AbstractRegistryFactory.java:105)
	at org.apache.dubbo.registry.RegistryFactoryWrapper.getRegistry(RegistryFactoryWrapper.java:33)
	at org.apache.dubbo.registry.RegistryFactory$Adaptive.getRegistry(RegistryFactory$Adaptive.java)
	at org.apache.dubbo.registry.integration.RegistryProtocol.getRegistry(RegistryProtocol.java:487)
	at org.apache.dubbo.registry.integration.RegistryProtocol.export(RegistryProtocol.java:294)
	at org.apache.dubbo.qos.protocol.QosProtocolWrapper.export(QosProtocolWrapper.java:79)
	at org.apache.dubbo.rpc.protocol.ProtocolSecurityWrapper.export(ProtocolSecurityWrapper.java:84)
	at org.apache.dubbo.rpc.protocol.ProtocolListenerWrapper.export(ProtocolListenerWrapper.java:66)
	at org.apache.dubbo.rpc.cluster.filter.ProtocolFilterWrapper.export(ProtocolFilterWrapper.java:58)
	at org.apache.dubbo.rpc.protocol.ProtocolSerializationWrapper.export(ProtocolSerializationWrapper.java:50)
	at org.apache.dubbo.rpc.protocol.InvokerCountWrapper.export(InvokerCountWrapper.java:42)
	at org.apache.dubbo.rpc.Protocol$Adaptive.export(Protocol$Adaptive.java)
	at org.apache.dubbo.config.ServiceConfig.doExportUrl(ServiceConfig.java:944)
	at org.apache.dubbo.config.ServiceConfig.exportRemote(ServiceConfig.java:914)
	at org.apache.dubbo.config.ServiceConfig.exportUrl(ServiceConfig.java:854)
	at org.apache.dubbo.config.ServiceConfig.doExportUrlsFor1Protocol(ServiceConfig.java:598)
	at org.apache.dubbo.config.ServiceConfig.doExportUrls(ServiceConfig.java:579)
	at org.apache.dubbo.config.ServiceConfig.doExport(ServiceConfig.java:540)
	at org.apache.dubbo.config.ServiceConfig.export(ServiceConfig.java:340)
	at org.apache.dubbo.config.deploy.DefaultModuleDeployer.exportServiceInternal(DefaultModuleDeployer.java:477)
	at org.apache.dubbo.config.deploy.DefaultModuleDeployer.exportServices(DefaultModuleDeployer.java:424)
	at org.apache.dubbo.config.deploy.DefaultModuleDeployer.startSync(DefaultModuleDeployer.java:174)
	at org.apache.dubbo.config.deploy.DefaultModuleDeployer.start(DefaultModuleDeployer.java:156)
	at org.apache.dubbo.config.spring.context.DubboDeployApplicationListener.onContextRefreshedEvent(DubboDeployApplicationListener.java:157)
	at org.apache.dubbo.config.spring.context.DubboDeployApplicationListener.onApplicationEvent(DubboDeployApplicationListener.java:143)
	at org.apache.dubbo.config.spring.context.DubboDeployApplicationListener.onApplicationEvent(DubboDeployApplicationListener.java:52)
	at org.springframework.context.event.SimpleApplicationEventMulticaster.doInvokeListener(SimpleApplicationEventMulticaster.java:176)
	at org.springframework.context.event.SimpleApplicationEventMulticaster.invokeListener(SimpleApplicationEventMulticaster.java:169)
	at org.springframework.context.event.SimpleApplicationEventMulticaster.multicastEvent(SimpleApplicationEventMulticaster.java:143)
	at org.springframework.context.support.AbstractApplicationContext.publishEvent(AbstractApplicationContext.java:421)
	at org.springframework.context.support.AbstractApplicationContext.publishEvent(AbstractApplicationContext.java:378)
	at org.springframework.context.support.AbstractApplicationContext.finishRefresh(AbstractApplicationContext.java:940)
	at org.springframework.context.support.AbstractApplicationContext.refresh(AbstractApplicationContext.java:586)
	at org.springframework.boot.SpringApplication.refresh(SpringApplication.java:731)
	at org.springframework.boot.SpringApplication.refreshContext(SpringApplication.java:408)
	at org.springframework.boot.SpringApplication.run(SpringApplication.java:307)
	at org.springframework.boot.SpringApplication.run(SpringApplication.java:1303)
	at org.springframework.boot.SpringApplication.run(SpringApplication.java:1292)
	at org.action.notice.NoticeApplication.main(NoticeApplication.java:17)
Caused by: java.lang.IllegalStateException: Failed to create nacos naming service client. Reason: server status check failed.
	at org.apache.dubbo.registry.nacos.NacosConnectionManager.createNamingService(NacosConnectionManager.java:162)
	at org.apache.dubbo.registry.nacos.NacosConnectionManager.<init>(NacosConnectionManager.java:69)
	at org.apache.dubbo.registry.nacos.util.NacosNamingServiceUtils.createNamingService(NacosNamingServiceUtils.java:117)
	at org.apache.dubbo.registry.nacos.NacosServiceDiscovery.<init>(NacosServiceDiscovery.java:79)
	at org.apache.dubbo.registry.nacos.NacosServiceDiscoveryFactory.createDiscovery(NacosServiceDiscoveryFactory.java:41)
	at org.apache.dubbo.registry.client.AbstractServiceDiscoveryFactory.lambda$getServiceDiscovery$0(AbstractServiceDiscoveryFactory.java:54)
	at org.apache.dubbo.common.utils.ConcurrentHashMapUtils.computeIfAbsent(ConcurrentHashMapUtils.java:42)
	at org.apache.dubbo.registry.client.AbstractServiceDiscoveryFactory.getServiceDiscovery(AbstractServiceDiscoveryFactory.java:54)
	at org.apache.dubbo.registry.client.ServiceDiscoveryRegistry.getServiceDiscovery(ServiceDiscoveryRegistry.java:133)
	at org.apache.dubbo.registry.client.ServiceDiscoveryRegistry.createServiceDiscovery(ServiceDiscoveryRegistry.java:119)
	at org.apache.dubbo.registry.client.ServiceDiscoveryRegistry.<init>(ServiceDiscoveryRegistry.java:94)
	at org.apache.dubbo.registry.client.ServiceDiscoveryRegistryFactory.createRegistry(ServiceDiscoveryRegistryFactory.java:40)
	at org.apache.dubbo.registry.support.AbstractRegistryFactory.getRegistry(AbstractRegistryFactory.java:95)
	... 38 common frames omitted
2024-08-09 01:12:48.239 [main] ERROR o.a.d.c.support.nacos.NacosDynamicConfiguration -  [DUBBO] Failed to create nacos config service client. Reason: server status check failed., dubbo version: 3.2.2, current host: 192.168.124.8, error code: 5-34. This may be caused by , go to https://dubbo.apache.org/faq/5/34 to find instructions. 
2024-08-09 01:12:48.384 [main] ERROR org.springframework.boot.SpringApplication - Application run failed
java.lang.IllegalStateException: java.lang.IllegalStateException: Failed to create nacos config service client. Reason: server status check failed.
	at org.apache.dubbo.config.deploy.DefaultApplicationDeployer.prepareEnvironment(DefaultApplicationDeployer.java:810)
	at org.apache.dubbo.config.deploy.DefaultApplicationDeployer.startConfigCenter(DefaultApplicationDeployer.java:295)
	at org.apache.dubbo.config.deploy.DefaultApplicationDeployer.initialize(DefaultApplicationDeployer.java:215)
	at org.apache.dubbo.config.deploy.DefaultModuleDeployer.prepare(DefaultModuleDeployer.java:518)
	at org.apache.dubbo.config.spring.context.DubboConfigApplicationListener.initDubboConfigBeans(DubboConfigApplicationListener.java:73)
	at org.apache.dubbo.config.spring.context.DubboConfigApplicationListener.onApplicationEvent(DubboConfigApplicationListener.java:59)
	at org.apache.dubbo.config.spring.context.DubboConfigApplicationListener.onApplicationEvent(DubboConfigApplicationListener.java:37)
	at org.springframework.context.event.SimpleApplicationEventMulticaster.doInvokeListener(SimpleApplicationEventMulticaster.java:176)
	at org.springframework.context.event.SimpleApplicationEventMulticaster.invokeListener(SimpleApplicationEventMulticaster.java:169)
	at org.springframework.context.event.SimpleApplicationEventMulticaster.multicastEvent(SimpleApplicationEventMulticaster.java:143)
	at org.springframework.context.event.SimpleApplicationEventMulticaster.multicastEvent(SimpleApplicationEventMulticaster.java:131)
	at org.springframework.context.support.AbstractApplicationContext.registerListeners(AbstractApplicationContext.java:883)
	at org.springframework.context.support.AbstractApplicationContext.refresh(AbstractApplicationContext.java:580)
	at org.springframework.boot.SpringApplication.refresh(SpringApplication.java:731)
	at org.springframework.boot.SpringApplication.refreshContext(SpringApplication.java:408)
	at org.springframework.boot.SpringApplication.run(SpringApplication.java:307)
	at org.springframework.boot.SpringApplication.run(SpringApplication.java:1303)
	at org.springframework.boot.SpringApplication.run(SpringApplication.java:1292)
	at org.action.notice.NoticeApplication.main(NoticeApplication.java:17)
Caused by: java.lang.IllegalStateException: Failed to create nacos config service client. Reason: server status check failed.
	at org.apache.dubbo.configcenter.support.nacos.NacosDynamicConfiguration.buildConfigService(NacosDynamicConfiguration.java:133)
	at org.apache.dubbo.configcenter.support.nacos.NacosDynamicConfiguration.<init>(NacosDynamicConfiguration.java:97)
	at org.apache.dubbo.configcenter.support.nacos.NacosDynamicConfigurationFactory.createDynamicConfiguration(NacosDynamicConfigurationFactory.java:46)
	at org.apache.dubbo.common.config.configcenter.AbstractDynamicConfigurationFactory.lambda$getDynamicConfiguration$0(AbstractDynamicConfigurationFactory.java:39)
	at org.apache.dubbo.common.utils.ConcurrentHashMapUtils.computeIfAbsent(ConcurrentHashMapUtils.java:44)
	at org.apache.dubbo.common.config.configcenter.AbstractDynamicConfigurationFactory.getDynamicConfiguration(AbstractDynamicConfigurationFactory.java:39)
	at org.apache.dubbo.config.deploy.DefaultApplicationDeployer.getDynamicConfiguration(DefaultApplicationDeployer.java:858)
	at org.apache.dubbo.config.deploy.DefaultApplicationDeployer.prepareEnvironment(DefaultApplicationDeployer.java:803)
	... 18 common frames omitted
2024-08-09 01:17:58.463 [Druid-ConnectionPool-Create-748229733] ERROR com.alibaba.druid.pool.DruidDataSource - create connection SQLException, url: jdbc:mysql://127.0.0.1:3306/kd, errorCode 1045, state 28000
java.sql.SQLException: Access denied for user 'kd'@'localhost' (using password: YES)
	at com.mysql.cj.jdbc.exceptions.SQLError.createSQLException(SQLError.java:129)
	at com.mysql.cj.jdbc.exceptions.SQLExceptionsMapping.translateException(SQLExceptionsMapping.java:122)
	at com.mysql.cj.jdbc.ConnectionImpl.createNewIO(ConnectionImpl.java:828)
	at com.mysql.cj.jdbc.ConnectionImpl.<init>(ConnectionImpl.java:448)
	at com.mysql.cj.jdbc.ConnectionImpl.getInstance(ConnectionImpl.java:241)
	at com.mysql.cj.jdbc.NonRegisteringDriver.connect(NonRegisteringDriver.java:198)
	at com.alibaba.druid.pool.DruidAbstractDataSource.createPhysicalConnection(DruidAbstractDataSource.java:1703)
	at com.alibaba.druid.pool.DruidAbstractDataSource.createPhysicalConnection(DruidAbstractDataSource.java:1801)
	at com.alibaba.druid.pool.DruidDataSource$CreateConnectionThread.run(DruidDataSource.java:2946)
2024-08-09 01:17:58.481 [Druid-ConnectionPool-Create-748229733] ERROR com.alibaba.druid.pool.DruidDataSource - create connection SQLException, url: jdbc:mysql://127.0.0.1:3306/kd, errorCode 1045, state 28000
java.sql.SQLException: Access denied for user 'kd'@'localhost' (using password: YES)
	at com.mysql.cj.jdbc.exceptions.SQLError.createSQLException(SQLError.java:129)
	at com.mysql.cj.jdbc.exceptions.SQLExceptionsMapping.translateException(SQLExceptionsMapping.java:122)
	at com.mysql.cj.jdbc.ConnectionImpl.createNewIO(ConnectionImpl.java:828)
	at com.mysql.cj.jdbc.ConnectionImpl.<init>(ConnectionImpl.java:448)
	at com.mysql.cj.jdbc.ConnectionImpl.getInstance(ConnectionImpl.java:241)
	at com.mysql.cj.jdbc.NonRegisteringDriver.connect(NonRegisteringDriver.java:198)
	at com.alibaba.druid.pool.DruidAbstractDataSource.createPhysicalConnection(DruidAbstractDataSource.java:1703)
	at com.alibaba.druid.pool.DruidAbstractDataSource.createPhysicalConnection(DruidAbstractDataSource.java:1801)
	at com.alibaba.druid.pool.DruidDataSource$CreateConnectionThread.run(DruidDataSource.java:2946)
2024-08-09 01:17:59.004 [Druid-ConnectionPool-Create-748229733] ERROR com.alibaba.druid.pool.DruidDataSource - create connection SQLException, url: jdbc:mysql://127.0.0.1:3306/kd, errorCode 1045, state 28000
java.sql.SQLException: Access denied for user 'kd'@'localhost' (using password: YES)
	at com.mysql.cj.jdbc.exceptions.SQLError.createSQLException(SQLError.java:129)
	at com.mysql.cj.jdbc.exceptions.SQLExceptionsMapping.translateException(SQLExceptionsMapping.java:122)
	at com.mysql.cj.jdbc.ConnectionImpl.createNewIO(ConnectionImpl.java:828)
	at com.mysql.cj.jdbc.ConnectionImpl.<init>(ConnectionImpl.java:448)
	at com.mysql.cj.jdbc.ConnectionImpl.getInstance(ConnectionImpl.java:241)
	at com.mysql.cj.jdbc.NonRegisteringDriver.connect(NonRegisteringDriver.java:198)
	at com.alibaba.druid.pool.DruidAbstractDataSource.createPhysicalConnection(DruidAbstractDataSource.java:1703)
	at com.alibaba.druid.pool.DruidAbstractDataSource.createPhysicalConnection(DruidAbstractDataSource.java:1801)
	at com.alibaba.druid.pool.DruidDataSource$CreateConnectionThread.run(DruidDataSource.java:2946)
2024-08-09 01:17:59.520 [Druid-ConnectionPool-Create-748229733] ERROR com.alibaba.druid.pool.DruidDataSource - create connection SQLException, url: jdbc:mysql://127.0.0.1:3306/kd, errorCode 1045, state 28000
java.sql.SQLException: Access denied for user 'kd'@'localhost' (using password: YES)
	at com.mysql.cj.jdbc.exceptions.SQLError.createSQLException(SQLError.java:129)
	at com.mysql.cj.jdbc.exceptions.SQLExceptionsMapping.translateException(SQLExceptionsMapping.java:122)
	at com.mysql.cj.jdbc.ConnectionImpl.createNewIO(ConnectionImpl.java:828)
	at com.mysql.cj.jdbc.ConnectionImpl.<init>(ConnectionImpl.java:448)
	at com.mysql.cj.jdbc.ConnectionImpl.getInstance(ConnectionImpl.java:241)
	at com.mysql.cj.jdbc.NonRegisteringDriver.connect(NonRegisteringDriver.java:198)
	at com.alibaba.druid.pool.DruidAbstractDataSource.createPhysicalConnection(DruidAbstractDataSource.java:1703)
	at com.alibaba.druid.pool.DruidAbstractDataSource.createPhysicalConnection(DruidAbstractDataSource.java:1801)
	at com.alibaba.druid.pool.DruidDataSource$CreateConnectionThread.run(DruidDataSource.java:2946)
2024-08-09 01:18:00.053 [Druid-ConnectionPool-Create-748229733] ERROR com.alibaba.druid.pool.DruidDataSource - create connection SQLException, url: jdbc:mysql://127.0.0.1:3306/kd, errorCode 1045, state 28000
java.sql.SQLException: Access denied for user 'kd'@'localhost' (using password: YES)
	at com.mysql.cj.jdbc.exceptions.SQLError.createSQLException(SQLError.java:129)
	at com.mysql.cj.jdbc.exceptions.SQLExceptionsMapping.translateException(SQLExceptionsMapping.java:122)
	at com.mysql.cj.jdbc.ConnectionImpl.createNewIO(ConnectionImpl.java:828)
	at com.mysql.cj.jdbc.ConnectionImpl.<init>(ConnectionImpl.java:448)
	at com.mysql.cj.jdbc.ConnectionImpl.getInstance(ConnectionImpl.java:241)
	at com.mysql.cj.jdbc.NonRegisteringDriver.connect(NonRegisteringDriver.java:198)
	at com.alibaba.druid.pool.DruidAbstractDataSource.createPhysicalConnection(DruidAbstractDataSource.java:1703)
	at com.alibaba.druid.pool.DruidAbstractDataSource.createPhysicalConnection(DruidAbstractDataSource.java:1801)
	at com.alibaba.druid.pool.DruidDataSource$CreateConnectionThread.run(DruidDataSource.java:2946)
2024-08-09 01:18:00.581 [Druid-ConnectionPool-Create-748229733] ERROR com.alibaba.druid.pool.DruidDataSource - create connection SQLException, url: jdbc:mysql://127.0.0.1:3306/kd, errorCode 1045, state 28000
java.sql.SQLException: Access denied for user 'kd'@'localhost' (using password: YES)
	at com.mysql.cj.jdbc.exceptions.SQLError.createSQLException(SQLError.java:129)
	at com.mysql.cj.jdbc.exceptions.SQLExceptionsMapping.translateException(SQLExceptionsMapping.java:122)
	at com.mysql.cj.jdbc.ConnectionImpl.createNewIO(ConnectionImpl.java:828)
	at com.mysql.cj.jdbc.ConnectionImpl.<init>(ConnectionImpl.java:448)
	at com.mysql.cj.jdbc.ConnectionImpl.getInstance(ConnectionImpl.java:241)
	at com.mysql.cj.jdbc.NonRegisteringDriver.connect(NonRegisteringDriver.java:198)
	at com.alibaba.druid.pool.DruidAbstractDataSource.createPhysicalConnection(DruidAbstractDataSource.java:1703)
	at com.alibaba.druid.pool.DruidAbstractDataSource.createPhysicalConnection(DruidAbstractDataSource.java:1801)
	at com.alibaba.druid.pool.DruidDataSource$CreateConnectionThread.run(DruidDataSource.java:2946)
2024-08-09 01:18:01.094 [Druid-ConnectionPool-Create-748229733] ERROR com.alibaba.druid.pool.DruidDataSource - create connection SQLException, url: jdbc:mysql://127.0.0.1:3306/kd, errorCode 1045, state 28000
java.sql.SQLException: Access denied for user 'kd'@'localhost' (using password: YES)
	at com.mysql.cj.jdbc.exceptions.SQLError.createSQLException(SQLError.java:129)
	at com.mysql.cj.jdbc.exceptions.SQLExceptionsMapping.translateException(SQLExceptionsMapping.java:122)
	at com.mysql.cj.jdbc.ConnectionImpl.createNewIO(ConnectionImpl.java:828)
	at com.mysql.cj.jdbc.ConnectionImpl.<init>(ConnectionImpl.java:448)
	at com.mysql.cj.jdbc.ConnectionImpl.getInstance(ConnectionImpl.java:241)
	at com.mysql.cj.jdbc.NonRegisteringDriver.connect(NonRegisteringDriver.java:198)
	at com.alibaba.druid.pool.DruidAbstractDataSource.createPhysicalConnection(DruidAbstractDataSource.java:1703)
	at com.alibaba.druid.pool.DruidAbstractDataSource.createPhysicalConnection(DruidAbstractDataSource.java:1801)
	at com.alibaba.druid.pool.DruidDataSource$CreateConnectionThread.run(DruidDataSource.java:2946)
2024-08-09 01:18:01.609 [Druid-ConnectionPool-Create-748229733] ERROR com.alibaba.druid.pool.DruidDataSource - create connection SQLException, url: jdbc:mysql://127.0.0.1:3306/kd, errorCode 1045, state 28000
java.sql.SQLException: Access denied for user 'kd'@'localhost' (using password: YES)
	at com.mysql.cj.jdbc.exceptions.SQLError.createSQLException(SQLError.java:129)
	at com.mysql.cj.jdbc.exceptions.SQLExceptionsMapping.translateException(SQLExceptionsMapping.java:122)
	at com.mysql.cj.jdbc.ConnectionImpl.createNewIO(ConnectionImpl.java:828)
	at com.mysql.cj.jdbc.ConnectionImpl.<init>(ConnectionImpl.java:448)
	at com.mysql.cj.jdbc.ConnectionImpl.getInstance(ConnectionImpl.java:241)
	at com.mysql.cj.jdbc.NonRegisteringDriver.connect(NonRegisteringDriver.java:198)
	at com.alibaba.druid.pool.DruidAbstractDataSource.createPhysicalConnection(DruidAbstractDataSource.java:1703)
	at com.alibaba.druid.pool.DruidAbstractDataSource.createPhysicalConnection(DruidAbstractDataSource.java:1801)
	at com.alibaba.druid.pool.DruidDataSource$CreateConnectionThread.run(DruidDataSource.java:2946)
2024-08-09 01:18:02.133 [Druid-ConnectionPool-Create-748229733] ERROR com.alibaba.druid.pool.DruidDataSource - create connection SQLException, url: jdbc:mysql://127.0.0.1:3306/kd, errorCode 1045, state 28000
java.sql.SQLException: Access denied for user 'kd'@'localhost' (using password: YES)
	at com.mysql.cj.jdbc.exceptions.SQLError.createSQLException(SQLError.java:129)
	at com.mysql.cj.jdbc.exceptions.SQLExceptionsMapping.translateException(SQLExceptionsMapping.java:122)
	at com.mysql.cj.jdbc.ConnectionImpl.createNewIO(ConnectionImpl.java:828)
	at com.mysql.cj.jdbc.ConnectionImpl.<init>(ConnectionImpl.java:448)
	at com.mysql.cj.jdbc.ConnectionImpl.getInstance(ConnectionImpl.java:241)
	at com.mysql.cj.jdbc.NonRegisteringDriver.connect(NonRegisteringDriver.java:198)
	at com.alibaba.druid.pool.DruidAbstractDataSource.createPhysicalConnection(DruidAbstractDataSource.java:1703)
	at com.alibaba.druid.pool.DruidAbstractDataSource.createPhysicalConnection(DruidAbstractDataSource.java:1801)
	at com.alibaba.druid.pool.DruidDataSource$CreateConnectionThread.run(DruidDataSource.java:2946)
2024-08-09 01:18:02.648 [Druid-ConnectionPool-Create-748229733] ERROR com.alibaba.druid.pool.DruidDataSource - create connection SQLException, url: jdbc:mysql://127.0.0.1:3306/kd, errorCode 1045, state 28000
java.sql.SQLException: Access denied for user 'kd'@'localhost' (using password: YES)
	at com.mysql.cj.jdbc.exceptions.SQLError.createSQLException(SQLError.java:129)
	at com.mysql.cj.jdbc.exceptions.SQLExceptionsMapping.translateException(SQLExceptionsMapping.java:122)
	at com.mysql.cj.jdbc.ConnectionImpl.createNewIO(ConnectionImpl.java:828)
	at com.mysql.cj.jdbc.ConnectionImpl.<init>(ConnectionImpl.java:448)
	at com.mysql.cj.jdbc.ConnectionImpl.getInstance(ConnectionImpl.java:241)
	at com.mysql.cj.jdbc.NonRegisteringDriver.connect(NonRegisteringDriver.java:198)
	at com.alibaba.druid.pool.DruidAbstractDataSource.createPhysicalConnection(DruidAbstractDataSource.java:1703)
	at com.alibaba.druid.pool.DruidAbstractDataSource.createPhysicalConnection(DruidAbstractDataSource.java:1801)
	at com.alibaba.druid.pool.DruidDataSource$CreateConnectionThread.run(DruidDataSource.java:2946)
2024-08-09 01:18:03.173 [Druid-ConnectionPool-Create-748229733] ERROR com.alibaba.druid.pool.DruidDataSource - create connection SQLException, url: jdbc:mysql://127.0.0.1:3306/kd, errorCode 1045, state 28000
java.sql.SQLException: Access denied for user 'kd'@'localhost' (using password: YES)
	at com.mysql.cj.jdbc.exceptions.SQLError.createSQLException(SQLError.java:129)
	at com.mysql.cj.jdbc.exceptions.SQLExceptionsMapping.translateException(SQLExceptionsMapping.java:122)
	at com.mysql.cj.jdbc.ConnectionImpl.createNewIO(ConnectionImpl.java:828)
	at com.mysql.cj.jdbc.ConnectionImpl.<init>(ConnectionImpl.java:448)
	at com.mysql.cj.jdbc.ConnectionImpl.getInstance(ConnectionImpl.java:241)
	at com.mysql.cj.jdbc.NonRegisteringDriver.connect(NonRegisteringDriver.java:198)
	at com.alibaba.druid.pool.DruidAbstractDataSource.createPhysicalConnection(DruidAbstractDataSource.java:1703)
	at com.alibaba.druid.pool.DruidAbstractDataSource.createPhysicalConnection(DruidAbstractDataSource.java:1801)
	at com.alibaba.druid.pool.DruidDataSource$CreateConnectionThread.run(DruidDataSource.java:2946)
2024-08-09 01:18:03.697 [Druid-ConnectionPool-Create-748229733] ERROR com.alibaba.druid.pool.DruidDataSource - create connection SQLException, url: jdbc:mysql://127.0.0.1:3306/kd, errorCode 1045, state 28000
java.sql.SQLException: Access denied for user 'kd'@'localhost' (using password: YES)
	at com.mysql.cj.jdbc.exceptions.SQLError.createSQLException(SQLError.java:129)
	at com.mysql.cj.jdbc.exceptions.SQLExceptionsMapping.translateException(SQLExceptionsMapping.java:122)
	at com.mysql.cj.jdbc.ConnectionImpl.createNewIO(ConnectionImpl.java:828)
	at com.mysql.cj.jdbc.ConnectionImpl.<init>(ConnectionImpl.java:448)
	at com.mysql.cj.jdbc.ConnectionImpl.getInstance(ConnectionImpl.java:241)
	at com.mysql.cj.jdbc.NonRegisteringDriver.connect(NonRegisteringDriver.java:198)
	at com.alibaba.druid.pool.DruidAbstractDataSource.createPhysicalConnection(DruidAbstractDataSource.java:1703)
	at com.alibaba.druid.pool.DruidAbstractDataSource.createPhysicalConnection(DruidAbstractDataSource.java:1801)
	at com.alibaba.druid.pool.DruidDataSource$CreateConnectionThread.run(DruidDataSource.java:2946)
2024-08-09 01:18:04.214 [Druid-ConnectionPool-Create-748229733] ERROR com.alibaba.druid.pool.DruidDataSource - create connection SQLException, url: jdbc:mysql://127.0.0.1:3306/kd, errorCode 1045, state 28000
java.sql.SQLException: Access denied for user 'kd'@'localhost' (using password: YES)
	at com.mysql.cj.jdbc.exceptions.SQLError.createSQLException(SQLError.java:129)
	at com.mysql.cj.jdbc.exceptions.SQLExceptionsMapping.translateException(SQLExceptionsMapping.java:122)
	at com.mysql.cj.jdbc.ConnectionImpl.createNewIO(ConnectionImpl.java:828)
	at com.mysql.cj.jdbc.ConnectionImpl.<init>(ConnectionImpl.java:448)
	at com.mysql.cj.jdbc.ConnectionImpl.getInstance(ConnectionImpl.java:241)
	at com.mysql.cj.jdbc.NonRegisteringDriver.connect(NonRegisteringDriver.java:198)
	at com.alibaba.druid.pool.DruidAbstractDataSource.createPhysicalConnection(DruidAbstractDataSource.java:1703)
	at com.alibaba.druid.pool.DruidAbstractDataSource.createPhysicalConnection(DruidAbstractDataSource.java:1801)
	at com.alibaba.druid.pool.DruidDataSource$CreateConnectionThread.run(DruidDataSource.java:2946)
2024-08-09 01:18:04.739 [Druid-ConnectionPool-Create-748229733] ERROR com.alibaba.druid.pool.DruidDataSource - create connection SQLException, url: jdbc:mysql://127.0.0.1:3306/kd, errorCode 1045, state 28000
java.sql.SQLException: Access denied for user 'kd'@'localhost' (using password: YES)
	at com.mysql.cj.jdbc.exceptions.SQLError.createSQLException(SQLError.java:129)
	at com.mysql.cj.jdbc.exceptions.SQLExceptionsMapping.translateException(SQLExceptionsMapping.java:122)
	at com.mysql.cj.jdbc.ConnectionImpl.createNewIO(ConnectionImpl.java:828)
	at com.mysql.cj.jdbc.ConnectionImpl.<init>(ConnectionImpl.java:448)
	at com.mysql.cj.jdbc.ConnectionImpl.getInstance(ConnectionImpl.java:241)
	at com.mysql.cj.jdbc.NonRegisteringDriver.connect(NonRegisteringDriver.java:198)
	at com.alibaba.druid.pool.DruidAbstractDataSource.createPhysicalConnection(DruidAbstractDataSource.java:1703)
	at com.alibaba.druid.pool.DruidAbstractDataSource.createPhysicalConnection(DruidAbstractDataSource.java:1801)
	at com.alibaba.druid.pool.DruidDataSource$CreateConnectionThread.run(DruidDataSource.java:2946)
2024-08-09 01:18:05.264 [Druid-ConnectionPool-Create-748229733] ERROR com.alibaba.druid.pool.DruidDataSource - create connection SQLException, url: jdbc:mysql://127.0.0.1:3306/kd, errorCode 1045, state 28000
java.sql.SQLException: Access denied for user 'kd'@'localhost' (using password: YES)
	at com.mysql.cj.jdbc.exceptions.SQLError.createSQLException(SQLError.java:129)
	at com.mysql.cj.jdbc.exceptions.SQLExceptionsMapping.translateException(SQLExceptionsMapping.java:122)
	at com.mysql.cj.jdbc.ConnectionImpl.createNewIO(ConnectionImpl.java:828)
	at com.mysql.cj.jdbc.ConnectionImpl.<init>(ConnectionImpl.java:448)
	at com.mysql.cj.jdbc.ConnectionImpl.getInstance(ConnectionImpl.java:241)
	at com.mysql.cj.jdbc.NonRegisteringDriver.connect(NonRegisteringDriver.java:198)
	at com.alibaba.druid.pool.DruidAbstractDataSource.createPhysicalConnection(DruidAbstractDataSource.java:1703)
	at com.alibaba.druid.pool.DruidAbstractDataSource.createPhysicalConnection(DruidAbstractDataSource.java:1801)
	at com.alibaba.druid.pool.DruidDataSource$CreateConnectionThread.run(DruidDataSource.java:2946)
