2024-08-03 15:52:40.613 [main] INFO  o.a.d.s.b.c.event.WelcomeLogoApplicationListener -  [DUBBO] 

 :: Dubbo (v3.2.10) : https://github.com/apache/dubbo
 :: Discuss group : dev@dubbo.apache.org
, dubbo version: 3.2.10, current host: 192.168.124.8
2024-08-03 15:52:40.686 [background-preinit] INFO  org.hibernate.validator.internal.util.Version - HV000001: Hibernate Validator 6.2.5.Final
2024-08-03 16:02:09.946 [main] INFO  o.a.d.s.b.c.event.WelcomeLogoApplicationListener -  [DUBBO] 

 :: Dubbo (v3.2.10) : https://github.com/apache/dubbo
 :: Discuss group : dev@dubbo.apache.org
, dubbo version: 3.2.10, current host: 192.168.124.8
2024-08-03 16:02:10.012 [background-preinit] INFO  org.hibernate.validator.internal.util.Version - HV000001: Hibernate Validator 6.2.5.Final
2024-08-03 16:04:58.065 [main] INFO  o.a.d.s.b.c.event.WelcomeLogoApplicationListener -  [DUBBO] 

 :: Dubbo (v3.2.10) : https://github.com/apache/dubbo
 :: Discuss group : dev@dubbo.apache.org
, dubbo version: 3.2.10, current host: 192.168.124.8
2024-08-03 16:04:58.158 [background-preinit] INFO  org.hibernate.validator.internal.util.Version - HV000001: Hibernate Validator 6.2.5.Final
2024-08-03 16:10:54.194 [main] INFO  o.a.d.s.b.c.event.WelcomeLogoApplicationListener -  [DUBBO] 

 :: Dubbo (v3.2.10) : https://github.com/apache/dubbo
 :: Discuss group : dev@dubbo.apache.org
, dubbo version: 3.2.10, current host: 192.168.124.8
2024-08-03 16:10:54.265 [background-preinit] INFO  org.hibernate.validator.internal.util.Version - HV000001: Hibernate Validator 6.2.5.Final
2024-08-03 16:29:34.215 [main] INFO  o.a.d.s.b.c.event.WelcomeLogoApplicationListener -  [DUBBO] 

 :: Dubbo (v3.2.10) : https://github.com/apache/dubbo
 :: Discuss group : dev@dubbo.apache.org
, dubbo version: 3.2.10, current host: 192.168.124.8
2024-08-03 16:29:34.287 [background-preinit] INFO  org.hibernate.validator.internal.util.Version - HV000001: Hibernate Validator 6.2.5.Final
2024-08-03 16:37:26.810 [main] INFO  o.a.d.s.b.c.event.WelcomeLogoApplicationListener -  [DUBBO] 

 :: Dubbo (v3.2.10) : https://github.com/apache/dubbo
 :: Discuss group : dev@dubbo.apache.org
, dubbo version: 3.2.10, current host: 192.168.124.8
2024-08-03 16:37:26.888 [background-preinit] INFO  org.hibernate.validator.internal.util.Version - HV000001: Hibernate Validator 6.2.5.Final
2024-08-03 16:45:08.735 [main] INFO  o.a.d.s.b.c.event.WelcomeLogoApplicationListener -  [DUBBO] 

 :: Dubbo (v3.2.10) : https://github.com/apache/dubbo
 :: Discuss group : dev@dubbo.apache.org
, dubbo version: 3.2.10, current host: 192.168.124.8
2024-08-03 16:45:08.801 [background-preinit] INFO  org.hibernate.validator.internal.util.Version - HV000001: Hibernate Validator 6.2.5.Final
2024-08-03 16:48:00.307 [main] INFO  o.a.d.s.b.c.event.WelcomeLogoApplicationListener -  [DUBBO] 

 :: Dubbo (v3.2.10) : https://github.com/apache/dubbo
 :: Discuss group : dev@dubbo.apache.org
, dubbo version: 3.2.10, current host: 192.168.124.8
2024-08-03 16:48:00.375 [background-preinit] INFO  org.hibernate.validator.internal.util.Version - HV000001: Hibernate Validator 6.2.5.Final
2024-08-03 16:51:04.203 [main] INFO  o.a.d.s.b.c.event.WelcomeLogoApplicationListener -  [DUBBO] 

 :: Dubbo (v3.2.10) : https://github.com/apache/dubbo
 :: Discuss group : dev@dubbo.apache.org
, dubbo version: 3.2.10, current host: 192.168.124.8
2024-08-03 16:51:04.270 [background-preinit] INFO  org.hibernate.validator.internal.util.Version - HV000001: Hibernate Validator 6.2.5.Final
2024-08-03 16:53:26.855 [main] INFO  o.a.d.s.b.c.event.WelcomeLogoApplicationListener -  [DUBBO] 

 :: Dubbo (v3.2.10) : https://github.com/apache/dubbo
 :: Discuss group : dev@dubbo.apache.org
, dubbo version: 3.2.10, current host: 192.168.124.8
2024-08-03 16:53:26.938 [background-preinit] INFO  org.hibernate.validator.internal.util.Version - HV000001: Hibernate Validator 6.2.5.Final
2024-08-03 16:59:59.686 [main] INFO  o.a.d.s.b.c.event.WelcomeLogoApplicationListener -  [DUBBO] 

 :: Dubbo (v3.2.10) : https://github.com/apache/dubbo
 :: Discuss group : dev@dubbo.apache.org
, dubbo version: 3.2.10, current host: 192.168.124.8
2024-08-03 16:59:59.779 [background-preinit] INFO  org.hibernate.validator.internal.util.Version - HV000001: Hibernate Validator 6.2.5.Final
2024-08-03 17:09:37.217 [main] INFO  o.a.d.s.b.c.event.WelcomeLogoApplicationListener -  [DUBBO] 

 :: Dubbo (v3.2.10) : https://github.com/apache/dubbo
 :: Discuss group : dev@dubbo.apache.org
, dubbo version: 3.2.10, current host: 192.168.124.8
2024-08-03 17:09:37.330 [background-preinit] INFO  org.hibernate.validator.internal.util.Version - HV000001: Hibernate Validator 6.2.5.Final
