2024-05-31 23:48:07.830 [background-preinit] INFO  org.hibernate.validator.internal.util.Version - HV000001: Hibernate Validator 6.2.5.Final
2024-05-31 23:48:07.839 [main] INFO  org.action.GateWayApplication - Starting GateWayApplication using Java 1.8.0_181 on localhost with PID 62211 (/Users/gaozhiwei/Downloads/kd-starter/kd-gateway/target/classes started by gaozhiwei in /Users/gaozhiwei/Downloads/kd-starter)
2024-05-31 23:48:07.840 [main] INFO  org.action.GateWayApplication - No active profile set, falling back to 1 default profile: "default"
2024-05-31 23:48:08.901 [main] INFO  o.s.d.r.config.RepositoryConfigurationDelegate - Multiple Spring Data modules found, entering strict repository configuration mode
2024-05-31 23:48:08.904 [main] INFO  o.s.d.r.config.RepositoryConfigurationDelegate - Bootstrapping Spring Data Redis repositories in DEFAULT mode.
2024-05-31 23:48:08.931 [main] INFO  o.s.d.r.config.RepositoryConfigurationDelegate - Finished Spring Data repository scanning in 9 ms. Found 0 Redis repository interfaces.
2024-05-31 23:48:09.115 [main] INFO  o.springframework.cloud.context.scope.GenericScope - BeanFactory id=bcd77e0b-5927-35ac-936a-8142f74e62c7
2024-05-31 23:48:11.489 [main] INFO  o.s.c.gateway.route.RouteDefinitionRouteLocator - Loaded RoutePredicateFactory [After]
2024-05-31 23:48:11.489 [main] INFO  o.s.c.gateway.route.RouteDefinitionRouteLocator - Loaded RoutePredicateFactory [Before]
2024-05-31 23:48:11.489 [main] INFO  o.s.c.gateway.route.RouteDefinitionRouteLocator - Loaded RoutePredicateFactory [Between]
2024-05-31 23:48:11.489 [main] INFO  o.s.c.gateway.route.RouteDefinitionRouteLocator - Loaded RoutePredicateFactory [Cookie]
2024-05-31 23:48:11.489 [main] INFO  o.s.c.gateway.route.RouteDefinitionRouteLocator - Loaded RoutePredicateFactory [Header]
2024-05-31 23:48:11.490 [main] INFO  o.s.c.gateway.route.RouteDefinitionRouteLocator - Loaded RoutePredicateFactory [Host]
2024-05-31 23:48:11.490 [main] INFO  o.s.c.gateway.route.RouteDefinitionRouteLocator - Loaded RoutePredicateFactory [Method]
2024-05-31 23:48:11.490 [main] INFO  o.s.c.gateway.route.RouteDefinitionRouteLocator - Loaded RoutePredicateFactory [Path]
2024-05-31 23:48:11.490 [main] INFO  o.s.c.gateway.route.RouteDefinitionRouteLocator - Loaded RoutePredicateFactory [Query]
2024-05-31 23:48:11.490 [main] INFO  o.s.c.gateway.route.RouteDefinitionRouteLocator - Loaded RoutePredicateFactory [ReadBody]
2024-05-31 23:48:11.490 [main] INFO  o.s.c.gateway.route.RouteDefinitionRouteLocator - Loaded RoutePredicateFactory [RemoteAddr]
2024-05-31 23:48:11.491 [main] INFO  o.s.c.gateway.route.RouteDefinitionRouteLocator - Loaded RoutePredicateFactory [XForwardedRemoteAddr]
2024-05-31 23:48:11.491 [main] INFO  o.s.c.gateway.route.RouteDefinitionRouteLocator - Loaded RoutePredicateFactory [Weight]
2024-05-31 23:48:11.491 [main] INFO  o.s.c.gateway.route.RouteDefinitionRouteLocator - Loaded RoutePredicateFactory [CloudFoundryRouteService]
2024-05-31 23:48:12.092 [main] INFO  o.s.boot.web.embedded.netty.NettyWebServer - Netty started on port 8094
2024-05-31 23:48:12.216 [main] INFO  org.action.GateWayApplication - Started GateWayApplication in 5.513 seconds (JVM running for 7.726)
2024-05-31 23:48:25.413 [reactor-http-nio-2] INFO  org.action.config.AuthFilter - 请求地址:http://127.0.0.1:8094/kd-server
